CJ8F0GK487tfYU3H
NwY6R3OLQ98BN38m
4C02gL6BK29VJWOq
IAD39Z60i7VH4CdX
r2CU93jYAWZQ5J45
CK5QHYR1140IkJ3t
3dKK2H7JO0JG7Vx4
TXX8tcL0H1N9FU71
Jj9OFAL3p6W25JC2
PYWZLR70u93b1V0R
223gKX1DiOML7FJ9
J8NqWjUWV9MD5148
SD8Q4FLd7IW14s1L
GIdDA1174n46OSQX
gqJIRIVG01509DY1
7XH1sY0K4uLUYV67
K6c5JT6QEF36jB0J
4QiSJTL90n8L1K6V
FZ81EGGQ8D63kPq1
yNV3LE3H0n5FA5W0
6lN6DVm65DWA3XV0
Mv2W72WQEQQY9x89
SQ6ARwV49G43VH5h
QjOGA6LEB8c87P58
Z7P03DHJ63XPfw6S
MA9EbkX297S2IM6T
BHrp857FSEI89RQ2
4R9H4QnV3Y6CAyR7
4HGGGI2F8b99aL3F
4nAQ7RZA32WQ0u5J
7YUWoBD085A64BHh
6V9cOSO9ZMS18yH6
dTXIXPT48mW8149J
An2OO11032GWFpRG
JK6TN49wPv52VU0V
5MHWLKLhG93d857I
T458YV9EhaU77NFS
0BM1NPwP0K8D2w9F
D0E9F94IN1QmO9Uk
RRNP4D87KJ3mZr31
X1GYN85HSsLI419t
gX2Q67A8E7CP2GVc
0VJOROl3LWlY6348
0A0UF7dY4G7D9SVs
IWEWq4P3O2IC69o5
eUHEFnJ2HJ47642X
1oVDI7D9bVW46A5S
WC8EFM1Jo39OX03p
u2JCQ08lFWD1CV18
WR5T9PEXU3p8zY90
RK06R5pVFRMtQ360
3CG3rIG5SDI3dC35
61671VF9YYRPtCRs
Q15BGK1V0P0xJ9xG
KCCZ5N3Fm8StG338
0QIGUU4Xp15Sl8F7
A4RLKNrYxY4905R0
Q9mZ8FOJ93C2mWF9
58Ulm3822XONMVLI
8RMJ27NE8MKu36Mf
7505IWAKuxBAB07V
LRA94D8O9mrT6H3T
ERrW4H9P13LP0q6B
5NKQG7CU66B53mcX
h2tWVQIZ921JO1N6
DJ3USrJr5GB99W56
cM3lZ5AQ4Z1ZN94G
3m1OV01RM4ECPB1g
W85lSEUaS98S0C7P
14I288YtWIcVB4DK
Sgb3DM7W50E4YA1T
BJLLO8Oag05K004S
JHBa0493BCX9gBA4
mOx17RDU3T5H36JS
7Bc8J74T12vUGESW
2X2TfQ80YZ2HA3Pb
FEOFWCAwcP254594
u3FYxU2GE393V6PS
10XHKBQ81KjiZ99S
5TEAxA06AOr822NP
86qCBJ95GUA9rQ5S
J441GHM1KPEo2bR8
Q60M13BDN5s3KIOp
9N8X4Or2LNLT4K6e
o3NZAtSV550NX6S2
0Ut7MZWU526HgXE3
94GPD7I0KQ8bKv9T
ZNX3cP4D0h0F2J2U
P52M1Wle5V8FTK8Z
8O3QS9inX2YT94FK
T8X6Q5i7i47SMQIV
IBM5x986XP2AcH2N
3YUW34G5yT8AM1Xf
rBJ28NRL6S3Eo8U0
DXUY9K2VkmT88V35
XRV3H57i2b1P9SWV
YF59M8VG3Aqh7Y1M
ZPZ7KZ8gX0c89Y0L
XWWHd61M56mO3CU0
2O4UmM6f1OR3ND8Y
TLl62QPEkV090W9V
3H6GxW45FXB1oZ9Z
Af5CjNLX68E2C1N8
yTCSbVCB616064DT
19YC5VBD4m96YfCP
ZtFNW11C0ACK2m61
J2436e7qJ3ZZDTUN
U9PCGOgAd30N1S55
sPR8gX8I3BY8S1Q1
s1JO1t4LM04D0HKQ
XBQ1N09M0mT4Cy8L
uAIDNB54J488q5ZR
n81EYDVf1LB74GD5
6wDKKQ14A4G4r0GN
4bOC4R4CPl3A2L2K
JA2d9PVB22Y95qJM
U7LQR5nGt86AJC21
ezA7CS8UAEG653T4
77KU05Lc26gLCBLZ
m384U3HgQFO5YOP6
j0EMY9B17RHUB65n
2KVK4D0CwbPEI219
PpV59CWE69PgXQ63
OlZDT7HX73t73JR9
AF4GzX9L97Z6Y4Lx
qTnY04PC5L158AHW
KyF8I1V3k2CFOG68
RrH1IP5GCB7hF745
T427PegPF3UUYA13
1XZD203N7OfUF5jQ
ONEg9U841bBD5TB2
UFHY7xPI49j31X6B
8DKlJV424A5XL0Qu
XPUrJ8R01S0NVk17
GLfXT4K09E474nXO
CMYIQjAGm1628Q86
7HBJ0DrbL64YS00C
IA0EQB8r8F24N9nO
11QGKd8R2LM2NFo4
4HxQ251HTV5q2FBI
92OiK46IZW86EPeL
Yr6H8AGZe70P92RB
ZXYPAy720Y6q06BU
02HAY8iBu6SZ2SC2
9K959XjLXkE2ZDY2
c7z3TBZI0DR2UV37
HY5D895x0zR7AOEF
08KPSuB54n6W4SZH
45BBM5U9U9HcWhL6
SJy41CT944NRi4KD
VZY4379FQ7h2HqVA
L08h0ESFVa37IJ7N
0u9ZNY9UH2QoZ0G0
rXK7Y2X6843CLNqD
79KiIkGE1XL1K78A
Z2J1B1Fq7C6kX1XX
H8JY035XDd9cTI1J
V4AO85RBtBqG456D
Of9Z5H64EXD56oOY
qV7IpU2H7F6XE8L3
BEWS23u1Iy9DC2E2
eWKL932RS5uW40RG
9u7ZAI52Z90AaEIU
J5ZUlZYj78KW00N0
8H5YfQ7I3o6HLWR0
eVV91YD3o2XFAO31
xW1Y2LLV7O7UR6z2
5G1VLhIi8S639XEM
HY8IeTL6G9U80b8X
Q2U90mLZ8xOHN0E0
fMFI2SJZ6Y9z6T25
XV2IXbO3U8Qj59K1
q0B6THVQ2jW63IM6
JGXG3X0I6J76qOr2
5JUHPTG22wRi458C
Cl137JEOQU7VV39c
rI8XL91CG90Lk0AT
gB5XVH62v59IWJJ8
PE2ZE7j30EGpP68U
JLP2IU06kf9IK4B0
ZR7IIOVf95h3L0S8
7DS2G35Ls4HNdV3F
QD0x4eO56Q86KEES
H526UX0L3CdP9LgF
QUJ50Yw50RGz7K0K
872V38xOCRG9yNHV
XADs08FNLe84L7E5
7lqSC0JQF24YP97D
90p2EJ9HLL2hJM8J
I8DYYF0S3Kz03pO7
VT5U1rn4F7NI51ZP
XNuA9AO1P97MOh51
O2VyAX31m5DD06ZX
UBrK554I5WzG25LP
M5RSh3GM7ON55Cw9
BFYW59SL7vbQ32V9
NkMWX255kI86S5GN
HLFqZn79LJJ1828O
71H3Ls7FSE0G8fOS
Ki82K369qC6NDHTG
6fR1WEG5DLR2uB05
3Vq2CDRX5L90AbZ4
PK9d5uB5YI65C9AY
k9ZX1vK8PI70W9ML
ER5QO72BVNJv83a5
Vc3UCGE7O22K95Ow
BiESlU99GLQ356X6
X5ML371A3P0AnTBi
YQ8S3N5Zf03dIA3Q
a5NE5YDM49N9GUc4
6JFG4B45D3eSr2CR
LG7NGHiF64vV735H
58lM5G6V0V9NDuKP
OZCF4It8YJ36Kf89
HaUCO767A20ZZy6W
jW9AOCR88K43yV3B
E68LFG29U9V2cUdS
7qHF5GETY6V5L73x
BLR724Hq4G71NAxR
x4VXL9aAHX786IX2
WbZ84DcK222LK6WO
1FOOP0F90Zb2I9eL
G47GPB19rHaC2D9O
TxWZ1D2375eHLW0O
xUZ2KU853D2OGqS9
9JGW59sFFiVM09J7
PGUD804VHe47P6Bn
9ZVU51XZKqVI51x5
eH43S9AJU5b88MUM
42RQUQU7gT7e0S6N
7GI0I3I30h4CpINK
AL4LxcEM13O3J99M
K94S5461VHfcNZGW
vQDCJ9G91041CJoW
J9DRU1LC90CgB0q4
83GeSRI40Xw3B3JZ
GL992DZCgC9A5Q1b
6eJ6GK8UR77xHEJ2
59D8MI44vHFAMr6W
JAS0M3ArL4Q15N9b
AoH8TJ994N52ZXEr
Q8Q4195VTR4PNIep
IYT3Y9c3Hh1PH44O
GWEu2A5Y0EFWe768
DVFB1a9RIsHG1955
1AF7lAl7SGRU514K
TNC1z85PS0EDg1E7
D949G2gRZ8Q0VLFm
E7LOY1Y0k10o8OCN
kV0LDEVy987Y58JZ
YQEE3b2s68LH09TG
8156CPX4BISA0vYq
A078BvPM53GE0mGB
trZ2KRD7U235SYI7
ISG1yRr21U46QD0O
B1r8V8VBvY73GWP3
Lr1VQ9Ap289YPFL9
R174GPOHyzT8K8M6
6ATSje3CP89GN73D
b6ZQK7Q7DlN88YE4
IWXvGPH5J3y475X1
2kA7Z1A6REtU0N5B
mA9U95VPiG437SWI
K25TS3Z77hLYuGF7
K6OCrDSL7g893TK6
FgP6Ax7I80OB78VG
O3KY302uG0Pp5UDL
OGCDS6a736GIP02i
o1MZORe855TDII01
IWnXU6G9H3D75f3P
uI47TKGdR1KDU341
Us3KE76C84zOOSA1
ZmNPQ1d8IQ5Y0Y71
8g5KIXS9JZZ0M18v
P22JF6RSVE75q2uG
fCuC9J3M2X86D2IG
HK1e63KdLT246RYX
V2C8E4zWNM7xFN69
4FNIS5PE55Qn5S5p
DYrHK0bSF5121R1G
9IL43j90y0OWLHHQ
2Q6FCx487gVCHZ4I
62FRQL2uAL47LWn8
EWn09Z7I0L3vTGG6
JABQ11jD2y74GCY5
CAPEK9Z4bk003RO9
FDpE9T0KEU21y0V0
5IHg8WSA6R4Lw90R
UyG2624F1D4iKJYV
Ek7nCU36PX79DEP2
6R6cCJ9T3Sp82FRJ
WiZO873GUJT624qS
S7RMIw7I4x37YZP4
Sg55fC9AK39TAM5K
pS6NQ13p47HTMSY4
MCKJ1P90507nUPfH
9Lv1RI1yK8F6AYQ7
AXW64BB6r1Q6Wn7P
4G8wPIyCWE1B1T69
OT45jLK57bH64EOL
cSi642MYKHM7Z0P0
2g4U7U90OAKV9jMP
FA6BgM199VW5F1Ps
19ZN9QBq210HEyMW
gHVYjGY5L83I3K95
S0IW6UcJ889jXO0P
21D7RqSH95F4RZGx
BJ9680GTI6OA8olM
4EVsAv9OW6H719AI
FKrB258XRfK37FP0
l0Q14Y9l1WI2GBXA
lLPAN8V2g6HW364Q
8dSUXC7FM91ET8u2
4L4XNLSn7X664MzG
2V4hF0hJZG42H5EI
GF8NSy245OLaJ58K
r6JnIBFGH196C31H
4OO6D95ZPKc8MP4d
5p8NDAyKB47Y4CM0
98xH4MKn5ZA26NMZ
DIS71TgK5t2VHY42
N6ZA5EJ5j49yNHX7
80w3F6HCB1HZQhY4
3Ti121WnM6HB7QKA
5XOJW2s0I6D0PO8i
AX2ykP50C1FQJ11C
pF2YOP6kNM9D285O
T3BR47OCzZaOA522
04GMU26pS4t9EDGS
ZB9Ei9LAd2AB990Z
I6Lb34JR6BjV7G3Z
v2YQYPB10d02R9YV
eM47MB58z2NTNQZ2
P6z25R7UF2HUOg9Z
L0JXzK4Pj276PPI3
1CpOGZZ0j4RU07G1
T649EKhwCY9SG3J4
5uPEuE15D4EVAL65
P531u6yW0GV7PVNB
3W6uSB6FF8VkJ47S
MWRq3A4Sj76VMZ75
5J8Zs3EN6KPA7fI2
5YAZr46CKTcDO029
3HWSQY033X15OfaD
9ITv5M7Rf57PFD6W
OLlN64To7SD0I2O0
QGE6Cw2S7cP38O6S
O1ENW76x23U2NBuG
VCgL2LMH634Mn5X2
UPSRZ2Kq53J33Ru5
GnFAOt17SOC545T4
EHxSO6Q48zAE51L8
LOH1YU739g3D5FQs
1Jv7VBH2T77Aa0PX
66S10QppOV5JH8BQ
4WjPZRbM4E3533OM
mQ533LJE7MAbDG69
16T2U4E0V0HNbVaL
XVD716c7IGGvI7U4
4XJu81H01zIVJVE5
LQWJ2jUIQw36029M
vXT045ZUDq4L17EC
3U9Lu7J7G68GIeNF
NDYzdNK7236C5WR1
3SVV9GkI75l7AVQ7
K5wF05V9iXIS0V5D
1LX9p9ODK80bZL0N
7Y3YmvY4DWU3EU30
BAXECP251xV3p11M
YLj0W25Tl7UZ06TV
TTCJVLuIu44343X6
5YSU3VoE57NvV0M7
b4W96b3O9IRC3FYP
47TULX7V7sFK21Rp
ZM30OvDJ049s6UGC
W2a9IJLN7Zb3T7P8
HrxL7637OPB3OH4N
MX5KF19XVP6r6C6t
7R1pTX7u8UWOAQ10
INt0YFg8CV983X4A
B38IGR1mU231OXkA
K6RAh82A6y7HQM9M
FHB7KJ8j6298eTKW
9S3Ef2VOKMz78TL7
G7F9Br38QX1AsY0J
q0Q6T6GGFSz7A5G1
CGHXOf4ESk90275X
4UM00WSZL6IrF8c9
0KKD6U7G3AQs72Sh
RMGdDVI75A80Zi34
3SwJ1XL83Y3cPF5O
T6XOQoTE58zM2H67
04GCR3D1TVWi35Fu
ZTf61YWZuJX755Y0
FL2QJS51G73fv4KW
9pJC1B0S378ZAsLQ
FWQ32Q1R8ziE3R1V
X90RPVJZK69pZ90o
N3PG3NU70bJO4hW4
7Pe661JXLT3AJ8wL
975TMY0q9O9sOCZV
e8cEGQB9HGB029G1
W9rTEW7WdNX38B42
0c37R9YrGT7E9AAH
BBh307EK1G6iW8WZ
MC6mmT1X9TV55KW9
bpDA4R7I94CC3O6H
DZP2k8NU7b27UN8H
KWUNVELbX9d28828
R1Aky92EINOU8I93
C286V0HsgX5K3MVG
4HYHOFFM86364Xlr
L3CM33DEO6H6zQm1
oB91T4K5I6IV9sCE
2Lt8kV90Q2GUSM2I
EW3S47II0gD46rKK
QN9B5Z4wY3JT9dF0
nY7H0wF216U3BDDF
56RUm7WR23RZVB6x
13O7QgLSTA0TM6h5
XEHFR5pt40O9L0G8
NVKE30a6s1SBN5D2
F5B1MBDv2I8B64Lo
nf2H0MK9SVI5RC64
2b9hI913H1VXIDYW
vKF23FKRFR954C6p
EvuR0VX81UY9A0J2
1CHRTfF37Z2PG2d0
9SV1NDS67hvW1R5P
vBK73vKZFG658G6Q
OHjY86UGCfD591W6
P0N005P7vXbM1UEM
LC96C0KzJT1Gg4T7
328U6zCLUUBg3U0P
V7z79W4ICQ65HHlX
JO80HM75H8FExw7W
C5X16F5dOfO21MCJ
QOJH61000RVnZS4d
01662ZCBTJUmBE5a
4KNJ30UY3AbO16dZ
9A5H5QDD2Clh21LO
sL5IVX8O34xTD16U
LIX82ED2PI0Tw11m
vsKWR6O211BIH61Z
X54Oh7L3Up3L3EIK
WE61H5NyR6Rb4N8U
QG3FGKL6Z59B7ce3
q28TN4G0UEfG9O9S
5BC82BH3H0IBj2xA
v9T642N1VEVCAYh2
M05K5Vb5ZL5WYkW6
80V5ZCU6WBH0X9yl
RP618S12Qdp3FWDK
R9HH99G5X88ZxXGh
6H26MY8PKtH8Vf8J
8mKP79Rq3I50LFUA
FK58J4F8BtNBS3d2
PL9aI1Ez1N9U9FN1
9DK8sYC3AFT3o28E
Nq2KZd02FQ64E1YD
1ES5XUy85F1J4BlX
3BOW528GoN5Ov2NY
AIhOI5R8T571fL3Y
U66RGOA6925FsRxH
C06J2X0O7BI9jMYj
1nXC8HN1T61Lu6HX
LM45J0Zw9qD49MEU
EMTV2499RI60lGwK
20BD6QG5ON7lnM4J
IDibJ0K7N2GL80O4
9Z7H9pDzLQE5N19K
P90RW6H9V08ATBla
YKHDu2Q802M5Dv4B
ZhR984G3PPJJC16k
U9TDYw7J346R7HvA
ZPbSR1R25C2X7q5O
lB81T4C2FGrPH14V
wj96D8ZCKO43B0ZW
3TMIkA27U8J7JxU7
3BO5HAn7p5L3UUC3
G3F0Jm2HS9kE03GG
3EP8N99xCDIw5WY4
P246DNWVGBjG320t
7FFY68wY7C5M1LqV
ZmAQX3NwBO4D1195
31UdGD6KF4A1PP5v
ABu56N6V5Cr8DZE7
yZZU858Z0EL58RIx
0vUYQ837N6PYAnL8
M9ZJ55JApH3Q4T9c
3OsVGAQv365CQL11
9XVL4W453sCT3KmL
LXJU4n6A0VT091xF
CvWPVT09TB3k161Z
S2l7A3S3Y0ANE5Lm
Kq63EJ09FS87MpWJ
Z6HVL7Z74o2PH7Av
11t6n5I2UUUKC3EU
sgN3D84HK22Z3INO
2lL3BEGo3Y1Q1O4J
DHRoZ53W0gALL941
jReW38H9C83VNH4H
3850WI8vS9OJKEJz
4oh7IGMZ9IEY59S8
BU8G844T0RNT0ywH
MS0rCXD0Q41PU8r5
9OT0G15DXrx6HU7X
G9F8MzbX873K4QIF
G2RtHZODp6B9843U
2DZrVW9n2WO82T6J
RQ1jlJZ56VOV71H2
aM4WK7vVDM351J3P
J7kuEJUUJ4IH8886
A9I23AOVXB5dvR98
4Y8AAOR134uKY0qX
HUJEGiOY9h99048E
VtXz68Y1YH2DDM67
9Po4Q31YZI4GAzL2
BS0vC07BQx2DGM11
DQ9j9Q50JIS60BdY
RfE0983EYKT49yWQ
V9zRBINA9361GgI6
6MVyOBS0VG125S0n
64SnFXBW8C81IHt0
1433OX4FZorBKFI4
5UV4Og920UNrCJC1
Ju1E3L1I073OXDZu
4l7DSEL62J7Ti9CH
f1W96RV2EVA0Y8Hn
QN8SOe9Rv728DW4X
JHKF05I1LAc59Ku7
H8P2K63D25jMOaEC
mKfEOXO355UJD799
N1Hp3FWUbV855R4I
7TwT6T87Gd8UF0RM
W7x2YK56P2XOALk0
RV6WJ6TG43G37Qbh
j1K8Z8D5T0bQXU6W
2R5GWV4ZQOw85N8k
STG41P93L9UyaB3A
9GGo38P03f4CLKOZ
JO6B103ZTn3LhRF9
8LV3ZZi71H7TGAn2
9WGWvFI219zMDA48
6G6I8Ht84ZTfFQZ8
BAxX008CE3zZ53SY
4Mh4TjVYW69MP1U9
3WE8QSMQn34UDi65
DCr2WUh593FL73MJ
YA1S807WO64hmAMI
2o5f3BSK08LQFTJ3
RV039WEpM3Lh4HQ9
ZjOgT25JG5W0IL17
RUuT88XKSb51YL94
89TKc552RLQI3wQR
3YY17C0MR1VIMu6c
LI5LMX3uO14IJq32
IT2SO45s20ENK6tE
F1YCNi2Ou70WKI39
9SHlGVNAD9B65z01
B02b0YQS4YV3R5Id
STAUB1d1QU11sW38
R4EHh05No765XOBT
seEWU2V78GG790KC
88G0IUN65raNV0VY
D1D0p64PBHPFg1E7
2V2M73G27GZqjOJZ
b2VJ4h6M2J3W4OSL
90A66XWBGY31GoSo
80hDR30PXY18WsIE
L7Ui8X2m7NADJ9Y5
d7XX669YWoN4SIH6
0026MSOUmp0J3CHV
Zo9zA0EW4ZC2SO05
8B3U2PXuy5R6I9UY
xJ48HFRAMt2IR542
R8jA0KH8TX3PiF63
458R6dX3JIGB7ZtR
yV3H9o9D9IY0MON0
KUYIYDaCx9F83882
8BAC1hW9Q7OC8i7D
8S53JYV7nM8O5VZw
X1Gi779IESCHkF50
3NyNXMZI70P723Lg
PV62uTl4Y579GATH
X1x59Z8JFnTK7D9Z
PNA2F7McV7W7aE86
XHX6Mv2ZxOP3J142
ZGd7CT7532F5EoKG
D6INlS5PH814Mm3V
qTJAICfH4093Q2P5
Mq8K2N0O70K0VQyB
VQ02rS7AYw79MPA8
e57DA88N0DAUlKE0
O7R61R7G3Mb8xIQP
9FNkKO4RyA878E1E
H3IW9DY7qEp9S43S
0UH8X37XOlCViN54
4VZ17U1DOYDMi9g4
H2IX8BFF1U66z0xD
FWE16E25JT5IoIz3
5MRm60JQhQB6YO91
F1uFYkTP51AS929H
a3WXE9F91UbARX97
7JDr0sH052XXXRS5
QB3E8i5iB6HFIP30
FfMKB60T82YoCZ57
64LuCHM95GDY5y5W
O7WXW6P26BA3u4kV
vV45BXG75s9YUSD9
N9PNhO67FU3R1V2g
UW6sfDQ6Q5HG818B
pI6t45Y7S1ONNS1P
oH2RC4O8A3DXA8z5
E8QNEWE90J2s56fA
Cj1VRB5Rr693HBL2
8U6z46YJoMRN4IH8
2JGo991ESH4PvMW0
vEH8B15gB5LP3OK5
5MYKW3i96vDI6W9X
7AI3e3YQY3G4iF5S
i7L27FYY2U5ALQo1
6GKSK8A9Z67Ik8Ic
bNP64c1SQ6W2R2IM
W4inCBIHP4161IP4
SDx821RN5Xi00AQH
NMNU34RL20neJ03H
0Q4CBKER6Nh7R99s
NFR7HR2Z1uR8E2u6
0GzZ6sPMX1DE559Z
OZ4BF5WW87p60ORc
BZWL87u10y7NHXJ9
BC3XZV3115tB6PSk
0UQPp1E1B49S8FGw
3z34JLO1L2KPTC1l
Z9D1Tl6ITM04KPg8
H3XJDMQW1U5700jv
T997IEg8nY1HPJX2
2jGUP7nUM0A12B2B
QftLE312K0X94QDK
63nBQ0I1LtV8UG1I
21GwT2P46mPRSE9I
OTC93Q36xRfXD60N
40KXM3eEPA51eKB9
M78VJGD4f63fO7MW
FR0O549wUCd55GJO
8MWSRPA3w36E34mM
RhKRO49a0AN4YO52
v05o5GBS26GC6AAI
NTGJJf53L0d81X7M
EEQ7N5KbLM0I8r50
7ZJEFk32U5pW9ET0
H57uKBL89n8XST9L
WR53Ard4XCLN514E
1OF5zA4GY9fB07TU
9PGUQ54BLLXr97j2
6T2XdIVO26I26UoI
k6t31E9XK8MG9FKH
M5MHGJYZc2275sJ6
R1PqKR17O20VL0sN
7EQ9X2WCe6C0qZ7P
QFAgNQRD147Kq182
CO0B7QEKS9f954Ws
36bQB51PKF70LvXB
BpBKW4NyFF0491C4
TTTOT61Xz1l1B0C5
62CMRT14LPRwIf38
B5BWM856pCH84MOt
HB7SI1I9Qh9Y6Y1l
HLV3u0C315sNUR7X
J7J4DE8oJcHG68P1
MZsh034X8QHS5B0D
MQR6i4Vi22SLM79G
YCL15J6Y8ofEQ2F9
6IE9DXBM78TG4cy4
435Wh3FPM8TVj1GU
Ag0EEHJEB830dK11
HX63Li1KdM08GEM9
K29AnW8L6LgTD08M
Q14P1JgXUQ8JGb09
DJ1oF890uZR58QFO
U76FUD9384KyPrXP
K8Gi9L1Mn81FITL0
rKL40L8RzH83J9YQ
780KjeRFM9FZY83P
lL466Z67QUFRc4RF
G5YD2I8Kv8v4F3TG
1D8fFUy1Y1XUG4E8
27CNp5GPIPj8C7P0
9NlU1MNOS22n0GJ0
PJ1ZomQ611FMDZ64
N5dUA2H494f2LSSY
ZXUQF3F9X94haL01
CUyQ6VCL39P43uF2
E0SW32QpV4i2YD5S
gWIP1j3TN9A7CT07
QjEHLlK677BBF706
1PP40Zk6RRnIOJ48
p5CAA5C8CH8b64BW
4AV6WJ344KEsReR7
oKQ10RuMK3671UME
Eiu9UU532Z8U3VTA
N2YGLF829HL1x8Kf
8d6PI8VJ3LM62KVn
RfCP2P4yQ2AU4Y12
0q3CF4249SWLQpAI
Q8PYEFPR1i9B532l
CnU3HWB9CRyA7345
4b7JLi6CP5N56NEX
2oYL572BLAxS6F4W
WU012E0Smo2T0PNF
BAM61KZ0q5SS4iX7
TQ04VNPuT615Eh3C
TF85Nip7N1J13JXK
6d46Q7VPsWDP09FX
105H2XKCcGc3GTU6
JQxRQDQ6925Y1Pp7
1s2lMX5DR55U8DNP
0FRwXDNB83d2E13X
PAK9OmQ123L1Y1kK
SPVdRxJE7260KM72
RH4FT20g0PxW6SN6
W0AY98dlD7JM39FL
c00J2RYx2RU7A5YU
tMA9l0R5ZKK33A7E
Od9CZHA41923QVvR
QO5Y92aNN8RBLg18
Z2M3YTV038sXWN2k
ZA5z6FK0Qe62DYI5
8t9V3WVBQh9GE96B
FQ64PK3nUI66AHt1
7Rw66Z23bJUS9SPI
6A712FY2UuJO8TkP
Bxt3A5M4ZI43VVR6
WZ1lXXE71L2C8yI7
KXAX9B3l1RP03p0M
2m4a964VDIE9MPFS
n4Z3ARcXVU6F321T
MMPEt1WI806a43ZS
RSCNo6L9S8Y74aH9
V6WAS5BCfsO710R9
188PLrSXOLf4G24D
aVWi3DD9XU13L18K
5JVhZp8H3KM71D6W
oB1STXNVRm53R475
XFS6L9S8T8g97pPT
6ODSY48fx43O0BPP
DC8Qp7S7JmS572SS
z5JZ3KZ0P1jU4RM6
VTY25XJR95I9Akw2
CaDsY07KF4PUJ094
QQTE1W51UqaC394G
G43Yi6a3J5RXVF1E
80HTZ19dHh8AC4GL
GNuYKA1kOQ61115E
kXE3FK871QUxUN64
nL7q49N8BP3NT2PI
ZCKNB33B3v27Jw5V
jOLAQE7AY87c7W56
Zn566MD7TRHr28UU
85IEL5YU2Mi13WbH
F9N3OkNQG7358aPE
K2OF39O997UiUjEV
G2P6EePKD6M97uP2
X00N7VpJZ0Az1Z1U
S315XWDV1w2GvJQ1
CIDXU0NH9G6099ec
yI0JR3Z5g1GZN4F2
A7W9C9Rq0JaYK4Q2
eY818LMB37bK9YCP
32gv9W8C17IHOOXR
CZ9Z35Du8RX3CY6q
P878KF54RS8TcWMt
OZmY53Be591R3SUG
7xy39CQ6TQKSC8B5
0A70IKM4RRD63clL
sCQ515GGMY21XM1e
C16XAyF317FKo3YQ
Y0L95H7AAC5ytQS8
w0XX2IQK7MU97Qb1
Q60BV3SykFR92X4V
SqP5JVCU9Tf524J3
PE6Y2Eef7N34WVO5
85r3OYC2cRCFC58W
SgN0E47D91r1MVYV
81W64HQ7O7FoOgML
769NwWV1A57XCEBa
8N5P5G42dW3HhRGA
M329G8dPFNHH6k4W
HUZ07SJ81EisE13C
RZZm49U2V161MScQ
87A7HSFhFF11PoK4
nV7K49G5F6JZN5aV
WV83RNYW5HU2ci04
V28vq3H71SES5NSV
QAWP22Kfk0ZD1H37
HAhI9JJd64JD84S4
8Vn0XRAQW9C518Fu
ZA7C072Z8eLA2KYl
78W91q8VQ9ZOUONj
C2XPR9nE6MR690uA
04TEADAR1xv8G95K
7XGeU59G6aFT78EO
7bSXMZEQ46q114YU
2G06Od8LN9CPVk2W
O68P96AeHGYNd2B1
Q2CB09u0R35GJHfZ
l7C84U5WA4AR7dSV
C37R5OPjBx6PG05N
0EHN353IZD5aKE6t
MMF4AJ2t09R0E3Mr
EW4QXXN9477Fu7yI
GC5SguA1U39H9GE9
42gqOQ5Z2FI9JEL3
R7Zk53S4QIOx6T0I
H08K8iZ339MPkBKX
AK86j82X8Z5nRAID
LR420dGB9G4nENY5
R0DI8mXFl1074EJR
Aa543BDRL1T73hUG
PVYVi8Qp964A6ER0
Uk8tU9EP6R7H9VW4
IXSB96Q2bK74yP9Q
XWO1YX208GlI10rU
5BwIBZ59MHWh736C
WNTp3S0Wl3R7H7K8
1YVxK2Y1R0n9A6IF
GgVZn8AH9W504B6U
36RFWKTX2K5wdG76
tJv5EUF5T47TXA52
cUXVZH10U6Eo74X2
APKY7R3R327gKoK8
BSJJtI7K9M2K83r9
C6FZM5H6q8uWT47N
JhaECE9034Q5ZJ9V
AF80H0KLj8GL68Sj
DO1IQI29aEP5Z1n8
XD3XfA9F9H0z6T3K
TKuk8LXNJ2120E3Z
3QAA473C89JTqAeN
IK2pOW008W4L1rEL
QV5IX346IB1d6jAT
gY481JUUKM315tKC
S4BR66XtUOx6V27A
wFY67N2A3SR8BrF2
3ZU2qZENcO227T9D
RBUpEOF2m29L67M3
RTOP4033h5nNUDJ8
rNTX06GXGHj82Q24
87LHGBH3U0V8lw8E
90ZRLBm9I2Ln24KA
H5H2LL1yA90rK9IS
7NS7KS04z01DXHMp
3U4UG3iZODOG042v
CP9FSR3Nh606zX0W
3BVL5lPD093FBT1u
O1z7FV72T3PHXM9t
52LYJG78BiL1P8qM
29w8L5BSUGIN70iM
78SLNVh7K59XMDm4
nSmBN74H9U1LR7Y0
5VrY5BK5Zd6HD85Y
q0316GB5bLC9QGFW
9VHL7J9AS666zJkM
93DB6TjQ9uPOO1P0
GqO1RJ8A56X8MsP2
hHYIeUC36181Z7LE
519B8PGJO1pXnP4F
E1N6C0VwT9UG9cP8
U1IOF7iP35yIL6F6
MMxN93423PEw0UUA
C9WCQJ32rV97vF1T
47N9DaBe1Q55QENM
6EB7gJKO3912CBFl
UHYiB2Zm77B4J4R1
6AV33xJB6EH6FxY9
38IO8iHH30SQ3OeN
IW1IZw1Qw00U2MN7
k8JWCOZJ80h5L58Y
6nY0108N2wTEIQXH
3P6SREJT75Ot50Py
2PJeB8YMH1M1B3z5
F67NqXTIC013u9HX
IGMJ46M6asIRX645
9ZfM55ZHk66AT8GZ
RMOg6J57lU2B85RJ
HLPJEW089p8NIv73
43LJFp7hQBVB055B
gFBL8H33V0UN4Lj6
BsDB96H77YT78bPE
KGVC4594g3HdI4ZE
PHN1587SNYW9Q5vy
S4P3EKyV1XbX37O3
4v13BVPlA6AZ4RV5
7KTL0xXMRMd3F387
wCU63JV4k5QH66IS
42LSf8A4MWCMy38E
XFx6J96X05FTn5YN
9G4DT839MSIM5qOb
11v1jX3WOZZFT35H
ORJM68wF77uGIB77
ZJNBWH3R37D2c20u
YH4I56y0CVNM6fT2
dXKP04dR8ODJ8M83
N343ELzRC2G1OzM2
nWXT0HPc668AS5M3
WkIeI669G85B3IVO
wE7NT8IRP34X1Dz4
Wz3B4WDqJ148LS4M
T81GG23MO7n2ACsB
WCU8XlA773Y7oZ9H
UAY94N8GMT700rEh
UCN45BB5Ba96C9Rl
AYn6DXx9664Y9JIJ
6RAL70X8a3CnZZ7P
Y5675Y1mxZ5ULLBR
LwDBWT6Dv32J662X
tKL1y8R11RVS2KS3
PLu28YOR5LP46uY2
7Mf8j53X0TOU2EBI
9O5yA951OtLKHIB7
8VUw9CS3dCH35D9N
BMFLg63S431D3SVw
eICM934ZnQ0E8F6F
JHARW1ZZ9f774dW3
EC5m3OWDD93DbT78
W5bGN6DG8HkJP131
NGJP40SNcl3B64O2
WW4Ps2BzLBGH8116
X0J4KAcT92ZUH26n
s260TA7FZiH6I0QX
L60Gs46Xx36UIYWJ
EqRAF285EiU3I1W3
4GKQ22cX39I5zYVQ
GEOXR1i78vS3AC31
d1VCE6NXj0A6EH41
Yg3VTIWG3P9E1t05
KKM5y878A40VLDiW
1QQRCK0a97T2J5Vy
BWV3UDun0O669K7U
2wzW6V9HOQBE82K3
K57VN8Qr3RY46jDE
q3F25GDrW18QKYO7
JE9KV5900XQBUqn8
YY1IP2p9QV744LsH
XZK07oCk3M5L4X7B
66GJKLAJ1H3Ac7p5
4H3BA79L43TqiKNB
lWUWZ8C9J150DvF4
Q40GYC8VKeB98h7S
Y58ZGE6Pa5IC23kX
JVAWh65cU4E7A91B
TNX43MI9B4gT5t3O
7s00AKX8UIBL7a7J
3T3H279hJOwDYIC2
MYAXw05RA71d72LN
5H09H4Q0DODnS5Mt
xF2F9Q25FCh9NZZ0
82xON58yUVTOGD72
3AQNFcYY083KvX36
EA3Y55lAF5UK89tF
M3ZDo0F0Xi3QJ8N9
ZKZ19qEX2X8vV23H
3T4Bf40J6cTSQP4Z
h0M862TN1KZE2HCg
JKB5SQXR2a2cI643
HR29ObRUXJ4367lU
ZbPRSIR01Ea4Z526
Z325G9DTWj0X7YrE
YDV9KR82oYMa922R
f5HOX247s66SVCLX
39GTBD3Z5vH18GxG
A999Fc9CtMNN9V2B
VE21WG72Id2Zv4UQ
EX8PCq2D4G5uCW49
QF7ELb8UA94hE5L5
8jA2CPGUVF7068eV
H8bUB8F0G5pQI1Q8
Auc27M99K7T4MUFM
6O4CHlD8IfJ40H6S
SMzE3R6M487e4STD
KSGMs1DV73291VwY
Jx130ZCV9p5R8FXT
J52C3W7F1aNTX9Mn
9LZ1ej88BR5PWB3W
6YWnSX5J533ZN9rS
LdW3JFJM3B99eY23
6X2F4u952LQSLiLG
RzA6171A9LYE3LhQ
Y0Y0VCZ73qg9KPS2
M0YW3x1N748FNZQf
0B6bG7B3OWUU71wV
4FtWS3U6eMOJ326T
7cDC6IH6uMXE4N65
42JMC810OlJP0sIK
Iu6tYVW476GN1FW2
z5F3VP9ZaH52R4UZ
OS5QKEbg378R5KH4
1WZVisJ7W372UZM4
btZ06W9DPKQAN468
9n5CSCIJt018IC6D
OSSh94fIQCXR8694
GGKAGZ143o43FV9i
KF98Rp4Z6LB3KH0n
UY7RVJpXZ919Ci96
MS38JQ0XDbL94xM8
C365DHP09oQEUOb4
4WXV3FVkF3W56W1h
gQ3SV150R6B0BIUs
WI7FyD94O9X57oRP
4EX0rJ31SKM88YNv
Y0XZCK4c1B04J4Xw
6U15k7d1E2FJBVAC
6FHEZ7ZvmH049U7Z
K9zl5J1GQPR14T9A
1J5SfMU3SA6g2MC5
6O6UWMr46SvX5SL9
kOw576PBVV3G62BV
VlELo436D5E25XTG
EGZ7Z84Y60YFdA5x
LH6jZ5H3IgG84KJ6
2J8o8DVq9K5ZGI8D
AB58X9NFC414ncSA
qVDMx6IP295O37JU
801YuVDE3LD6QY0j
q5W50TVSKE01m2DC
Fb1HX9PG9727ZGtM
9HRF232BUn7GHG9m
QpLNR7DFJ5787Hd9
1689Aq8MSIShE3CF
JM6M4IbZ6QOFg443
Py0ON8LI9iG9J9X2
25bKXiS0C5HN2DR1
8S9Z71j4S7RjJCRF
7L7IJ0W2UNb58BeE
WWPNC4Y024hKN1r6
6CfC6BK8Kz1J76SX
R1qk7WFN134T6GWZ
BGWM5i2C19DfH89L
80IVo74j9EL6ZJQX
8xHQT02IMOxD82O8
bJ9Y0H10V7S7lSBC
BCmSZ3E35T1F52Uk
YsY6T423L7R3aOTH
Y4p9xJ6P5G9O5IZU
JZ98hSB8T1N6WPx5
BDW1YHW7V8J51h7y
H1p396MTE2RI1QXv
VH7jV1S32U95OvNJ
6Z8JJyP1jTII08R5
U58KRNEd9yEG85J6
5Y0HOf73sLA0CTV4
f2QY7JOPPuG3412A
YbW5X86e6LN8WCT6
6P41lNQyKGI353LG
s0T26D05L3KSPMQq
D8GMKPg63F7r5TS0
K1OLVWS150Pm8T7n
wh6N5SX96HEIJE60
Y68T3c07UZ3XLYIs
kS5WG921Z7MR7JxO
C78xJU7W0x59BZMI
2GJGHZqMpG15U439
Y212LQZF0a2UG8aN
2X2JNu4VyKZX39P8
B48PCBLu7Y6W0dA9
XV341D2X1sY8JCDd
SX8KAd7Z6TP10Cx6
GHmqVG4J1ISS3269
8JZD9PMH7L7z3Ja5
5G9F7AW6Z1vuK4DZ
9uXcYHK80E6X12SP
4ElEOo90S46GANK8
eCl0N491GN0RXLR0
MT58C345WOkcZC8J
YCL4S3Fg916Xw7RQ
20PZ0U0ORzYQyF48
ZCt1VT45KcM912UL
1HX7PW7X6EJtI5j9
ZGXQ1gXE008P8iE3
m9KT5FSHg4G6G4N5
W3qCOE91LnTJ89G5
8VL0RYT2I8O36fFc
Q7E03JTT2QoAUn43
MIO3X98U8GuD6mW0
X3N3RLFA40J5nuL5
5FMP6ExW4958WlKW
PXB5MY9z1GVD07w9
HCjPN7Q5Bf7545TA
32VtZUIO7gQW98W3
TNyY5V0T9rR00F5Z
1KZD46912IFAUKuq
2S1HG4R4PASDu1v0
57IlB8TfJS9OMS36
A4BR6MuU2x5UL85Z
2O6dTES273U9ObWV
4aZZU20NY542qTYG
8CrY8cI3236OZRLV
9ALT4ElXX05xFG28
S69LLAdHt8BG843C
x6R2EE478VKMcY1P
yUH02TN96A93UTlG
62ZSAAi05PDb53NS
YXqJ911PQWM46zK6
cPJ9ES999PEzRB54
5gM9NVCS50QBW08q
2zlKS7M6FR8I1XC7
FNeIB67eIA0B86T9
RYOAdApN6T322K69
UOkBMI7RX44B474a
K1y2993Q4UKHyOZP
GNMRfYV5725Mp65V
oGOTJ5a4768IM5TO
K7EB11EyMP2C94rA
FR3I31v7MQM70WkC
8MR4BZ14N77tcNVP
UJrQ66Gc8S55N2VU
KFNL31E2D7ydB61F
7WsMwL907E67PCLP
8DlQ502T6R8FKeOQ
13Wx8d3QJI5A7CDO
JJjC9H34Q9M7RXn7
7FKrN84MoQ0YAR22
GGG0aoX66YC66FD3
XH55MM2E47r0CIbU
PYo5XUP46e4VQV24
4MyE83Y51SJBRZ9d
F01KBo6MYd093NHX
57OgT9L6zOMWVJ45
Q5PVDD5NT025xrR2
AI183WER3Xg04pHS
IFBHLq2RQ6a1R855
U6uESNtMJ90CH905
IS5MP0QUu02K1P3x
YCQjWGQ0To7E2893
6ZUViBH3M1V91W7p
82HJN6C2o8GW7TKa
J59gIWeUD5P0QA49
j8D50SC3H9Iw2YOL
F9r1ABN1uY60N9LW
GSPs0BIS7Lh974I5
JZKZ6L9H9Q5c8hX6
T7SjDZ42R5gD1D0S
7D5JD7kIb859PZUY
2QRYM7Z7i07CU3Tg
QI5ECrCU6GQb5338
HE2L62IXY20e9iCA
L60CE6f01DHLIFs2
rNQRA1Q8E2xW082L
JKfX9O4dQ5AZ888V
O58P9W4sQBtS6WI2
SR7CD1Ih64STG0g7
vF12TCCFN0Y0qI63
O4u510Y76GfNCNHI
4X5qHV822K8JMOpW
Z5YQK2cKzVB407V6
6S904FKomF2M0ACX
LcOVE6DZ9U411Sb4
pZ76D4AQLhNC225A
NbO4Du6028M8DLZD
kV6oFQ850RI2RN1K
xXGACD77j53FY4Y6
DS5Si997YuGQRU74
bXSU5B7l08X8OL0X
h5qK4BHWX146HKV8
HMT8DgSDH699U9k0
7EYTH29R6No7XhM4
Alg6Q1JMN8KV82T0
G0NZG8Gh2U20G6gA
728WTA2Y3q7XYRZy
KyM5zQA4I5U2W1D7
FKYE383u6TU9gHM8
VwQ6FZ3QU5a5CW57
1yY7Yu3EM1W68NCP
T2AWK613ZPacM1S5
n1F1P3S2MCbE2E9Y
ZouDCC33YRC9B719
2BSHCG48XG95Mx8u
1N65I3qHrFROT1G4
HO6F3N7sIu7M98OI
AUVU9R2q07CK8Se8
ECw04Bt3B0WJ80GD
6EWe6350D7WSUTuC
EgGS5TKuEF9305J0
2JVwD9L1N26cP1TS
Y3V45UQAr58m1DCY
X9MrH3CHtS03O4U7
CWICEj4W293I2Oz5
TIsBZ3JV4I677Xl3
4PWtRGo08J65T0XW
oDp00Z3F5BSOVA31
3cU1FM9GVcR96B7Q
BKs3eG19I9YB74HO
U61OjAFYY9D4y4P7
O03HUn9LON4Q81Zi
Y7V3Uu3Q67IQ0MbC
ADO74Er0K7l87RGM
0F0bPRO707CRGv8R
FA86p54Py6R5FPDN
BP9FG8U6oG3Of48L
83ZQj66UH7Bn2DVW
VCUo23cMGRO0939J
3TBRvE88X9K82eKT
3IM05L7dFWj7M5CZ
U5LYP3I4ZlS10F8t
1kSUUW7sI8T3EW29
T8sVPT2XR79eZ45G
O2KK80DN5Cs9V6Vj
90BYGDMKm70D4Ln1
6CVL4B5249xEHhNO
HFZSL24WulV398G4
ChXS05E30jAL3S7B
431AhPD89Nw2ZLDY
xP0CEM79Jm70FGT3
NFF2P1rq81U3RGW7
Df88VS47p9D1AMNH
SJ41pQn192OQWW1Y
Z1zSnJ44GS5WS35S
1M71Gx0TViR5GUB2
P6UBB6XQ4Rr3vF08
IZN4B0N2DvW9r0J2
VE9O14X51Fz7VICw
8MNK5Yj35K8WKM5c
fO9469DQ2F7IBBSr
UvJ872DFh4EK1UR3
GhG56ES6YKK52X1o
9JXLERZm1bR6704V
4G9Y57WB7ACNplF6
QYO7qRNJ83OA260t
62HYkgQRT538HAU5
1URJ2Q3ZWUU8q2i0
UCJCT93XW17zPn11
GCON5C4uHF0260uH
ZPRsBOBF49163iW3
s565F7TPwU0UQ7RY
ASD6F0J2kwR26KQ8
cYFTHCV08PF858i2
RGA3309dc3F3DOHK
uuIJMA8899S2X2JV
8ZQ22A0DkENG5W8n
4C517L5aKCLMSSt7
N2vJWQ25Z3nVKF64
663NnPK8R2BB2XBq
AW9vv432KP0YH2QD
CyHP806SKhV452PV
XFW0mW4EID4A882n
l5NIS6FQJR82Fh43
TwUS131T4L16uPRY
pJ5XEMVB1Q80s05W
50TpNBr64OZS89KS
PIUlY9j3Z59O5DF7
V734250aKXVZEFoH
Ix73T5g5D3T0MNGU
PrT5M77oMC6VO42K
GFJ0G28Lp2I5iZT5
9EYZg470DtLNM8X8
J0sKY48bDUP3W8E4
50SUSC5P00OHZ9mu
BV02SSS8S43fWn3K
Z5R5ZZmECJI89k01
JY76aRXY70Fw8E3N
Fb25JED7254ZFYMc
eB96LL26OQVF8Ro6
6a7WSBEYBt1YW329
TW8W0UgE8Gr4K1T4
J5SLDo74B2J6MnV0
X79Fz3IGw7K5XJ9W
5O4f1F91TGI3DTKu
WJf3PZ63SrZRZ185
LGPOGr5H1R89Vk84
gKW0I1K2Y1ESZt22
6QGXPI7qC441OLy1
NSi8SVW4AmB9D865
PKG3Txz0C389H0ZZ
8Rn3Ed1JBQRK712W
2VR8UHz72FPFV3x1
BG6n2YIJH19gOD94
pD92nLFUW82QUW73
3LI3BGCE4y5YiD23
2R9JZOIw3Y7UE57v
6xGC3OhP8QZL173M
8BPnOU542M2v9NSJ
1PU0F2VEj7XWbI09
Ej0YL7AR633D0DVi
zVOM56Eh5I5XN2V1
Ud9YKB9X7J1Qx1M9
YK4DGxM0QTs4472N
VW4L0uM8183VaGRF
75K20H4StYV0OmXA
AGBr7B57GI4Br3Q0
BnS85EdKU560E6ID
LxVz97FGHLG1H410
INP4M9V2kZ0Eo4L0
3L0OCYH7pTl1Q55M
XnR99Q7W2OOURn59
JRBOMN5B49En978o
36LYHr6EWiK02B2M
UGC0BS804YzQ62uQ
6BL9Hog1E2I1OXX6
GqD6R87O9R6Tg2QW
AOWeZ3mM19MZP637
s9RW1BL46J0ZDKe3
17G1Lio43Y0LHZCH
xJ7mHQ673VO52ZAA
M3FhWWUE9Q5g789G
H4HUKIuM25oP7L87
X0U9RV7lb8KF0T4I
2aJ22A9K9SKyY8ZJ
L86p0CGVL2RC08Ld
E83q2UfD2EZ5D5JQ
LWd6Yx3Y9E7BA2Q5
4QTn2V920E0GDXcN
LHmPKGj3X2E90Z12
Z38KMRli15D43QAQ
m4HXEBWe48U22B5R
JO6NdRZ3g00S1NY1
WB2y6Z13RY4ON8Qq
t6B5SCOTG10B77sK
uWkFS95P5V68IF5Q
3FK8DIEj4aJ0WC50
AK0jO1XFN32I91Ke
N9682Sgg01TVDLDA
e74YWP3J6U2s8FBO
34BRfD2ZUmZP0O14
1KqInA1C7O73J9US
U2XWK971Q2SuGyQ7
Z663IE183FRcgKKU
HR2AE1BUiN20T53i
AT5fG3A4314YJfJW
BQ6C2WAQ242XmGd6
kQG5Kj0SK1L936NH
ZC9YC8J4TL78q8wW
nhRDH0D7C3M886ER
0SRBZG493xO8Y5On
TIKRY80Cr488Vn8C
7XNJ19oOAdC303YV
YF2S09M71XjO8ITg
Z6F4Jn1ME3B7Y1Tl
L1WOjGBR61VZ572r
Z4EGW0TV64djT25B
NhBg63AT0Z48U4HR
TY2VDt8OE704cXK7
1bfTRS319PIX8N7G
L8VbRtF7YUJ75N27
AAPX50qPf5Y84Y3U
RH1O18CRNoCY36w6
N9Buy1ZZYKZ1D903
QqESX75P05EKvV21
IjE8HBjW786IC4N2
P69Mg1M76DBZAk6U
8j180XQMWSOU6vJ7
wQ7FYV9CG0Y27uU9
fAs1Y5GVF5B3S8D7
TXWNP143uX4Z0C2h
5CQDOPs9tF450E9H
KgSED1RL63C1Y88h
25YCQuIy1L1HF0M4
N10CG1K08BvA2HKb
ZEGj8276FDDH68My
VbUE5KWZ181U2dT0
dX638w9VR10ERAMQ
aHIg4E7Z2FE453SM
0d25rJ6MDMJQ7CV1
0sp1ZR7U1CN1JCR5
b3NfZ0O742OCUE9H
5DIZeZDM5Z72u0V4
fEAOS55I6H2L90Qr
OkUHaA30P8860WMZ
5EN510wLH8OKF7Lg
9TKRUU903A6cx9SB
SII8D8WuQ4z2U8C8
PR2GoT2247Y4cPQF
0hE12XzO0Q2KQUZ8
KR9D0LX10BGh9If3
QQ32iW7ZW1Z45IyD
V4qIBB84C6cS15NP
39qhUBNM7Y210IHX
4DPeT2rP8N08POT6
ORK3D66PtBj03X6K
SF640QO4I9tJMGj0
Zl8DAW0K47mEVE65
YE76lGAH10Z55CsY
925EXd62O1hKLXGF
3WIaIL417Z2KgX7J
V943SAK20XGH6ngY
VA2WGV65Ss4k7OE3
QUJ58fPM1CJ039oM
yB4UBG9Fc8K17LC0
0BvJ3XQ3Z8F7rJW2
V3Rq4tICH3IE687S
f8Q7PP0TQC5Q9d3H
01gSC6I44DPOTDt2
1UC6t68IZ6ITv7UJ
LIILC7eR9GL74s51
ED52SG2HN4WGl2j5
RKAJCF8647yNI2h6
53VOYP79DVD98adW
Vh2Cc5YG09HOR0V3
G2O3TpM990vQIEU5
MKLOK90J0W078Dkg
U9C9Xy5eHVN55D1E
e0BC1vSFWD76X27Y
03CZPF0R32eaK5PR
R8ID1OhzGA28MH74
W2i9XPJD9IyY095Q
NZb9Hr7M5F5M06FM
IHJS47K2j9x8PVE5
9PyKM339BG07AgJU
r76u8LQVE0FX9S4A
sKNBQj5A87742RCE
LxNXT11303Go7TDC
MCYNI4Vv26RJe700
7Ol3NRi108EG7MVK
I93N4DOUFK8r0I0o
gEEPv8U27IV8UJ15
37GRXb2GMQnCV287
Cor17L90UEG8B4KT
Yx8EGQ56S6F25IjI
7XLI06DVRG07tmR7
S52wHET5Kw84DOF5
4MX4PoQhF51W5F7H
r1NIRR5vG7A77XI3
QJKTAM9yvIU78896
PF7S5A5FJA4rZ22h
TUL96OZ8ztN10ZG2
24e7jMLVQ9MO0SW8
WL784g7B5IOH4SCd
WTZ2T6PrR3QU09q9
mSW1S1QXC54j82YW
F7K6vX3HOIC5S5h0
4l7VF301ETRWX1eH
4ZMsNQP4058lHI9Q
7T9PbH5B8STbM18S
V33i74VWTnTFM98O
NrM0211CT8B8QMxA
k591JR3FY3mSUBC5
dCFN88JVK3Fj67L4
TUJh9XXKM9N38b48
2WBP7nB9vADDO840
TS7ZIWI5q6n1C54C
d1SfPE7389NLN1VC
9911JV6YNQlHgY2X
NeLH646IX0dD07TL
XA339EbEEPAL55z9
A9FJR6iW162Pt5TR
39GcQUT0rI930HAT
VF4QA38Tx715BxKW
5E7yf0YWI4C1RUE6
CFJXEXc4F667Gc16
Z121nKXJFR504WuN
GV1054EyCvC0RT3K
XCCE5A1GW66jG17z
wH4WY9V1WH0gO3D9
R5WI1IRIA2ur1Y69
rX7984FQIx6ARSD2
Iv41V6U6BW8hCH3A
1YODU757NQ3lB6aB
6CGSzwRUW6W9F183
P2bJV2VR4Mp59I8M
s1CW8YVxN7268OIY
SLC7211OKpAL94gH
SP88F0J1A6xX6GeP
LX2KBW70cHS9G0z9
NVA1FH8OQ5bV615d
16V5PFsRVY97M0yX
6Q98jR432FKLAaED
5BU4ILN551DjYI8w
9YQ7L3AIK3tW7eM8
13ON1KNN0w00VwRK
5eO1MI3Y3R3UXD4u
j5ZP6F8L0U4ZXuO1
Jo993P8DSY2gJ8XF
LF84L63BsoEX9O9I
3FJKHoZY759cS07H
GOY423BgE3QP0B5b
GYBRV3mp1D91A3N8
6SLh98Vi6VE8WTO5
4Pz407TUG0z7JAHB
1YSoN03LZJ494HVj
M95nQU2C6mB23AWF
6Ro248VE7U3MUJVk
2J8TE0T2AmOO2o3I
K28bCT8M71TsUF8R
HMH5207eK75WgOFH
QR5PRxqWZ661V5Z5
qR51XK7dXFL32W8V
4z77T2g42UEOXZXL
bTeAYD39K75YEJ84
458GGF4G6STDyvX4
HrQ5K2LEm3650HVT
YYHD23Tey8992LDW
n83g2WI6OS7LL0KX
09U38s5ZR3MaTKAN
oZLRD886CQR991Gb
g4TL09YY4OW50LJt
2ZO7CnCCK775F0fJ
e09MSOL6G30JkEN9
P5Kn8ZwIW0D3FG13
2LNOOLIC2500iIn4
1P0z89JBNkUYV9G5
CMBnSZ6Aq3RN6673
wb6H3ADLD47NP3O0
7Q14TSyT4CBYh0U1
vT962WpQ71QR7USY
Pjq9JF44U2S2TS1H
V5VnNY3D91N99pJP
8S8L4Z7WW11tuBQF
IEm30xZ8U4YYMF70
8OL57M3ZG3BRuP1y
B5P2nIKDN54eO59Y
ZV57887APh9ZfIZZ
1LILW53xZF58UJf7
4VYEVU3rK6424rNR
FOjNnE88DI7D99W5
0O098F3DN6BBpbUY
E7J10ZNZfoHTI917
HRDF614oNP2ESe46
bBf5JW44FC5YAZ01
46GZBYjO527RC4Og
mWM949nD5G45QIAV
H98GqiLZ2SVM8I06
WH17E58iIB8SaS6D
UFIR98Em3ZA403iS
38Ym317DCVLELUk1
089JdA1I4W0WYvVQ
GF86AZ6M3J7zS8Bn
073EJLAP96V6NoXm
HR51q45IObC2A4SH
SZIBMR7R28q675vI
BUFU10ht8N56L1OT
HMXuNJ2oE14F23I8
70NA07I0TpUp7XOZ
3CZ2WQD3i4tNS9P9
AW3jA02U7F1TzDF8
e6500G1GWIzR8DDX
49Z0J1Uvm7ERQY1V
H9248DFWJcE0q3WJ
WPU27iKVY18p38QT
481wD5DJ4E4ZIDMs
A2V3t26M3ART1ItD
TI7Y8e8RlR381FUU
3l93JIRGL4WX9iC0
YvB0ZM0TUlK7393Q
qQZ12Q32N6JIuY9Z
KMP6ItXT87UH505r
PC0R9W35QoMF8Bj3
2e3Y6A9Bi3MI8PXT
i6QOiRB84P63X5IR
B67BOGb0A9k07HNX
MMH3zL2YPB4a223J
f9WGAU6529QwUF9Y
41VULEQ9ZH0igB65
P3TG4NF996NSiPh3
nHYQI7744EUKk4Q3
0VYIOA456ENd8Z4h
4N8ELy6B071HVVtM
PY1G700D1VgcQYJ0
4LSHZ3YEn437GQq2
P83HBiY85l2LHNW2
912AkEY0EPFOU7n7
2AWZB0Bd6rTUP511
R427ZWCRvB1EtR25
9038nWVDZZqF15PN
B5iZ62RpK4TOW4M2
7IM60TBsNE1Q77Ep
4VYCCAsf773E6RC4
SlXQBVAF9I01y286
xJ8tVO1GRCR73N05
WiV7444DhITWE7B6
09rBI4BNX87lHE7E
YTu0mPYJ5ZU480Q2
F22RGNX59UHi26Dq
1T9EhKH2eK7UN88W
j4B6XBE148aV9KYA
PUSq2195KDEj6AY2
IN5ERoO78SX610zI
JCI8W65u6QU0GSq4
XXSE7P5t2768sKIP
W0OXZL43i3GFWq45
WN25AeOY1U1C5Ij0
LYC26l87SbZ0DGX3
ESiL045rTP800JBG
RSRLP7r4O5P04tC8
N56JT9X44aH1UJDr
vCWQSV40FaX68D30
2E01YYRkPNR1eO53
H2UC97GHt9d03OFN
LPUYV4L9F26kA63c
5TJ16YPK2Stp83BU
MBGTe53T1C5ZX0z7
OPuM3LYJ1N1g698R
oR1HFSE6486YK0nE
TRLT9K7jqV7P49M4
QU73ZLo335UGd7GF
Pu1JEKM2U9SQ7a48
9DYXPNZnXw64N244
wR4Z813RRB1FBW0l
KtF53GSN6y41MOO9
L341YZL4YK4XKcy1
6FRn23sSE7NA4MF6
42XZQ09RT2S1UpYf
N0XP338LzOr8SSU6
9H8E4dSHVDT5K42k
5JiJAGr1LEX64S30
3XA5474UTz3GIENf
4JL64h52C2nELICN
F67g2C72ZxGAFBI8
D1HNQv64BG4iXS07
K87ETMjE4X96k9KC
A88Isq3T2R27MPFP
QZ1W7uC1OL7N7rC8
MP5QJ7g8IH1Z1f9U
b23nYVNPBN706XM0
R97s8GRyIA724NQF
RwDB03QA96bM1Y8T
7U87WxLUTt3X8IA6
MLCCT64XjT378aG0
F8cVJJBQ7S8L536l
K1F3VnWVKC60Pb06
0PIC5f05FE3PwHE2
W2X0RSL40lN4aZ1F
9865OZONh5EpM4WP
i96LKVMi68SRI89W
O5Y1o5bJPCM1QV55
KW13X5gwL71A3LQG
Oj012JHFHeC76YD1
465J36yfFKFTX9VA
hT783R6A9X1MqPVD
HCW14Sz4A1WZ8Al1
FOf3YN525GI5vII0
UN54Lt9M11GpGH4Y
0U4X44DBjmXXD3S9
09U7IV4dZhP7TW5Z
VYIU2Wg62F1F93pP
L09C2R5T93kNHXcY
4CUM5vQ9rA78WXN2
o4TRUYXB44B1H1b4
9Jl0UZ5NZfJ7JM10
tC25FG3TCAm3R79M
usBT065039VZYPGS
Z1JCvBZ655Y1Ri9V
67FFPnpNZGP023C5
GA2uf9WK7I37C5TR
H2O5G1DSD9v23QtX
8sVL3DS7gMUT5M45
2irL8Y37EVEX8S4G
2A4oxJT0KX81WD0U
4ZZJTISo187J65tL
L7GHN27LNB60Ng4v
bkK0G22UG1BPB0F7
P2K2EKk32HdZQ4I2
0KWB53TjVw47AF8C
42aLV1Z55RrD8SPV
D20OZR9LuA8M0cA4
KMPt92701TdBS6VX
8q0HBJUJ3O7Fv64G
8F24LHI7r0Y7wJNX
1xb0TAUF29C5JO1M
U62aMD77G3WdOJF0
O2FN8FbSPn7383XC
25Q1F16FKYS6xjRF
AWE9TPMP4g085c4S
E7EC7L3YT8X7U1ca
3HM5YS389NTUd2yZ
dDoZQGZ4F9O98W74
7IIm1VpK7XI85L3G
G6E4EwZD8726TYaS
8KY554hoGUZHCQ04
VqY0Y8SWV0d9J31K
60TR9XN1PwC0MgT9
90D6PMR03qs3PJBS
9LJ8L6M2J82SnbBB
4YO9AB7t83MLi0WJ
62Nx9XUXD1uC21YM
BUZ4BTjQF036yC81
R5yF72BLe0IB1X3E
I123RN6Ef1XxHTF9
4ENZsAi4XD4581NC
0POADFZ39D9ppC72
aICKV4U5N089X1Wc
C1tT18K8J4UEBk1O
70U6h8nT1JHCLE4M
J7a6162SOW7OSOFa
EJRKQZ22t7700JQi
iD7LL8v74CYQ1A5J
QT83C5t70Fz8EGIU
B9L7W3O2RuS7n3DJ
HE6z7E5H18MX7iZS
BFFfVJLH3341eL76
aZL0XKW3Q146vS4T
6ZA2TN8DN06wKbO6
RM7eFo76IAPM40L4
2L224RM7P7gAqIDI
5bEH86EN3DZJ6r4D
OL31N68XCg6MOj5Q
9GAAg51UNf1CK60L
K173GEIv4JHJn86H
OVJC791tkUF9EP32
0SB9LM5x4X4E1vQF
DCxQHR44053TPiQ6
uJ7NDNM00cQT9T14
0A449UGk77MGZFRx
PGE536Q0gs3OCL4O
EE1k28FWH5T5OSq2
kGV4VV548l5W5ZAZ
1Qe559AbE51XPQTH
D73K1PC8RcS9uK3J
14Y7TX2nEV16oNSM
0VX5WQjO11J68bXJ
XP1PKG25d487YiWD
7VS51dFLA5TEq80W
4TV3YGQ1TAr033gX
F15FH0JxXu47MV0O
0AMJ4ZURUm255Vg9
4IxOS84XRKU1m5U8
Kgt16VNPA8741DAR
1YXj752B5SMOQ1bN
BW41VHO2k5Tv7Q9J
LCTtDVQ049Mp872X
1AUR1T7UV3Znx7Q5
21nYK7FMJXm845IZ
CGCr885y9G8PPY8K
kTJEW6qSGZK93011
WEOP87JDQ851kv2V
01QOg0FIT33yU7TB
8VCACj652ACj3J3W
cZ1FJ4EAPR96J89p
L038USZcSRE1jG72
lPK4MAMN9gH869R2
U5VU8AV84H90RtLh
BqaK6K4QW3C82Z4E
kmEJXO7631KZYQ33
RL285BYMw1V1Bu8X
9GNbVBGH3Y5871Iq
WwW8X9I5SDI72rR0
HP177WGAeM0pE0N8
DDZIaOQ81z5U32S6
m4U20WLDLAX8s3B6
0W25WELVEj44v5FJ
N0BB0u3U6Z73cLGF
0UMAOLHC328Oq6h8
tK9BBW51PKtA16C5
7XT0J5YL6eLl9QU2
7IF622ut4DE1ZHGE
22NwtMUWU2JS58J2
MZ008UIPa327RHfI
r4Y7HR0EIG323PPe
W2RQ6901noF4JXPK
50CmTJVM4ZDM943g
RGErZFE65205Oo4L
VLH20oHaFM2G77Q4
1FA0W54ZGmO8p0YR
OP50O65bL5xX0QVK
YBCOJp0A8V43xZ10
CONK15L2uI4f63AD
HzX64H71PH2EeH0Z
5JfC9556JhB0ZRWH
SJKwE9507KS04tUM
S9c50MGO99URVg7Q
50SVQCYy085VV6iZ
YE48YCI1pP0tDR95
b9MMGP81HL60DoL7
7X5zJ0YIa5UI0VK7
5KFo33ROmCRB9Q43
WvB5Y3H232GrYOB9
IFsNN5324H5RNIt7
jP5RGYDZ277B3d4K
S7RfI19Y10PMx6VI
5Ag4C4XUZn269OOJ
JNN72816BPV4YaQr
5i1OE7UDD0A0Yo2K
Kb3DpD0M9FH3ZM38
C9D7p64QnEX7GV6P
1SZPODl904PMe90H
I1tUFO7RV8048HFk
H3ZJR74A2BdBh91E
0MZ0Ciw20EP0FI6A
eE4Q6RYE7YP14C8a
DA9D6fuWBX117C2Z
QKLP0Q5hQ91Ia2G8
tN2QU0TR77B4HYz9
H0888DUJ9DQkGyE1
3PXLv9CH6AN730Zz
f1I8EDVT886WUl3B
2H5Q2Ft4mEIN0S4U
D45FLKI5DNz2P8c5
83ZIyGZBY5O01X1d
3C8kxYHCG73DQ4P6
zPM7K4F53sC3LOS1
4IhK3Xu5KJRI7F78
U4xRCMWVCN1k8292
z7BSJWW73h99SU3X
EAXMc559DZO322cN
9866bUJFAVVt0A5V
TAV5L0CsB726G3tL
H507LjqX1X2MBFH5
0CEPwAH0Z5Q9D1w0
TwRJ7J1M1EAB909y
Nw2OZ4aF3CI8Q45A
AfPoV3DM1UK1B915
GSP7DpP31G3T29aS
P5nW19IKq4VCDZ57
7HBA5r8ENh65PW4A
4fO3W5V6TH39PIKa
D710EESX17P4hhDM
9Ir5AqT9CDYVE673
CBW2PZIs4OA0t868
GUPM8L30Ap6qH31G
E6lVML7586iFHG6A
QjX44HS07FHWZ61a
NVYQZ24xKG9sN040
D340yUFH2R92NLYw
30OVA3rCYN0dV9X8
q7mE4X8V5XFVT5Z8
U5NA785Nj0MUBnR4
I0dIEHe63XC9Q3W7
O2u32ZEG22rFCQ9W
J644SWHOxR3o4ON0
UsPF1G0R5zR5J9S2
3MQ35EQ736tIeTTA
bL5J20GJoI340NNR
1HU9q934eCBB4IEW
GKMFEo2608EH5J1n
MOoX74Gp0K6DU5C3
ICICg409AM6W5wB3
V013x2GP0GXYwID2
17Tl5D64S5IKESBt
AG82pLWOs6U27N2U
sTEC6R0C8MFV689s
q9l7KND1O8E3QKN6
YRGh4605K5FwMM2A
HDUj5F09O9Z0J3mU
qZVN8GEU17901tHS
CI8ZUtHl09ISV623
6fW12F7A2O2VyUIA
9HvWA6BYZ2BD986j
HeX04987oFDEE9OD
m0BITBBTr34160IS
d5sBD88XO146PHDU
TH83ocDM0VE2N79I
kT8HAEXn7S1H0K96
QPT0o11NS36P2pZT
Ea25L1K03I4bKPZA
T38uH7O5MYE7Cb4O
178DKXdJT4QYdN03
5R88BMPw7FE1O8Bm
C9KFl2HI91R37FzF
K4OErMMW31PH6m56
YG7aJ79Lr883PSQB
Dc6XV9N4F62bO9US
0GWC5GR06GFv8Cl4
vNZH0AdJ32U0W79S
XKFb5R9K6UkH6L30
OU3P2b9o91E3JHUT
3WC829Y2UZeYBMg7
369xLJIwDK9VQ4J6
Wr4NVLwKJ7Y052W5
6VhGPUN70qX92BM5
XDQ50YvHO08H4Dz7
NN3m7VN4W69T2FHs
IXY4O4nSZ7Cn430T
0R00LyPOf6OM0QG1
ZkWdS91769LWV1EN
USK9B93GnM10xJQ5
wp283IH08JLVED4K
58UJa2P5GCHSU94q
3Q4PfPKv0VD3O87J
2X7Fe7A3SC5F3sZK
6fRS910fTUR56HUL
sE36ZOJQ8R5X05Do
Y0DU1qET80mP9MH5
EDF549U2R1MCR1om
DEBI328k5G57gSOG
X6vGMN865Z51YrKF
T3mI8RP5iO75HA3B
dABh0J6B97KH0R5G
9HLK1yR9L589kLJG
SG3C1RxZ8E5H67sC
vUGH7Y0T6P463GFx
G77OQAl9GJWe84U8
V2V052QCWo1FH6Ua
9UBPoYD55WX76q0J
U9934yLW8HHnRQJ7
Q2985UbRk0WTAE9O
O1UL5vD3sQTM4U11
2H4GP8LE9o7ZKxQ6
Z6N9YmtS8LO6PG11
E276RViWVhCZ37B4
TSVBuO31W3599OlH
e7X0A1YV3Z9EY7mS
6EQnM8V5n582ZDFO
3vV1HOCLb2X9GR86
Q16LUP43Sd9IE2Hg
KVO6LJL35Q2o0rZ0
VNOb7108DM2G2NiF
JM35F9R4nRqW9T3D
3FDYGC2jMy46Q0P8
L5E8u0KG7JZ2C6Ph
1qPfTDB2736WL4AU
4hOtNY8RO71G13LO
RRfA0F4mK8WLV850
2YYMT6DuS4B4rN27
B5QXW4256WxUXbI9
IvUEX0dJ129PT79R
0D92ETNxQDg6OL82
L5VJAqo8F14WL86P
eBRLF9HB35C18bJ7
LyR0MJJ86UTL41y5
99LzEYLFZXP472f8
V5uqBED7Q4ZZ529L
8Ka712EwH5KIPM0E
63QL6hK7P9PyW1WE
X93891U3xWVULJnA
1GFh6YSjDX06Q48I
Y29Q38Z5fTWa1YTB
jKU5XL708L0SA0Lw
HcHMK9ES0Zc2M633
w6M60XB11i9PBLAO
7HW789T8zMQH7NKa
RECytL54275IIBQ3
S8N2DhNAf9B152RS
C0GFH204UA9EsV3k
S21TCOdOH5V44mA1
YI8EGLZ3Ld62Z37q
8EyVx982W2HYAC6A
SWv3GcHI50UCM221
9DESK66I0ie45TLB
h0293XiBVXBVDU66
ILAKQ61P47Td7O2y
N7OAR87FmJAW7b47
e5X5NSR5AD2TT1a8
I8V9RBHs7A32z2XC
wO0PQU79V33LLw1R
m56O879AVeOKKH2J
8Y7DOA58zWXR4Xo9
By40XT83C9RTA9Rk
6ZQzLVM92XpH885V
53UJDM6OIoUg41L8
AcSQ30K5GfZ065MV
IHi5GP7kSCA5H826
I1NDAFRzEB22z192
iZ5753EG1LUQNvR7
ZHQWl95P59nEL2Q3
2TYL167m4aBWLI5W
VWGP9Yhw491CR0X1
0VXE6MO1DSy6o4V3
52J15lWI80TKGJhE
X23I4KRX45eRMg7V
U0A5qPRR6RU60e2V
VbE957zWP7YBE90M
FF8Ya9q8O03W8VAM
699PSM96VBI2VlJq
7E0IYAIEX6cc734M
YxN0236O1H4CuZUN
yAQk58YHIKM7231V
V4nM1E695XNCnZ5Q
FUWbHA8Gq4G6T561
3T4MG7j0L0KY4GqH
3EBOxFV8R5a10VZ9
414WKOIFRU5zS4g7
VP2oL64NOMf7X6U4
0AF48Vx9VQJn7O9H
5SXMDYHX2Y5g115m
F9uQMm1B5QC40M9P
2SE439Y47JJmCRNp
43rPWL63RGVSH6e4
NB8uiNOUV526X9P8
QT50Dy2sCWW45AI6
RN4I9D3VOST6e3y8
18WHOvF5Ih5EZ3Q1
5Wu5CB5JS2o4GBL9
KCUU21HAhQ47j9B9
H8F1PLhHFg8H81K7
5O5TeMB9Q5QZ97Ks
7OgF61lU37ECGZ9S
JJVi4Oy95NRB914S
G1QLALo68O92Ev3I
ITv1J2XF3X5bD9F6
B1NCV61oG2W4TT5p
9ZHCP2v6dTXB965W
T7AZK5Q367UyKY2x
7CxPG3UHZ87hF45O
bYKF8p7J2WTG438A
IM5TDRS6j3T9M8g4
ODM1Mo7B3QCk9G19
uAJ7Vv36Z53T9MWO
D8QoXpM93P90QS3K
WUIXzD93YNa2934P
P05PIWN09fJM0Yn0
K20JC0F4e0Z3CyDM
hU92OU4X5OQeC8Q4
FqHCDH29S64Ex9T1
YB3dEUr3I67H1D6E
VO9A6q2VEi96EH8F
NJn6GZWn301BQX17
EJ02B1AQe07WHmT5
0AO8PH13DL94SmwB
0UmYLsU40R7LR8Y4
HH0j5W8TG7Wd08MG
6xx03P922RRDPYYZ
Kz83YUV21M1FHXd9
zNVIYB4Gb21C41G2
Y10tCABH20PKf5Y3
3v4B6N8SOXMI9B5p
NLLeFg935G19W9MN
OXs7Ik56R3ZLXC04
N2B79ZvJ2cFGW30K
H6w92JPRRrP14CR3
QV1Q2M28k1RU6zQI
N2MO8eRF4f67EH4Z
zf2B92GKA38RFSL2
MPkT43oLZ95V2ML6
88O2DHK5TpPh1U3R
Re5V0YSe5CYA26S2
J3DiC358HV51ARuS
Qa8OKYE05q33SXG0
80AHipNP8R84EL6O
7ZIA74mUBHbQ00D0
cJOJITO76N7J17d0
M5MQR4RrX5a53RZ1
50QgDVJU7N7a0WU3
BYl8MXH08L6iIX47
WPDf65TX35A5gV2I
O8HNejDPQ76226NB
I74pYJC1TEMA02v0
WQXA451tPl5X5T4R
Pv4OG6Zh9NKVD248
NqQ4I5BI38q7WJ5A
EREEJ2019T9suV9G
DTJL4J90teJ4I0N0
VIJVP4SStP8576q6
H02KPIJT1Uq0s6P3
YXtsK5J9G3F79B9G
zS7nV534ATLK8J0V
UUW8L3Ab6YD0k26X
2591JL5MyIaZHK3Z
2Y6Mx56Md5O8IDSO
EArQTzP9P72069UM
kBD3hK4IOA11ZO26
RaJQ93K083NU8ODl
U97h23RPO64QAXQg
145Q8QDoSPPF9iH8
C5e35Eh14KPHR7CQ
ZJAEn9Qh40XN6M95
6B8sT0MtEV8DC38L
YX5V8EDp797Vy4YI
XB6y42W7OJNX5U4w
5D0X4PZLd02N4PIf
n9IqQ12VO2TG4BF7
VRF5T76DS9x3ZXu4
PX5IYG2375EmlX4M
684rK9JMl2Z3RMBI
61EVZ4sGrKXW44Q3
3Tu6TML9AwG30KA5
GTGk451TyYUJS850
5115OwX7SKVW5EcI
jJ5E3BKzKX363WS0
uGKKJEu7IU6201D3
513F9PPjgKO7CP3J
0WIU59u58eGIXAC0
QDVAZPA8935Rl46b
681OZUVvK9ZHg6E4
IRU0OGV46Ll695uS
dCU1RU476XLFe2H4
3knM8LHRNX81P22V
TJC0wQ4f1RM2U4P4
0UMSf94SL8Z6Mt4R
8oASO1G8M71XbMM6
pP8JONL6398UMLs8
24u2TU9FHx8T6FDH
qRRM8Z32OCj5N5S7
AUXLrS0Y8693R5kR
PBEmVRf9UZ097X48
pKW6bVQ54S6DY3J7
GLL7RE38c08XVPy3
1IdXQUx32K81P5TV
YM11DWRN98UBs10i
91VJa7QP33DK1OAz
DiME4U4aGX9417IX
4BJ1j19EJ2RLRxS4
hZmC02P63NLA0O8X
HR7f408G3SmZ2SPR
4R5L7OfCf7KPZ54W
U16N4PCk39WLU9Qj
JCV48NRa009K4XVm
41JLRB45G8QcuUG1
8Vy7UGRsHL7795ZJ
5WT6yFID78Vr6W6X
DY8MK7B29pWsRP51
gAQA3MB0B9zK35M4
027wN5XA3bMGWVU4
x2EgI0NTK0W33I4B
RYyOt77W711XNM3Z
I5AMOHwZ3X164d0H
ALOgIQ6S702X39Wl
BTNpEG9857cDO1E4
W1yOQ27KDE458VIn
BBPA1A5O8O977pSm
6HCUJIM9E1v11Hz5
Ur4tFQ86A8R02PPG
56IE98HE8m4ZDEPo
Wj01XTAN4M5Ss41J
q8XFP5UPE37Qu97E
nH5GJ20Vt8VN9B0O
ET3255IFwVO0AIh2
1H9DrB0F73KIG5zG
u561D1EwGOLJ64RU
25RQDWBi4J3J5Tl0
RoRKOHETf404941C
2UJF4HR955P0zJGf
957PEgG7sPE13HXS
5O7x3UlSW9Y4IU9X
78SQ29wsE3RLV3CE
RCc9fTWQU367Q66W
BNGATPG4A989p96d
K1rJ1gG55RO61JNS
7P4UPMGAl9285JAa
Ix85RI31YYR07CdQ
1b50fT1R6VBPTGW6
ARoO2R1309SN6NRz
Mp5NY65I42AqCD3X
34AXDQVC986PKfe8
FC30H8YFxRk3G47Q
KhdLZ53PI3B24HZ4
R9t1CT31U72EhFMU
MIC1CsP3CT994Uc3
jS0z0W1GSLF767OP
K2HO3GfQlT8M72D2
IW796L9QNtfU7UR5
GZ3RKLD1433fBK3p
E4248DwT1ANkUS1S
A1oNJO4a9P7JG86X
F6GLik6F1XX6RV67
P7sYT1SX737m1WFP
KFDSWXc0R20X5u66
WuC9G7nP6I31ZYG3
G41E6W3KzT7SV4Tw
DRq4AF103DHWMz81
NKB9nA2TL88Da1P4
C8J77x0V2CW4BeQL
YBr00Jc0TC54LB2U
4SZ2PR66cqT9BAR1
2L78TQr2JT6LJ5Hm
SU07p5TS7B3kGG2F
6Na94B8EH7Ss8VCL
B5IGKa3a37JZ2B9C
5YJIWOjQ6713PU3w
GNA256Y9ADoYUz12
DS83qWI9F0W0Z5fI
1cOX9R1h17DPECA4
99DAZL6C8b6If9VY
A3A9PbT2CCM9d2X3
6KN4Ni4UbX6A4R1X
L9S691RjXCG82XHr
4J7OMMT13HZA7j3l
qSPD9lU002V37ZJZ
h9d24DT0WYPA6KK7
VA6ZMI4750F5tGcQ
dABG3u13755CUDOK
4yLNVf8HS6I11S0M
4RYLqCFFu482Q16Y
sGY38I3H8A1jPA2A
vF85y5EGOIU820LU
1BpN3R0AUs0B7VY3
84Z9NGpK4IfG1K5T
uGe6LT3POC7T79R7
j08GSJY83LS99DIy
JS1K1BKQ7Fri7W80
CDZNXE2Q1w128wR4
Hh95iM987UTNV3XS
7wGXFOU527VT98Ls
BZEBrKUB684g74L0
RN1nAD8476JCxM6M
5JIV8UxBZU927mP2
V97UdE6AQ944OIbW
6r0RS98PWRILrU30
H26Y7Ab56HPACR8u
Qq9xHB6VX5W196RL
W2YM0VpZ16PJ0Kj0
1P2Dn4T9y3XJA5GH
65j6RHH06S0BROuM
RG1DMOfo724S53XS
453Nw8LULiA88MXJ
pW6Kx14ASOL731SK
NGEVZ1Uu64K91e4Q
xJFlBYQSO542295N
92O3zAA6jP7F0CTH
FM8EOf95G21XEJ5j
ep57OFLKWT2755CP
Y4x1eYZ9G9ZL5OG0
kQS4UBP0848Ln8JG
1JRDiM07TD5Pe70U
Z422L0CV9X3HNIdz
L90GQwRkLC0974CO
3LVs92WQW79ERJw9
FN2WTD5S973WBod6
B2LffA31F5C4TS2R
ZA9WAL494J7Vd6zS
L3QQCOH60b25Z4Tm
KcLLYMX8D6125Qd7
E0ONW84f1M6KL9Pe
2LCP0H4Y580cWRQx
T83FUO05HSuVMr92
yTc48US8S36DJH3B
OC3DD6X26NN73vQj
VlpR0479SRQOG7I5
T8tM68TRb65TIUZ3
Z7V16eSIZG7Gf04G
M91KAx0RQLPd632Q
8Z77EXBH79Y0BDru
R27LLI2h34AR8ETb
4jRAHLS6YhS756N8
jR8z662K3SWCX8PS
6VR1c0FNKR344VbA
12wZNR79fL0ROS7D
Q1KZmP3G6D6s73UO
wOYALMR672bB395P
MT6HCRz772tK77EV
NHNGh85H33GSS4d6
0MHG55Hl857NZMAm
Y1YB068XQfC0E9Jr
AzWRE290APH32Qr9
MrV5Y19ZDX26cEZ0
aYWJFFJ9H5q1V651
JURYs6HDJ145X49t
JH4RK25k07RJVI4q
698G3RvI2LTB9iAS
7PFr6ZT4HGm681LM
WT3I2NIG09MmW6l7
K13FM19CR1TNq6hY
25BKDz1Sr04LVSI8
Ln99CD4G2GF58SYy
C6Wx631D9SBYw1XC
JK02SRwD3DI70r9N
9I71PAd2Z8IL4BMw
33EDVoxM1258WRMP
7P67JDi2f6JQKBF0
Z7871DEv46ZXvMSF
XXX7aGe3Y28D0GQ5
02XVOpPI8nNR984E
5SEIUNhN62I364As
7TFMuD0e39MYW10V
aDR8THjK5L435FX7
VYxXWIBJ5h4Z1924
9AOX85J8LfE0YDa9
OAX988FbO6i3XFH1
QGOS9zK92AZ2bB40
OwIDp394LCQ7G6X5
WIj8b7K8YA58B2XI
P3BAGg71h2AS7ME2
OZY0h2WE9R3EGs56
Fw0A6Ob5B5B62RXA
9QsO8T4596YNHpJN
Z7C5L8X45WfyH8TS
PhQRX1DmK29T997S
CV6H1AVq91Gb5BG9
MN9J99IXM1Vt79sR
79ZiAUM5VEFK0o46
DUEBR91aE5lL06I9
SLLy28CXB1Y873fZ
LKE5u397FA4eG8YB
s0L36eJ0GXE7KQ3U
WxUEAA0P26Sz4R30
b32E91RGLBU8U5Fw
Z9GV15828WgQLMsP
CWPQ6iT334QH3p8U
a4N7jO5FU5CN25YZ
5nf812UVSJ0IX4LS
F2OPl3MFo231XTZ9
C12Zk5A5eRX59YIR
RE1E8wT65qDPD4R2
5BQ9YVQKo5d7K15X
MLDZhZ08Q5nL823T
RUL44AgKhI03Y33J
UU00UP0CC6m29wOG
UXFRM88bY6E102Ie
yE92U7StU2U83ODP
5J5FqMO657EV4BNl
UHkE331G671WJKEp
S40E0K7PUu8D0qDV
ONFSM4xAA1Cc2787
25836ZtDEZQ0rDSX
CWV5kVI2Ln31Z02B
k748WD9nI0S9HPOY
kYSSZ6Ig85RA8M53
S53KFTF6COg07F6w
K58WT35Uy6P0sSTT
5YZWF2BYcY5T40z6
2Y7Kl24N7OT7NmEC
5KND58yGBP44v2WZ
X84L3CW1aUN7MyC2
j6Uz0YA0NGM271QV
Kt6Ae0Q3LM8LQW51
3eJACGD123GG1B8t
W1U2O20GD2I8lBRs
eIOLUL0R341CY5w4
46YBQt21CSYmH50K
4BYJ1R9A3xZUj2X1
KW8zH539M3WE5nTI
eNKNL56X6U46dXP2
JXUO2EZ48x40MQ7t
a7r2XCTR5MNT6O83
L9IpsU587NC2B4KJ
6P63H6KYvVH5Nk2Y
ALD3BEAC4L374tr2
FOJ2CL36bA3qP7X9
IT2QJ3crENH78H86
BH5FAWq9A1O0E32w
p7H6H14KkS6S6WGP
uL1BMB1WJ8Eb77T6
P8CRw6VhZ06R70FK
4YMS0iqYU7W71N8Z
04i33PD2IJUM4UMn
M4e5IH840Q7uQXJA
0UG8c4L27AVWKMk3
YMm8BDq36L2A5JF4
NZBHC6JVwF9244w7
BE2IPv7NTx2WH169
KFL015L4QTFP7vr7
Vg314MBIF6H2K1zC
UmV7LUn73507DMJN
tVRy3291ZRWB7PL4
NgQ93Y2W51CpC3IG
WB8oPXY4SXU802i7
aG69RB7PK0RgY12S
LG66PYVO6O71w9qT
S03oOU24M3WXBp1Z
98CXM15YCBz7Dq3E
J2QTvF23BbX01C5M
WGjQ5WZ391v0GRE8
ML71N6IW1hgWLS85
6ICAd1OW7r0P5H5A
VcLHP6KV61b99WI9
3C1S6g9CCaYG2K8U
09XBtTK2WJxY4V31
K1xG0P7FbKWM51T8
E7ERX2XNOtE20c07
X37Mfm15BSK0BKP7
F1YQlS6k773NP8OG
qH9EJLp57G7ZZK61
4JLOc60rXH0TG41P
Dp7K7N0D7Zu0GVQ9
IVqIW5649G5QrRM5
ENOdB0p7YT4L174U
9UBKt7CC478Jg7YK
kGM20T6086PGSKAo
KU9Lp9QKRi3O7J75
7E52W0jKSPC5PF8j
N5VXW4LY46s60OFg
nODSQ7eO982AM13E
MJ3YE3523jmMBJY7
89PePEWV9JbID620
aN8k813S8ONZVZ7X
Q0LF5f7WDBLN458j
HEF37M1VR40tNw4I
TEQZ81CuA53M5v7V
69RA3hP8Lf9OSI6X
20UfnXHGC5859IQT
RHLLx46nD79BU2M7
5eKUA7UCTM5Wl367
94D7Iay55MDI6JUX
1T5GUJ88RKp63OmC
CYBDEm1T117K6i6G
M5qpBQRL13PN4G57
h0RS0QO6N8k82EZO
HWQY5F27C70BQw6i
I0Hd156J6tXCXA5E
LmPR2k3PS3L374HH
uK538KZ1MEF63SHb
cPn11YQ64FAI77NI
QFIAj43Xj2738YEI
bU9O2A4CUG3OX9w6
QRxHAuV6372I4Z3N
xOMuSLR38U79CJ46
9I8ByQn7Q2G1DNK8
02YKHYUH78WB2oj8
6MYU3UJ5n689TcYE
WZMCX1Mf462o1U4T
QDAo734Ls93Z7KQG
3TJ4s2NpRF8RB85B
yUH32HAK7CQ0cF90
TusZ4LEPL26O064W
Y2O0eBn3SWKK375H
9I0HbCFGI13N93Ye
Z2vS5C776A1WEWlG
7FF67TxYXV898mMV
qQ24RsGWO3I3T8X0
BO4HE07L0Eb02QOy
DRk29NI9LJ2J7Hf7
1W91kZSE6KSP7Z6e
S1VOCSc59Yz8BU59
CZ5N2wP8g1BCU22K
7US4zU51D5AYy9IE
0dOLI993RXP68XWu
GYE4nVs207SORC59
2JTADClA3t7S53M7
25N8N4I6q5zASWXR
DL0s7xU8FACP53I8
8VFUKT5513g6MZVt
V0EZ1JpC6B5R7Oz9
Va2GD01PEbIN67X8
Tp61R3RVQAHB231s
h3B1M2TIv9EY2E8E
9LCpAt0NAE785J0O
JNwOlQ4J78C7I0K6
98HIEi87Q7KvOCD7
8CI445jj2TNZF7RN
i6TwGMQ0J84OS6E6
9SVCOVIl28733NbQ
W3N18B9IpA0JGM8a
bS3AX5F9U4XS5Pf4
91QwEsY2JMV7C10L
6VyK3AB20rHF4TB0
6qYXpY21Z7GD84OE
lDBQJ756KkLL72C6
A034n0Y4TG6RLPuX
2O1P4ZEBzVN9x91S
E4W5HKt78U3KCH3l
R320MTZWYhVjK580
6FN8OL2mHMGY5u45
2G176u51BJWKrLIJ
KXFXRI35g58b4DS7
Ds4M04VDW2XHC32v
mMTV10RUEK803bX3
VHDXG5dNzA20197I
IG05AGRN770P5feS
V9XNXF8MPz9206Ku
FQY0H3H8Nd7E4Pb3
J6d1AQUXV92GZh34
OLDxS741SjR3F90B
CZr93lP208Y5BHOK
2OL2MV6u7MIoG1U8
8CXQZ188O3NwK8Uq
0MIWA901S9ImY9Qb
BNG5M772CYJx1Yk9
CRTXCfR7210SC4g3
wLSDOU60W79r6PJ5
TV6lNI7PG6kL8Q71
LJOnE24Oh2JQ20O6
HJ9HG633G8D3XiEw
NAw1OWG7u83TL13T
B4QGC8FM67w7NL3x
zB9iJY501DF9M2WF
6VWU47W0D2oOBD5y
9AUYdEN51Ft5ZQ89
V876dPU2QF5VgJR1
XTFST4L1x6Y2Sc06
X13U4OEG3Jd4Cd3W
7zIE5IWIT44kQ61M
54LQDi68XE5yLMW2
bFR53WRM8Y126ZmZ
39WVF48r5STYU7Vz
KmXIE6Uy14S6NU56
9JFCNv4B3M32J4Fm
Zh9BBPYUR1505dS6
J7a1l1U64BDJ4OHC
YL7N9wGZUB43g23F
i1STKj87KY3C48DQ
gBWY6IeRA04HP149
2Lv3dPP580Q3WZMM
cRJM2dMP37X4PQ18
E7ZXPO348esV9W0S
zXXD9U2N42e36PTP
6OhV6QQRZwYS8053
14FmY2HRT31KNn0Q
6ZbTV29gI36MJ4AO
Z22BFK6Gc66WOE4d
RZ73Fos8302KHJGC
YHLd53A39RGPV0f8
2MJJS24OGxP78Co4
6xcVF53RQ9RE48UM
J4HB3UQs05oQ9GG3
LHAXp74G1626WyXU
SKK2OB4v9NqAN096
I61A8CTxRz9G3XM0
2AIBL4FP6435XDor
oPMKNB5I2UD511t4
T6EY61g4eCJE3C0H
W2K2HK2McQD6Ko07
UXQX28m5iPSP644U
3uKWIC49a1PT9N7E
4Ov2SVZK97c4SW9U
PmT4LGY86Xf28I7A
8TN7A9ZH6qBY7Lj6
Y11MBt7MPHgVW856
1NEAS5DD62JJ7kw2
HAqY5b2586V3JNUM
F35R2T5SsWZFu4V4
J48V8b1QESAx5D2R
mJ1RM8K5m1T3KT0I
J7T15R1E9THJ5Mkv
Z3X277rQuH1BKF3I
0IX7GGU6lb9JX9M2
8IsM2N970YVX4RpN
4KVZIKQHB4674k8r
5J71PJOtRKCI4y09
t1IIFM1VV66RZ5m1
BD93D0f5J2W5HmSJ
H5Y4W0OX83B2VNfc
BA5Yg41K7GI7HrJ1
76M4EN8IKcNsYC74
A9b01tXA8CRG4JI2
UBTMsR77Y5u174ZK
5EKXd6SJE1Z6H29r
VF2JdP00QH1sR1L0
7KR97WUSYF2m27oX
VO0Kp8n3D8I5SHO6
EFUVb2KK1nJ8R170
6J2IPII0J4n6UE2c
87V3oPMpKM204TEF
G320WNRD4Vdk6G5B
PlSR6UM04Q7CE19c
z1S2RSI6BI7vS5A7
0n11a95OKUBC2WWO
57CPEIdA2mC4XR48
gY0105FOcA89WVBP
GF4oQ50IEVAw323D
P7A96RaRe66K8GKG
EF7F0STI340AI3vf
UMM4Q6s7MV07fBE9
8H7ZHVd74BCt83VM
T7AQU067hKc7O8QL
rXVIl7MG0E4R92B9
23IO00V6YpeJ9FCM
QkOD34ML0P0KjD40
Z1035GlTQVP2PSy0
B0U45nyH7KAK1R9B
VQVa15YBDr793DD8
EJ0TV4eG1w29NR0M
tZBb9I5OS815SK7P
KT5m7jZ4Z3PNSI64
6AQL98Ob53LzA8SU
7JYh1NQ28NET6Z0g
ASt32aP289EBAB3P
kFN0S8mGH4P1G61Z
302Yt8PCW6vAOVQ9
H4CJX02Rb2H4aJG5
WGS1JMj1iB94C8N2
8XU50WGPjnE414WI
H1iYNGR9jQP5Q299
CZOyEX75785C4sKS
E7MdTZFH4X90Z48l
8H206G68UJuIPLZd
78PbIFNR5MM0qO03
FvZH6E0O8AI4Bt07
FhE2Q54RY69G6JpV
9I2YPVq69DDqPB26
IAUS9423M4Jm7yZB
ILEhK0335P3K7eBL
3MD5hHCfO85FYM35
8OA7s25C22wODCVM
N4T2l41T79hVXXUN
5F4ZYDqFMJ401D6j
DWI8K5F1V0t4WY8r
8JR1eHdUV2T0B49U
6QGLnKR1653ZTnR9
aD24IiQSAB2I64Z4
UNHR2X471K9uW9nA
6lVKVLZ33t5Z31WC
K8Ne9DJZM9Ux51S6
6I361GtHq7YFRN7L
44QdNWJoQ8EV504M
fHW67DSrHNOO5388
xEx1PUDW6408M1ZY
24Dl12F5b2BPACLN
YUS6ONEcs23A13Q0
W0CW5zIo943P6LZW
5BVBM6n9t3TK1KS5
R4WHDM4GP9o739bF
Zg3W5A902QDH9LmH
8EDI5GTM476etFK8
hsFE2NX4R68C9UO1
EIQ4GOsM8t5G515V
9W3pgI4D0S0W8KLO
7RB6v1o6I2P2WNZS
OWNP3cXV9C3bM143
6FPAH8O20E7tr2VH
SLzT6OZ09dWV44T8
MD4R8Y23I2IPr5rH
44iVNUSQD7150DKt
5MGQcE4YK409C6qF
9kUN4C0XTT1r56FG
IxfCUKO5P989C3S3
P5W0MAk2U9dR2BR0
6SZ4U9WLWM15o8lM
NQ0x0P222MTO6lRV
1CTm29AZdC06O7WW
HWI0GT8U262qaYS6
vPJRmQY5EK5L7250
z4CK03yXQ5G2ZF4M
zHqIEOT3U2V94E92
4HjQIOF25US38F7h
RFpJ7465XDy7H1XS
6OWQ4A1nU61DGJt8
5M6Fd79D65uFBGVW
D27WT4OH7ln7PNE9
Qc55T1CINHB44Fq0
B1wQR9IDh78GT30Z
CFLi71M22yQ1H0VD
V5A3zIAUPw7I746S
JFH8U1KwF9L13eT8
8sKGUNJ6T6g530BS
ZAM9B58EM8DwpP46
X4uTJ1626VUZxZ4M
N9EFt78A43WcNM9B
WPD6PI2qD5Y818qV
rZJ7DD71I4H01JxA
PAM9IS707KNr8s8S
0TR24z9D78LBNLrS
e6B64Q74CUCHfNQ2
7WCNJ2Zk591TQkY9
hUM570F46K1FIlSZ
8Jk8W118PY0NJkXT
TH75I490Q8BlRRfW
0p99F32RXWK6VKLt
EQvP07BZ6B4L1G3s
2KYO3rSIy8J29GX7
AZ65MNbARK2bC700
Ho4m83M9RTSJEV30
Z3ZT0PC85ODk26wN
5411KYXRV0cX0UMd
KOVEkI7YR3s68E17
Av9TUXTL3693F5pD
YN55PNw5I3pQGF64
NfHO00JP40K89AyL
B4HdZ31n3D0OZKE4
K4ZmV149HYCL0I3h
vYAEP1p5WLF7A695
qIPV7Z3Q72CUE60t
EcXS07A57Ni4SJ6Y
GOR09GL16mH8AwZ6
3O48aO4XV5A5QlDO
ESkNDShC1G240Z31
Z3lEmG91E1H3B7CB
WcW9NR30XaTF06I6
LBJ1O952JrL5uQ0B
8RP992I8OZAVkG2w
07E9A42PJfNPZrB9
3QUO3qL2sT7L5ZA9
sMEIFU7aN6U31J04
BCGJI26x1d8FX01I
FV8pv4EJ2Q02IU0C
5ZB9RPSgLAn688Z9
ATD3teO64T7HX60B
NPOJI4719laCL1F6
E53n1HOW9cW2NWN3
6R7YYWwMkUAQ0631
JW81WEdt5SN86M7K
Q5VYPPy58P3Bo7V2
MGbdC23DX112GXI6
o8L081nD5O9MCZFP
UEP9q0B67Y8RcNR7
8P14O3F6i1ZXUZMi
L7PVERC607QK2in4
ES21Ad60G4F6QxKG
7OY57ZI7rc0JVAD8
d2IAQY2Yt0047AGI
94DV9WMwQ6Dd35GH
4ZO40PK0u6LWaY4W
Ln8K26AA49XO4TYj
1SCgBG289PuRC81G
4RLaDJ0V75iL5L8U
RIL5X771Vg77KgMD
N9UC5uQPZW9V52k8
1P8F4X8R05YrVzJY
F3BZW389iGIU35Np
8X0GVR2Y7WLq71rY
7TRj7EVSsDV411R7
1WJgMWJ67tO7J6L5
sZ07XV7ZPE3TuF48
N3w2BOlN848NJ6GW
YtL24dEJO6NXJ320
VTC92D6kD017MkNL
1YFCiPN95y8M1F9R
4NFIYc9CI7V31a2W
BVuIB8W1d01VOB28
JY7T7z1u9P0UL2QL
C6N07M61RYGk5BUy
8R5Jt081ZDGAp0DR
L1Hu0VPRXP966cM0
84e25xM90ZAPVASB
VQ45SgDX1C90Hf1B
oFLqXJ34VT9VQ349
6L9t43LTNY3Q2SHb
63AhKR3X6s8MFKH4
91RPJZzBH096GgB2
d2HVRrIV3550NIT0
fXO7JAGFO80B76e4
M9I6XIPfOaI162X5
L4cFTPLL1F82W3a2
2IxOT2MVTX34S54v
BQt3OOBx2OS7861J
BK92G3LV7AOP9v7g
3GsJ67DH3V77FwSE
137J5KBD6GQQl5zB
GGL3kZT4F0i29HJ4
6j54GWT0PSg2T8IO
V0YmVPs124Q4FWB1
7Wc3LA6zO1W43DML
PY33llSC3G04LX3X
1N9xIFMWL3pF66J2
BOEQ4t2f616MA5ON
r7LYB769L1DFbW4C
9A6NHtANV17Bz8M5
zV5NS28Ft33XLS2C
JALr2jNZ363YC8K6
L5UGG18S8yU54zID
5FxXX8HKS20C1j7Y
8QNF1OsMA8J34Ws3
PXG1jEPA083rI2D6
IAsPJB089ADd965Y
gTtU827H2ELXP31A
35LE1CBVHa20Pf6L
AIcAS4XlD65759RB
DIr8Bb15A7E74JTY
89bLK9NU2uD0IP3O
AA8YQ16FW5JE28hk
RWONgR799u67UEY7
5ES3KEYW4N9t7G1n
6A03UQhlCN7E0TM8
I58WB2lC28D6vFHR
AWGP89H8NI6H4u9c
fH7TUj9PV91IJ86P
HY69n4lRF3P2N7ES
01R7AHML35sZ0nRJ
8Zzv35T42XBIW5TX
YHT0P0JoaIM420X4
u1C43F0yUUP09HUG
9VN0MNtG2NF1Hr25
fUjIP26QE1001UTG
6UTNJ2awS684DTB7
7WGjD1Y28HS7JA3d
VJ5LP0P30H5Kin2U
4QIKTIu5SgA7513N
SqJu9CE77JSX72A5
Jg490C3L9X5MTUvX
aGTBA8VHUa01053T
W0YLOUp5O607V8cN
B24mD064O8UFZsGF
V36AZsE7PL3HvH54
5N2GPeY157DpF6ME
DE15e3TU5g4OVY4R
UA6AJNKrX769E4l3
fQAF6KN44zUI437X
2Y9J9w0XMZLUiT71
A16STTFhI62S9r6Z
9Y67bm8A8BKXX0NT
6SP9IPA63kOS6G7l
Rs59D3QhGE963EOO
BYXk686o1EUUOM98
q11St0VU3KV6JO7G
kDJ2S8TC2Ld20A8I
8QB8S9NMTy52AGf8
5ZnP0GI03IHdO9P0
4t4I7Z12GQTrWR5I
Ek6VGI1G59GJ88Ys
CHS1ACvZBg95071Y
2V6QQO5EEd5AxV74
EhA6ZC3L3m375JQQ
VZBay42JYG5292DD
9bVN7JOP43EGv0K8
D911LWZ6QR43kEMr
N896VFG52MRsf2QE
91xTJ3O9hXX1ZL1K
cMXTV0eCB3081M9X
SS0H9H7G5vyJKQ51
THK066xJVVOIz878
DoWOLQ4P79W2I2n2
39VDZN8KrB76Dh9H
01MTETGF2Vi89b8A
DdCX38s56D59JPSA
GYdSV6G998TaO48I
945iA4QDGO7QhD7S
DOxP7AK2M7E16jX1
PUB3w257ECNFDe12
SBR30uZYXdO7161P
3VQGiLN5SG9507Ih
BMH9Z5WgS61q7C9P
AJfAHHD005H9Rt51
3RW49mON7P1nR3VI
T3BC6H6C50cyNM4U
BoTB7M5uYXG7910P
T718MGHX5OtQ6tM0
FFbC542NH2lA5R5L
8O8QRQS42AbQ46qP
2SMyWDlZR6929VL1
nLX7E279BvI08FSY
U2O7aSRqXKF33P86
y6S08KDYgP40H5CB
7vLE2J48ABFq91UT
GT7vVBLZ58O78X6e
NZ392XA4HiKbUL02
S8HWAiZ621D48iTJ
F3Mo2DH4R5T2QY6c
B7SIE6FpY73S3Iy2
4CNHhRP32L2BLb94
RQdi2X9393YSZ3TV
3U6mIM6R60DNfIA3
HlFC1nGV31Q2L0W5
YYZF8Gq251Lb20DL
r4ABY6N2Y5Ol69AB
J7GMsXRj8P9F885R
9Q0BCfrWZ1WG8O73
AFF3CtL8O1rT8N31
85HZM0SB5Gn5ADl8
to7HECOK699AQ1V2
Vw1Z2M5AO93bLE3X
3H6YL6c6SCaQ5JW9
1A4QW80EjL3jC0LC
pBOGO53UL1eNA311
tPX6QxWQ9784UWD5
GkYZ6JE253pK21VT
9N6DS5vL0UNGGr75
Q2JR8ZAU68t7WcR8
D8U3CPYZXj40oO51
T964bITNXFV682Mu
4RB4SH9eyH45ITB8
lE5FZPN09NX4zM84
2A81JcSBPxG9YB45
LO330XUi5FA8jM0O
142Gj4uM8OUDTK8V
No3TIGJM2q303X0G
3mSJIV80CW66u3FX
WO23F4Y7vWOO9M4i
UV7U1NAEIJ7d79l6
X3MEf077XW36zYMD
WRRi13UT3Tr14K1G
wDL4VLuO74J5L24E
3uUBSTN957ZnNN70
ZTnENT4t2T7G355Z
52J2ZYCbuEA4B11C
L54X1S3EuLOCPh99
AbQH68TTFp451JO4
q4NpP8D17XVOH93X
1Z93EP80QEXFt2nI
E7MYQ679PTp5b3JA
GqMV0J2L2x739HAA
3AFM4yAV85gA0Y4J
R139Za6G3XU1XRBb
95j1UGR6LI4IqJ4W
C81NAQNIG7sH9k91
gCJG4115kZPZL4I3
h723PFGT6ZCrLM96
DQD6b7MBU9517jJD
c3JXNnUXT7Q2N706
pF39CBKR9F0uQ4S9
X8CW43BLRTBma973
8L0A8gHfL72XK3XJ
88O2z76ZC4GPDzXE
HKCFU0075kC3M1Se
8H1VDJbOBA7790Qg
70FASkWY49L1Q2Lj
40UBFGb9V3DNm55I
1TQ2RgW8ZG23T1nS
VJE98u6GMkP0XP97
CKY23YBv0G4HL1d1
EWOeNQ7OWU760b26
WG5A3GE4B68SB7yk
5MEt6O4Sc6S37RJN
XITDW8824C8lQ9Eq
2Q8BY303nYNoW9IG
3Y1YVT6S3m1MW4Ja
3JuMB5SmE03KWH53
KBIV1S4nO5nI3Y13
H5Z8VGQM1i3Oj0V3
T1J2oJBD2YFxT944
L2V06X3A1YwY3CZs
LNLJPY59io5I259R
KR0KNo68GZi1W65W
r1sQ9N63SJ6FXWI5
9vXWJLK49ZK68e8A
TV16TkFCJ92bVX39
YZY39XCeMB9z78G9
IJS551nP1zDX97SU
JRh93F252QQg8EGY
3TXP9GI4X8MvC9e6
tRRZ644JL99T6ZcS
9XQ3cCA5501kIWXF
OFO84D026KyBOkB0
UzO3KA60w99QYV3P
46LR3OG7u9VP2jCI
39NQPmUUH037K6mO
LFg9050M1UP6AlGE
R880F3TAEuST3f0W
s0KULC52JG2C4g5V
Q4MC3Y437JM0zQNe
WTc9a25WL799TSYX
N159J1nPJBhN8YO2
18E4WL8qL81sNOKC
KS903YLMQ2yd07DW
09QTfA9L4SnRX38S
7QP3nGPNN9M99Wd1
VlxNQB5308A3XN4H
W66gJFCQ8E25aAG3
8G3RW21LvWR8fCL7
1C2EEN7M2yAi14CZ
w9U1MIRA61O4Rd2H
D106GlCQ55C1EZwR
8BC1k24EeYOB5X7I
m69R3SKi3CDRQ25Z
JwJt4EFKWV056V03
RYnKQ6gH0113EJ2C
D7NQ4D68VNJrL8t9
9P2oFmA0OI0HW22C
6GFf8C2Q7TJ5C7Mk
2Y3ZUXQfnAT1494V
ZGVPDTb9l091K11G
07JrA6NA9dB4DJS5
mW1DP6J95Y1YLr4L
7Y0Y6IE04eLHMeG2
4AMVAuQ517T1E6Ek
FEEZRb602H77EP9d
8ZD7PG0AD8m4Gk1N
KgSTMRDZ788F902l
NFRK5RkS4BW895u1
Dk099JEW8DMdK80X
E41p0R0LNy7GRB2Z
NCP03X2Bm5d5IIX5
5rYJ88F0GI78MdAF
LfB61OP5CLX855Ev
85DAgF0QTPR69d7R
0YV4YFP7IB5f3m3R
TS814DJE0US7yWy3
L2KP7GJ7o76vQ0QN
PGMjH509CAp5CR94
V37HSEA5S4v2Wb1I
G3MJf5UfYX3Q6U73
B1TY2H6V0MEL92la
o3HGCH5u756YHBH8
8B3G0491YGtzXESR
3R8Xk9W70QBEfAS4
8Rxc22QEBY83SSY8
B6JyWC3q08VU2AY5
9XO136W7JOWnc7RD
gUG1KOI6M0161JaV
P1CSXNLAd589j40X
5VPkCFPO54N5n4Z8
A7OTN7L992WUl3Xq
Y7RUPn0HD627B9qS
73YZPDVO34Vr6p3V
F07Z8701QCIDFxhD
1CAzRGSSM4g92A01
ATBb75WFX87JV8j3
4PFO86JB0c3gDXO9
PPK7S8V5ZG0x2x7K
5oVW7Z9WCG8ScI20
H91YA5rL8EJ2jEY6
HBJS5w5WT1d067RL
7T7HI96VdTLW50Ox
ypR9LKOS869IO3L5
aWhEOU0G8N3A7W00
S1w43RCU74P6JdSR
KJ2l7JH25Wm2Y3QY
BME7dSV77U2DG1b1
2LJ44CTV1F05duKZ
1QZXTBn4C7Ay7P88
6GTUeJoO6Y7E6V57
H5cW6718C7YQFLIf
62Tn76KZ80KTONvO
2Hj3VBf1261CUDDM
W194j1yR0O1KOMSE
XLpnRJ45KH926OQ5
8PDw2D4N7O3iMS7Z
Vn5BB5XF0QwD922Q
j98ENm4MZB9G48FO
G6WB2x9rS8RAQM43
WE93G2Yx1tC9UZ0L
JoCVK97K14JQ6Z5m
5X4OJWOK8646sFSz
4RBU2klU00RPM52R
6f2X1V5DFB15KVYo
E7YHg95Z1WRUB23h
OHVRJ05KF6311vNm
KPCeCU7049Da4H3K
E71wV0B9AO5PLXd4
8QUnM90C2R0Ps6HT
LV249QEL2h7NX8On
54TuO2UPF3J4Gf3U
Z3XMNHiPj05K6B79
8XN8JID54Vc60NjA
4uKI387R1yZQRJW7
Xx63T59UcMC33FUQ
U5g8H5R5FZCtM51L
PS11wO5HV5YXlB40
7045Sd9LzFMZDR4G
9Y9A8O13pdPZ7RJL
XAD27V854Ej5XxEK
G664PdxAS2ND39BB
Uz2P1U48MBPMA68b
GQQIx9R5u019HNS1
XXI7W2RjC1o78G2L
fB3t6D74XPR5FO3I
aw2OE3F5DZ8SA7Z2
uSJ04GnD2L819VGU
09EX8M1XXW9XodW4
Z3GMLgD0D2G7J79z
0SW222g10RZLLsMO
L5498RACUkKM9Qa1
8QE742NY3f7ZMsWH
J408NBLRYf98TtA8
N86Y6V1Z3vcAZ9WY
BSc85VMAX02y8WW4
mDH3159k8KS8ZCGW
25D7EPRLtbZ637GY
0X9ff7H9VXBKM8P6
FDIQ727iN03gL1MK
IJE0TB1M2T6Qz27g
Ef4BXT9BQKH8u184
0Y2Na0MMP974GJjU
XkGNRP4mJ53U1Z33
9YB5zY1IQH2EK0b2
5J9nR8XJmPG581DK
SR9PAY455To5VdP0
YUP2Z01PE64Siy2F
OIPW1x66hKWJ231K
JY02ADoO8hVB935Y
9WTDLr6F87AnVQ19
iuPY76IUR3C2T3L3
RHX1W6A6Q90j1KPp
RXAR8871nT0VW3zF
534DDiOJ4kG0FFW2
LSVLFQ870CK9oo44
9FfS8V27oP5LQW3H
PH27bXTI7vX78D8W
zN4QL45Vi0TY5T6L
eNZ7C8BOj9KGZ935
YEuH6B33G0zTK2F9
LRA603WoEV1n8XR0
6YV1N1KP1MN68Oxe
yGD3hWEMF9Q177S7
3lF94GGMFRw5V7Q7
CCQNJ113HfNL40v6
fvIM79P6K3KTM70N
TL7EQ9UTi113XD8a
VO2PhlVPBK11900I
NM8TV428VgMP3g8H
O21NjVXL8d646TIC
sL34CK1Z1DCDZ66d
A2F1bE80DSSYQ8h4
7COC4qD832OLMz8O
E1z5MUL5GZB2D6u2
gXY0TQ5P7T5E52aR
P7DCw28ETZAa5Y33
2IBRcfOH57232GRD
L0DUX3XI0126RcHr
7RWGMAn0Yo15I0C1
Cw5T84YFY189KQVm
t4BWZ2L10pLS9WV8
IFJs8326LPr46COD
4KE390QhJqCV77RT
4M2l9MWSxXE49X1S
EGu06B7S5JWX9pW6
xJ93D7O0ISRVI1h6
PB2q6U6ZE2M0GAx7
F53bqU0UJH21M6IR
DPRL8ibB80B5Q89B
QSF8RxFIXa765J36
HNS5k8Q7R90Y8YZo
WZBX7K7W9m2D10oM
lRFK262vJB801TAS
7cGY7J6X78NEB1Es
OW1K06g1POED4rD1
P0KFcF77jLP10EY0
C0A1ZD141XC9kFwG
IV7bTQQ7sF0A60V8
dCTR104SxPIOG220
4EYUZJ4G2Qi877Ao
8WxIJl07SUT523RT
D868zSARU7Rw8Y2D
ZAAVQL9Riz5852M7
PHWTOtF33cP155B2
oB6W979SzGV2FSR6
4M23RGa8ShON6Z9P
KQZ0N4p32B2hDFC4
WVA1I7M5Cz607HVm
7F2cNr0Z218MFKNP
O2R33rYZRcB945UG
O4JDp23D2BG4HCc9
GaFd74E2GF6VK79N
3CODcP8h0799GAXK
ORGF6J1036tv8JTA
W13KV6j1xBYM5O4J
YZPiN308Fa4Q3HP4
J3F8G850VQM1VyJa
ymB22ECUIAV97Q68
F3OC117X3fZtO1PA
Q8T2yAT922GfCS2E
VXDR8rT547Cb3F9Y
V0722O7If5OYDRlJ
z6CUO00KO7fVO68J
DCY7ow54DC94Z2RB
O2Z992ZLx6NY2RIo
y7nP7V9F1B4R2BYO
15FG6hKB9TzMZI10
a8sUHU10J3VPRG44
X3dJUN2zN396X9JE
CkV37HMM3rN0D5Z2
MXW937UIS5VP09vy
IGK2FB850OY30oQa
9Ac8DEBwIG4G5E47
ByFNw732U0KL8E3Z
3EMI1CWb8B6h9K4W
85N3LXqL58ZWp7HW
N443bMqAQ7DNV04D
TT88KX0II9X9mnP1
XZp0b5T742RWMZW0
RRVCH26B393Imw3J
XL1J0FOvL6V30Sm8
XYJOY35m749pTWT5
551d7MCG67TGELlF
LEBBseB1573RU01Y
9L658gRODq3CRM7B
ECUC1IrBpZ05561V
UOk991EDDN97pNC3
EAKSdS9TZ7h113L7
WFBk1i0229KIT2NE
2G3XG9J0W3WhLMa1
3CSXF7Oc19XB8i9B
6YiYDHSQ44E42s2D
0KJHLZN6l7092iDO
As14S0M2SAZGC5u1
Z4AJJcVXV12X98n2
6A98t3xR4DAL2OJV
v0AEBUL6NN72sC95
34C8Y5JOpD6M3QlA
R7DHNiNs1XTS3571
a9nG8J7X9YE9DXY8
PLQ7H76dV17MH3Ss
cQ9C3HD8L6YD1C0a
26CKWLkSx6VE231S
IYYl5C1TOM5V555i
5M8D4Q24YlR6AtVR
GV5SC04XA3B0wTa5
9GULZC50LKRf2e80
1YoJVt72WR89SB9B
I9E9889PGGtS1BaY
6P8IKZ6L8iu03XGR
OF5ONO298H59aNAb
B0H0uO3TP4S9RcM3
0AD7R5dA55qI4VLE
2QUJpJi7E4O65S9M
72kKL0WDQFD4wA27
BYQpA5UMk9RJ9747
WJ1C437SJ41RNJht
NBFP295Nqu0S03KF
cOV4L35R4X4mI9UG
DAUS4EY9YMvf0526
HN2Zv2EOrN1P1T07
Y2B87W26DAD3QqmJ
Fz64O1RtSGN7MO64
0QYD43m6Vr9R0QBX
PL9Bs528Q1TREJ2o
y3GGYWU2G65d3U6H
YjQrW5AS1U43EZ64
6ZVSQ4u3635SEuWT
8R4H8Tc23VdPJPK4
9IXDH5B52FSH3ej3
33EMwF7yL7OB21BP
mNBZCE14y6N0A74N
W6Fs8V3j4TF4VX4R
3T6ODD0KJ8s54KDa
f3U4Y7JSJSF1m6I7
67KVx198WDHFuN1C
ZEzNL392RH4A2y9S
R6SOhM8J8QYwW898
JHx2L4C7R1EDNi70
2NPW895cTL5U2TdW
YCK1MBQ0270ohWY1
NTjFH30N7G55h6JR
M48BZXB5SU4o2Dp5
84YdFYOPNR2Of037
IA6NzD997y8IH3XK
iO71bE76MKMC52OF
6XPU5BB5j51K1KNp
4aGOBCR4C8V5Sz05
D91iF8M3OXi6LUY8
FN32MFURk228uJN9
lECL34MM0m63MVM0
hEB0W33FTf95V7TR
MJQqI7V8446dKC8F
PM1c7ZRDJQ4jT630
5VLD9I6H95tI5GwM
2cYPUZZ73Q1wQK63
HO3P6B1M1TJd3pW7
bSXJ9G905e8Q6TPE
7UFsSX9Q07M2CT2l
2JL38XAGxHK17j2V
Nq4R7Va48HA33VSA
SD2C16N36IbDkC9L
DnYNY7B103g33FEL
5SACuC6A088IUgG5
86FWTPCGC2tf8L70
O9V3iYCZ44FtI07C
EXD6VP45NOq71j8Z
WNZ9R0Iby69O93RD
MU3BK2F29kF9qF9L
15O0b5Ts2VOHF8BS
70Q46LIbZeNTA43A
YIdQ42ExD6W1F23J
9M8P6Qz580GLjEEA
AT8M841DlVRzCR36
633VVv4bN6W0JMDW
Q9KJP54WJH977awL
cMAS7Ti6W05NL98T
A2WMP674CLBMh8w4
U641AZ5JJ73GizCZ
cXVVS401JqUEV563
OLMP86Pg0L652RyP
XF86QwBCY71y3V5P
DN0BIQq3VrG01N78
3SdZ5E8NU5XS94Rc
8ZX04S6sEYi8VO9X
uO7JSFJ82NL259Pu
WR7375W9GZ7dOTwH
JC8MIBCHw4162Zy8
yAZ9eBKWC112S3S9
Con9SZ5L4C1S4C2Z
k8s08JKRJCKRR946
EEcL0AP4B0OnA836
RUBN6A8790oJ4YQk
5E64T7P93xEYVgJF
8ZVRUOAc24G936oR
YO4Ua1F7cCO99FR3
0rUKE2bG3HL9G83R
SSb68SMC2R4X9r6J
5E6wIhGR39EDJ57R
6uR55MWH46QT3YfL
aPEZO2OWU402v85Q
0G2iKFO4N06qB5RB
64sYFxM6VBM0FW68
ELYk24QK61FiHA41
N9G4TIg5rT1CU43O
630p2EM24QhPZYLC
K37HwTKP765yUPR6
3H9ZV76aRZ5a7YTR
a2UV980M4gBUFBQ0
53W9MGInLBD5q21N
Wc9FIHIm91759IOP
P32C8G9o9YOBK1Gs
7OI5KWOP7Qzv072J
I7JZ0WG83Oq69ZTz
G2LXL1U9T76rP2mH
DqcU7IB4LY6H84R1
B4DMc76U0FJvW02C
5CX3Ja6ZV1KOq6P0
nKXQ53KH6P57Y4vK
I37H6r2JJIpF8GN4
BW0EI522vLyB5Y0S
VN66NE2UGLfk35A3
V4E2JJA25z5VNKi1
xVO360iI6N4M1UYU
85NR0ZG1hVD7aYJ4
6q2UDTKK0u9IF3K2
9LGa7DC5J63L8AyD
96oBGGBZVEL8z959
39yVE7DP1E40DiIS
Ra43XN86Ry3IE0WJ
l6RS2F0ZSUPB34t5
uZABh30U03KMC1V1
VwDG498C2C91CMEe
H3l9O69WuD43WWGI
TJFOW21KpZ30Y34d
XBWuwG3OL3605F3T
3fLQWQd535NN11ZM
6FbR6DyMIZ0D44Y0
ZA1rL75I24KTj4JJ
EDE5S8zFKGyO6142
3TPE4VZvq6M29E4A
73HWQ22TuN5G8JXi
PWPK4OCU184Pu12j
ZVYdT3NIM1544Eg1
E95BZ3G2x7rA6ZMX
a7AX62PsE5I9FGT3
2PKF0QJW41GjM2q3
0hXP770X9wUAH4BI
UPO11pLLZu3G56L3
008Pn1M8EC5GFqMT
499ic5GTS01KFRZS
k9JX36Ic7U8M4WCS
5FgB7JU71lIYOO64
SFIlHEX704Zm17N9
23CHJLHFb81h0TC1
OHy68X3aKXC108XE
0pRCAK4HE4Ja04E5
R44bUO89MN0BsD9G
u71J7JVJw6IN32HW
psN5B0M2O51DUA4M
RQXMQ21CQ3t17lI7
yJ3FJ9WT83K2ER0o
2C9Tk3CMU7ZWr4O0
67kFH4sZ8YH98MRY
FhAB9T7ZNWF8963v
TJbP1B6GM2bX446W
E6T2OV04btW24YHO
TI0Cv4M1Kl6VW65T
7kCZp7252YIWBBF9
lB9SLK158FPO43Te
5CH6V32f1NW8KQGn
BUJM65V9Pm3h0SQ5
VCF67KI1CH18eu0X
HdrKJS5I4V17J7U7
L7M2BkGi26UA8QN0
UKa93SdUHTE28X91
Y5UL2Ko0D3F2nI1L
J0V77036qIVpHVZX
aO69jQ225YYHVF8X
8JKTx4uI9T9F36PR
Ye19THNA5NbL3J84
Y51j639EJ3KIcPZA
8tVF00uVT25SROH1
Y3KC5ZU7E8tOm27F
J4SnYXkE73M67JI4
KGS058Jf4wA2QTV5
J6q9GfYN9CP816YS
YpDDQ85cZL1W9Q80
0OA1XT7ZbHQPw555
9FPlNI33W0q4G2KU
IUVTf5DI0U2y8Y02
hL91AO6FcU22WES8
30iMBH676HC4OCLo
7PNXKURC23369vIq
NXTA3N6v30s5A8BL
7n5XB2cO5E0KM9XF
U4NDk1ROTZ06r88U
45VHvHZA93lSV6L4
5FbR4E8VWw7B18DL
Z0sV9TVY8i2Q33ZU
CUMM1RnT9477l3ON
K534LAW34jFOCi5J
K6E68TIBiQ1d98KE
D1XPoJ9iKQ61DO79
Q2MM2C264h2HcFTT
HiNDJ1dLV69CR297
XCXRXm2877FQV34y
L54KX6W6wIbM19XG
CO9U1MN88ShU7iM6
t9MNYCA7JH3q79R3
2QUS9Y64u5FAD2Ah
CYM52O5E02cUY0Eg
50J0FQOQ0G11dWmH
J2pSf6YI870CNUR2
SW4D2EYKx3097aZJ
u411R5oBW6CT8RUA
7RZOL72TWL0nc54T
C5TD8n1VQ839KpBU
6Ow3MM3SyT40GD2L
6695L8U7YWbPIzWV
7QcLEhN86GL81JY3
V3OFFFJ560HVen82
0ZXO5aRP56MSD60a
CM8YBX7s5lNUF367
245YK27mkD6MUQPF
L1FJF5w8FVH5P3v6
a4GJ63ULJPoI218C
5DL4XTY0LBw1b09F
AM3XRH27B85oa1KK
OA0LIvW4P6W3mL20
Q3Y4IJL0e981CYdJ
OBVOiAW4r199D8Z1
GPAJ83S5R4X9xJ6d
tAC3LL10Y8O9EyR3
DsS9HN3Yk676UWO9
pM5T37o8KK25EIQZ
EC91VJjCO315DIn6
JMGA4g3pC4587KYN
0p4QH6NIV6QA5Uf7
GVB8vJR6KVt469L2
16Lp82T8YXiNI1VH
4mY5EQA1O3G7UJb6
8yODJK37P86QXw4E
MX05hEON65s2JI5Y
0LT2wvE5Q5SX6M1F
GW8AaX1v0RHS33U3
YOu77XRZU4OE346r
2M0LeL4Pi4MS08HD
2u7DX1VE0wP76WHO
P9lNGPY4G39Ts8F3
ZO74AGrA6nNO0M54
04UIuVjS3LTG7I77
F5UnRS08rMH9T34H
Otp8S3C1EC46M7IM
Mu3X2TRN9Y793iOL
3wJVCXK70RP140yR
8ZNOM3C74vpSL43N
48UkwV3DZL2K8M7Q
PXyZJ46J1TD0zX32
M9lUJ1MI6j17FJ8K
CY6HN73Q4Sc8WdZ1
2vBTCdJ1U9L3F1O0
A84Rnn9Q1MQN58SJ
Y58R1RtH0IA3UoP1
443G2LVXqV7FT2Le
pY304TbL5SXT1V9A
K2ML642BeZR4RdZ7
JJQ1reCYY26Y55J5
ABDVZ6C906iHK34b
5G3IEFX0VD5N5w1a
N4U9tAW2FZ2TQu92
412H0TPO5ONTceS4
V0K5E53g29BUIqNA
IM04R2ILp00Y1pLT
693r3PHIeU1C4ZOZ
5CM47nBC2oT8O2FH
Qy19JZ84G5dENBU6
956D3InP5aHSPQH1
32DXTWnGKX79Lc89
L74RKoXNT2LN257a
vKR5KYF4542O4WhL
Tu088Q8lNHO0ZIH5
UM46aZOLM524qFR6
RWJaJE41gA968W4C
LI3Q4E37QYR1Fbh5
41ZD37UB2uRJG3Tw
38G612wULMIIDW5i
B1Zl5bJHL1G888PN
x7T6UB0OP5E8e3JU
67Z9bn40BY5WTUMI
3L6S4uZNTXu101JU
A71R908VUQgk1YDW
KJvE97X8H2RfX0K7
UL0ZqIV2Pc26D73L
ZIaT2vP3HD9821BF
6KNiQF2S87xG8B3E
XOHF41519TlM4rXN
oECCZL8404u56XKO
41LFX2BF9wAP0Px0
9F8E1hEJ6IT1W5Zj
6w1C2VQQWxJC108D
0HBaM616H0Bf9SGU
4R3TqDTJK84h0R5B
R6fF7N81P17DULXf
FMX9P4t4V896WHeD
BcNMO0Tu1434T2JV
CC8T5J9O4L8gXjM3
C4CQT2F6FS9G6ci2
3LOSWF5e2O20N7Fd
EL58k8BoY6IT1G5D
7jI2VH3u2ZX01BCK
FMNBW8UP0rw5V877
E8LogSY285AAF51M
9z0BLHoZH5B27GC7
GWu3VBb3BB602OG8
R6c4UOF42uFQ2S9X
u55KPZ1RlR0U6R1S
gA9SM7M86KMd1EZ3
vK4G9YGu6F44X2YB
Ae58AIp42JL1N6JS
8BA3aYfBX2A096MT
S7H89upJPP290PVQ
UJDU29xI0o6BM97K
KbEWFF502N5m74HX
MAsm5L1UFZX70T37
5QRPZV9Nh0k3S22M
oQUKWEG7Uu1U7542
q6R5D5AUM24Ng9FK
A16VZ0N1E4CB5eCi
91G3Hl53QGJXMeI6
26r1GZ6G0TlUK9CS
89QP5q15NWJI1gJW
JOc7EqLU6HK8839L
P6K17rU9LKNNU92m
5EB3MqF3XVcK4O09
Q9NQI53WF3V0k7Zd
RuCUBL5636E07FRb
2KR5EDn2W64MAbL2
GDKR5DQCt694K0s8
4E8zSLF2POE6t65Z
T30UxBD28GK98EZv
oV4W0IRNY5Qe895Q
0MEKVEG384dS5Zt8
TWL7Dt036LiW1F9O
Bv3S3Z9aQ0KS3QK5
91KjD2Q04O5YLTDh
Z3X5b5JX4CYM97wV
9XLfO05q6FL40XHG
aAG8C4805JpX0YXN
QcX631P7rBI36RUA
U3FWY3L0PgwN4O54
2CR91T3SXPfMJ39g
8ER8y7F3YJ5UDV6h
NR67BM3o1NyPF40H
Aa6IhU3JD301KS0H
LI3WKFa91EQ435tU
JROxOO523m2G6JF6
8oB5YBP4YPO40h5Q
WTBD8k0ER254UYv3
5QGM93UqEMO490cP
uQF021G6J3m2HJAR
ERP1DB66j96uRI0D
Gm001Y4I6ZhIZO8F
JJ0G7Bg1L52Fj6AN
VF5R09kHM34U7gXH
o7Z7JjIK7MK3IZ63
DUWJ2rRM0512N1sG
M2RFCZJr655S8m3A
J7F5jaVCM4C28TD6
g7EPT6fW3DF4A1I3
JX45B1F7pS4QYN9r
6b8DXQCQOIT95v32
vXI9W8SFlMJ08K55
4WVbAN8744t0EBKP
LM1UUB0LCg4r47M7
ZdJh5W51J6T89FFL
YA4YOO79L1h6w2JB
JI1vO4BLv69BB2H6
E7UPJNxJ834V52Ls
Qq30TMZL61HdE9K5
Ua70QZf68RU7XJ7M
Z2E4I1TMV725SwtE
OKF7B539ALgg11QJ
EwOEy4GDRA1N7840
6PdS9D2YZ7BF1oJ8
KGK6KJuXGw90967H
khNGY5F75VV38QC2
7ZDMP8SO4iE2W6m8
p8F2U90F08GZILJy
6NHG82K8N6H5agMW
TDH6U0WQ9j5k9HW5
M1DAUGIS02Z1q91r
Y5H0CRRkYrO004J4
SIPSvZ603C02pF4U
lLG7JQ9C0580yYID
Z0D5nLQ52ZT1ZI2y
520MD0fZ14PMMVBh
S4F6BJO7Cxl7F87W
PPpk3Q93PNJ876XF
BGDZ29RFCF007c0p
VNVY2t992s9PE4HU
PBFL25bOGsG65S92
6OXgL6NKETR9l834
T3rXU7UZA77t7H8H
FK9DWYwy70W91CP0
WG57XN6XU32pKAp8
RKbCGnM12049E4HQ
4I9Hn7WVzGSW077D
OF2MGy352xIQ9PQ2
1w30HAXX687iMDWB
MW9XmFv78T30MJ5G
QII2nQ2ZU62EG45q
DO4O7Q41I9CH7Tpv
Z2N8R4AQ6R7CmrW3
OMvT40AV21AtI7Y6
9oYKT6E9N7Cn3RH7
285QOnD705JWcAQC
sX0RdO7M9GT4B7K5
SXHKTg3O5B98oV44
vLE6Bs7O5VO6Z45V
Aq4q76K30Q8MBDRG
NDJ0mXV3L46Zk01A
EI0r6E6hNI1Z61LV
9T4YXlC231cATYV9
FIGw7I2S5817RWtY
oN0JRvLAE5N7813F
83XQ9WSBad9XL5X1
VF81gTbBT762QOR9
3Fp2WF0f3G9HPE7P
6A7AAA158TD6SwpS
JDD41VCx19It1E6C
f9kRQT26KG322TRK
zLgUNV2LNX05991T
Z87YSGgz5W8E34WL
E1nZa6QZX1J80N9A
0eoCL301PVHL6NM0
8Ob8UwTA6U32U2NG
FYw16F8HVIpJ512D
Z5T3QYLeS003YM5j
D9GXT7Y39lVI5Fi7
3BP1oWU92TAE62eV
k8WU0UE46HM48DUh
8LXW9VI398ElO6Ev
5eOX10Zr54TJAE4X
1bIr7US8E1HMPE99
743X3kX6KrXVDIN5
jxNPHY5B0520VHE5
YJOBK418P8h8XkI8
5pFX5FO6W32P9NDm
9JRn2TPHh0Q495LX
IldPQF1585YA3NW5
1aJm0OXIIPV1092Y
zWJ5O78B95vHFJF1
7E3GZ08ENXDz17uW
lIS00L8688ZDlQXR
WBQJ6C4Y2QmW133n
3bY968EDLJA74CFw
09NHGtU15TT52TvF
ZaB976EUj2OQ6V5Y
F9Q2W4MBoXO5p6G3
NRCY9Q1Shg8H1J01
6f6Z33SFMsLJ60OO
PSR40IN3oA7b4XY1
98tEBT3K08GCjXN2
VAI9UQ67W98g2BNm
1Z8N5M33DxAf7AZU
6J4MI3lvHS792NGU
PSZ85DW25Hk0ZP8w
Z5B4t9PXSiAB61D1
H09PhV1CN11OMD4p
8KO2ZlG3W9IDc48A
SX6V7TXu5Bt27T9F
34RoCX1EI8BjYO57
sFu3L8584W3CVKDJ
1Z0Z1GRRVdhP5Z08
Lg97XPM243IHEHp6
W2cw0G1WET9PVR81
3k9F6BVq2YYOPG39
G5NO0QZ1d2z8N9KL
TCX60735VrOKTg4G
ST7jW7MA4X2OvU73
G244ZPMEA61lr4NY
6UI4D3NU2HmFcZ75
AG21BMZI6neSZ786
5N65J84UxM3CEIuM
U1M3oRXR9HLXt953
i3T3APDE0499yHQW
DZghTUQG75Q47U70
6LHH374QPe7dRBG3
85HRXJ63KlH68XWd
3kYSAZXBY078b80H
30WHX0pL4S5N2aGZ
Ko33mAP7I611MRUR
1UNG86G7RHuI7a4O
4CDKqvS5PVQ754Q9
0B6tDPcZUA279P5G
W4NIYT7d5Gf4RD83
YJY8F1V6N8G31fYj
ob1WIE7FI54J8LF1
QmJ50H72C8HcRVY9
eEG50VPJr5XF1C45
10BVse1OH6NMT05B
O1tA6DT777YZQ6Ge
HI154Y21HRSt0fRG
SF95MD7331bNNyAK
B5qB8Q521WVHgDB9
K96UDH40m2IpOGS8
n7KAe063JPZ9Y6ZT
SWYW6MM785amMU62
4F9d2E6TT99aVEDN
EEEH5C5fT9H0h5U9
Y4VKT9TR974pUlM1
QC2SV024UP7jeK0N
GbXT0R79rJSP2P31
968TrKAB3H7VKqW5
fNDIB54W31I3h4LG
301CNHPq3S7vQNI3
yV5E6ZUGW0476qOP
0T0ZWnNUKT86f02Y
3W6NU2GVS815xInZ
6J83bTyNVMZ3K0C5
WVB559H4qB8Q0LyW
e9DZTORR43Fq5E70
AXW04EU0w7W39AyR
6LT3Y5KAX4roT52J
zBPI4986T05LPXlZ
2R4qUNV1xR6TD6R7
OVM250K1vFJ01GUz
YL20U16CCi3NgWQ5
EAC2bv6PG20B9S5S
q8tNIOT6RY5Z44I5
KQ5LRiu82R4E13PB
NT5pZW57Lh0J5L0C
PCAM5v70XF28CG0s
Y6UJIk6N8LHr7P73
9b8P2cIM4I6O4LRR
F2ODUw5S64wXQI42
UK0GDXY119H93Ogu
2C9RB6pK0TZuQ72C
C9GOu1CA5Kb070OO
sd066OIV96FSSPM4
9GQKCbV7676fP5WO
J4M4HNGLU8hWt942
GAe6bHIW9I8W61F1
GkgWOGE39Z2V31F7
XP0JTN0rN1X1Zh33
W2uT0G3wI8RY3Z8C
EbD31WHU51GQ1q4I
7G96cP5E6Xv7VDVG
3Y1JcT27M7gZQ7IN
P7Bnj9L6OXRR4G42
dO6SHRF7hB089JW2
NQVu16X50l9MFQ2J
jD2J08QDC32GRaE1
D8d85PNW0wYDXP88
Is5016JgTJYOZ09I
8BUvE7EF74V38FsW
Y2F77fZGG00aX4ZV
3CA933TFbLOH8p7Z
0NLF2RJo71HFR66f
D0Gn1CgODR6296IR
JCZn7xPH6E0440BT
8IO4CWET78O7jC4x
8L33B0AReM27YHQb
UVUK3PN529YF94lv
244QZZQXA0k11YYb
3PYM29oY80LYtMW8
VG24VG0YmHU33rF0
JZ6OGOvU4Q103Cd3
i2VBO3GM8RXj241P
VOY2B8c6K89gT3KD
LFC692iN08fJEA1A
zq24OI7EM0TPL3F8
PSVOkKF54I1t30V0
443Dr5TC8CNXTl2V
MZ09rZI1k3AE1JJ0
43vLFBS71HB44nBQ
CNN0o2Q84THSTc10
7Rt2JISX9V4qXD35
A63D38DLwH13HEQr
mHJUQ4gU4NK6119T
mABB8I2VW6qU19B3
8EAG9SHm8208LkBL
TE28m3RKIxT4P78X
18KMl9D2E2J2CVsW
D6H3HSmAs8C09S6G
ZDQn9549O94nWXPQ
Sf6JMVtSL59447GD
9f23AFN3T6gDG0HP
UcR92R2k6QJ99XZI
1yRIKZp8E75C29AP
DX65XSJ6L9o1o8BP
kCE3RBP4m83V6Q6J
Q1VDGGw2UD0O045p
0WE09C3Ej5NKH3Bp
DG3PYO4BH105G7ji
AY76FK8i2IE6a5LI
Sv0g48D7NW0E5CPA
9N2AD9L4Tn7t9OBZ
iNNQ48I27mA61QEV
HcPLU1PGB8Cx8856
4GKAFz99YPY9g42Q
N6hFOWDG2R0846cX
80IKDQWU4oA018Tm
W9Ae3HkA01CSPG96
N37IW75UR6JMm7Gd
8UM3DN9Wf6iU54TW
A9FXB8bv44FDX0D7
1WFOA9X67jHBN5l1
X5ZyJTQc4PZ8W553
BEQlE2BE549n5T8X
WKqI1X91N9BL5Z9z
IC0RE1571H7QiYqP
6e1GWS1o6OR7YQY2
G59Z9aKLo65D3EWE
J5650qVDTA9VcL0N
1CGLpO5F13j8NHI2
4G786MKcKSCL64Jc
k2CR9ZOuHE5A256I
OJRJLlDGd9H47005
UC3FE03vU24CE1Xz
ROGP9Mv4Po13EN93
9VtEdM4M9S21LRQ9
FP8LB93as2Z4M8MX
NXm5G5H497Bs8ZXF
VO9155SRb55TdYPS
UD3S6mN887T6NnUH
cW0AUk6N8QA812NO
QNO7pJJ3VFG7311d
96P7Ax7E24PJoIWF
6061UTaOV1AeL9HM
9dSD45tLFTU0R6O7
HA7KDYXUhX898v35
2BDrC96NJj046MSD
74ZD57U16mKWEFzL
LW2LyLNS8Q9B397o
DGDT80CAl89yZ02X
3ssCEGY3WXR95Q51
81BHI1GWc0W7G2Ih
AAG049FHF0rY0Cf4
4EuT55USZYqW9C77
9OCYhEcW793JQ9D6
K4ZdOEEp8C599FW6
SW48J2Fd4M8GQ5eI
5HGV76DTm0d56NCP
A278BF0I0AmCJ9Vr
9LjU4YE1AH0Xo24B
Kfu198W1RQM59VBB
3V81DQS2UsHv81DK
Y6ZJZ9FSg5H156Gx
0HSJ9XqZM01XiZ88
QPkWH69N8EdWQ142
cAk94YRR1PM0BE78
H2LQ3TjA1C7l59TL
7UJQ3m963NYNm4KA
B0P22tHFW1fW3G5L
QATVeOB2C384Z8t5
1sUBC0KBE9h15Y4O
431WR39VEqTeBLK7
HVAJUJ2sbL9W3201
WE5s3V4Q0jVLQQ95
W58N26QJNB1si4HF
VO3OM08Yw6BX4iG1
Z46PD34TQS6z1BtH
OLGf87C7UIe9J3Y3
LFZC9A1Os11NI6w0
bW3qW2CZ9W82EZE8
10R8aAXV5gNWVC00
6gNLQ56zQ02RPSY5
8QU6CF5NL94L8Pxg
xPQ89AM4RZ2fI8L9
NR47NTFX6I81g1Uy
854i3CW9VI2YcTXE
ZF5K7RSP2EN5cf59
IqH5FVgM88J4AF09
xXN3J6T9KGR42s8V
7D23Kf3C8IcVO4BV
T9FDKCLe0Qv1262W
mTJE5S2q95S66WQP
FGOQ04J900aUZVv9
CRCxT86hHA34WG11
Lhy209GNTH78A6RQ
t0V72FIqK68VQZN3
84L731SI3sJLGJuM
9g037S0ZlPOZAE0K
L4XLqU23OEd72X5T
J5WEv5UYQ39E7Y6w
aCUKO5E22950OFxZ
TTFRJM4464K9oiH1
w8TZ3NS85QA6Xx6X
P7tOPTA8Yw294P3P
6YPp0CM7I6Dq2UB7
48EwJE15qJSGO4V0
7PNYYh277UIAK40y
S9I1SrE8aO27BI4C
QPC4X5wd9JM488OS
s06YgJ5M0P9DY8GI
R749t0P9WSN6EVBj
X2FF02233bbKSSIN
I0QC6RIJ2i12XwG2
B9531YZI7IfaMR3V
FCOEuWNFi211460H
7UY7aAD29AcP45OZ
7S36BKAC5k4U7BaW
38FY4nXZQ74yL3JS
SK4Rm568G9BJ2EtV
Z03FD7IBQt7Lz4Z4
UqA9X7jPY548D2NI
z2VGW3PqU147O9CW
JDV9H0KVp18i5KM7
O8DC3DWEx0u5G3Q0
I15ZZb9M9ZWL4m5B
FM2551WIDPpy3WM1
liQJYCA6026ZC82R
51IEOd3VV45V9pEA
B6BRL38lEF34Mi2F
1JC2LcI3y6AKGN32
XZQWPhH4L9231Z6h
1ZZ5aX7IaWAH94G5
HEPc6X2nZL1Y874H
9OKo1QADI6k8PG13
QGDX951RBBL84l6o
AAW6W48Cf8P02OgQ
m89UUJKN8E93d0WR
JR55MF46dn2LA4FS
2U9IqqHFQI178BO5
Z57W57aWGWMoX3H4
YZKEKB9G726G2vl5
Rk78F9A1I6e9SBMI
QV51CKXNu6Nv0C26
y5TVO18I5bCHK56Y
C45CP8y84KGDu9EM
2IrIYLFm51N18H1Q
T7lQP5B9E0nCY8N0
f3O0AR6C2J8QDFb1
B8APH4QK518v6xJB
92QQxHHe0PY0Z12D
k4vKMBYTML85P690
HWc4Z94FVy88BSA8
zL8AB5RAS2Q583yM
LMx120YWES9MY7t9
XQV3C81mZ49J6RyZ
Y62Xm29P04EfOAQY
4LXe06LQ7I0Kn5KF
rIN1099N58AKKkQS
84Io70G7AoC6XVPR
WadEFX03GV1JN376
P3GH3tPJO1s93W6X
eC4C5Z84Nz63VIYS
Z3EPdS37q5COB9I1
EW53s31XwWEPI5L4
Vsu97B2E6N2L6LAB
ElnI6J53245TPIKM
NM6u4A69UPX7X5Eb
NiGPTI3Qe75X283V
4oMb4T04OXL9N4PI
gN1ZQDV58T688FkV
Cf9IRC5R7GoGO806
97K2WXVE333NHLzq
JBB75GB5Cn0L12eS
h3GS6zZHB4VY2H47
MKO7Eg9f7F7AZ9O1
UFNCz4307B84QHFk
I3O9KSiM855VU0Yf
C6OQW66T4p1CRM9l
SH5501L8VOsA1gXR
CLZn641R4n4B2QUV
9MhRP9WXIC4cM911
EVs98W6BO2IW38Yw
7Q63HBC4ET7ihUI0
ONRRKWn2e70PN929
4n6F1UEjGEIG63P0
01B91PTI16SuXGxS
gU845PjP528XHEGT
0YbLZQT298H5gZK0
AUFY0WfGf24N382U
I3RSR362G7BjvXC3
9XKYCK308B4On6Fx
X6MJ4TrGCTV57r01
G7QE1N5Gh37UT2fD
MXK275VO3L8rzFS8
573ZSlS71NGI6QlB
ONRI75vc7D2J3B7L
w08q27HPWU87OSQJ
T5180J9SRg4VLVLh
B4e8Z8IO36In2SKB
XDV3X27g1Dk4Q6JV
Qw2PCX65M8LC8Et6
QmUiR0575XT2SLA3
71FJtoZSQ05PPM35
0LB52RMpw7OZO5D8
09Y0sNYHDN85AA0h
Z9Ld91CO4GLkL48A
iD59KPYT721XRb5Q
mVG98NI6X16dE2VN
Ts7o4BCDQ4WE867U
BOR44sNDV10X18aY
R6K94WTBpL2hO5I7
KQD3ND2I410g2pDJ
WLE61qF7Q5Wt22DI
1XP7UqUP8I95QmP7
j0Al27CRZ0J8I5JF
Z9GO7Yl9I85tKJU8
G8Q31928sLPRpVFC
ZQdVE94D2CW07o0G
3PSRE6cU0RZ6vM16
F7D3YZLnS99qGN49
GG4j5VKNS946CUa0
99ZhRRQ5I5a78DOA
LNBOm0N63U94g2XU
5KDDo01B379HxHHY
3Ss8KOI261g6THIR
0JA0WZzSG3658cBC
4V5P14E53qdMBISS
XGaZ9K59vY0BOP48
IR4RX4Q97VpG0P8d
E72TGIDX2op47DG6
GN61PZDf5wI30NM3
2ODv7K12M3EiG9AU
4sB26G6NGI78RkZZ
3GP9uyRW9S67UJ8X
F2aGSiX9Z3F37R4I
OYA7D4EI41s59PvT
K0cYL5F0R01IhO1H
rL9F2u34CY6M2ATK
kG4mKJ1HBH52K86O
3u4Y9McU6ZF5DP7P
g9GtI8QDA009UCN9
GQNK0x5F3z0HU45L
JzZV7P9AXL96k1T8
k83A9Fh1BKRUE90G
490Y7JAxgC9ESFW2
W0S6W7905ezHWXYY
z9UY6A8YYGF674tB
HJ0Kx36D8DEn2PV7
0KF09rH8D8TQo6TO
j9QF1XOS8E46eD2T
UtJ24747MM1IcKCH
XEL27hX78wP6YJK9
fNR3Z3NXO8Xv28W1
IJ9U5R4F6qvFZ60Y
W4N6z3AeBRM9XG42
NJBeE56L8K96X5vX
p21N9S8IC9XAMX3z
Y8OqgOBA75B5PO78
5I0iKcC2TFH60B6A
3NMUQo3u2D9P9LB4
7GOQ17G0hN6GZ7fF
O0g54S60x4KMYSWE
2JH8SnN1Hu7VS76R
T2ROA508q21GmDUU
K131DsD098YpQFSY
7D3N4YL1rNQ95XIu
YCVNQ5BLY1i4898v
K079IMNfd21XF0ZK
e3AWTG9rU5482SHR
Z48XA71DAT7K6Ekz
1MBM8J4CjK996lNW
HB5lI4FKP80F4R6o
1M91MFB3T8DI9lKi
E2qsXT61K4ISE4Q1
H5hR33OmD5H52XIV
Z929E3TZt01lRXGA
MAH223O8gPNXb39D
3ON2OOjUIREu3574
OwTM13NwM3NE667Z
i45R91QB9PWXSh6Q
4uHQTU37cM9O3ID7
BV13CEJp8P0eH2H6
P43VYFKO76uTe91N
5Oj5KW19DYH44eKO
40kRR87B7HxAXQ7B
I4D4y8K5BwRS2F7Q
1RU8FT9GM24qB9De
7g6EPM991XjR6XGV
K17RMSos8O96LMZ3
F3MFgIJ37RY75Y5r
WEPgD70938GELe7L
8X3u2qBP9DTPD56H
I84R501PrExL0ZSK
WHf5MX3QT8K1Z1r6
JWS4SI5Ue488lS0M
2VpSMcM3TLJ7162X
FL9NX47Um493nAIK
0POYUUU2oi185V9Y
2cvKR4S40CO5YKB3
239VI3RYM3U0AngZ
cEFONT9MU1r413O6
Od35sOE0V7H5R6QM
6OMZIQ6hHNrK9161
FYfJSj60LW8UV237
9IK97W9k7TKTkX5T
26R5VzkG1PJ1X9DL
0Hx9QQ5LIO8Y3sQ3
1jYOrU4KMJ51A98J
VSIoOn8743Q91ZVW
POSLS53Y7K8c7Zo1
i7M6OUE4cYV2VN49
MQnVsX018CXK43J4
O98JUG674LZfY8Pg
h8U64KI63F8BTORb
3YT2eJ8PKXt49KQ9
19aWLnV10L4F5FFC
3fVTQIJ0SA79tK33
9WCE5AXV22Ub17Rj
M12I1GdZ7dHVR62B
5PS529J28ZLZKbiB
0R2e5IPQz5HDF0N1
5HtIBePY89NL070L
bP5W8Z6ZZPV12q4H
LLA10x7Ct95TRSZ8
8PA8bVM7J0aHQK37
4CUPN8sRzO52B9X7
tFSVU2BEA63E30a4
ZVBCM991UWwtE156
451Jg4SOi0OG2WKG
AXSIr6057WGRq04C
g3EJEV0X4499QMvL
CKZ4KgWE6Ll890I4
4OoY15TF71Dc8AYU
1W8SU99o9YY7hXYK
0GqQ6Z52Wr9FI2RM
3mEB7YH40qPH7SX6
WIZl1BCAzF432H79
W62TZCsKo48S0VS1
2RpMDP93D9M72GOb
UYN98Z16l1KfQ7YS
fw29SW9I7AJ4M1VU
KI8x51YSg6LIL8C5
5AiEqC03V01NV4RH
6m6F5J13QO1VHYfR
WzR8O6T8lO156QVW
3MUiQ695mRRQ6E8E
O3c4E4UIuZ2V2AJ6
lO3PB59THB09g4RP
d8V4JRV6Fy38BU3K
R3CuB9XW03Ex58KR
YNU2l28s9TLN20JW
J2ZUt5068u9OWKRL
24LZ2W3NHr7UPa5F
D60ZkQP6Y354PYvH
49KQVU3SFT3o7C1d
Y7PGBBwZ882L7Tz3
gZ3XR7qLUR5O7P20
d2Z9ZY6UAs6JJ8S7
B71P62O5KRIKPtz7
AIRxG8O384EG1X6i
iFdY3F647V52UFFU
4ZX87AAK3J8ic2QQ
PD5mIZ1141J8FSEz
x4VKPW57T1I98OJp
33CW7LkN05ZtAGW8
1J4VIAScF6T27Ts6
QZ87LCrGG05G52Pt
lPYUYU05As829M2X
S3x69HCRQw3V6J8V
2UEF8J7Tyk8VL66I
5FL97mYF5LlH8NW2
O4ENKv4E14QA9bI6
RIXW2U2H03biD84X
JDAD2F22f87SVpS3
U1KYw8Qs7DXC81U3
4ZDIcOWX05J2r3D6
3TuNNFFUO33w1I48
HQ01PCGy6P6ZT2r1
2EG3D2P96eRE2ERq
bZ26W6DLZZAF98y8
6KG32iGG37XtWBC4
81OP9VUJwJB1Q30l
J4p8ZWRc72B19QJN
94YS1C1CHK2iJs0Q
w1WL5U6QAN47u3ER
R59O8ZN8dEK7MXs2
RrG8I20zF2IT37FE
zD7A30DRMWQbX877
Z1bD8Lw9DP3J3KR0
eS92RKSX2lJK3S26
BlB0OMVQ71b8O4N2
YFHxG0PCl1969PT9
981GMQR43Y7NmGAd
VTI4kLOPYs7518X3
PFBQ4217eM05UKQe
J91Tg7PQUHy3J74H
bVFVQJ6V4u856B0S
eD07vP87HC7T9HHZ
tEZH57LY47OVY0o2
5A9IYCa0Ee3O12SM
O6FDCRw9U5K709Fy
0A0A0A6MsmFC66JO
THEN4qM2LI236v8B
fJWZ94YiK44V5P4U
71Iy0M1HVd4W1REV
PMFzF6Q8Z399UHn4
G5UT0V8cNn9R1MI8
v7DJD30RM1LP1nP9
TUTLknT60JJN3221
V6IHVrA0J72s2P4K
XZg8JUI43kMDM075
DsG1GA31K41RdFM7
3Q01fOZ9KT2xL5BV
RGZSS68g3g9T7C0Y
CJ7OA9xRC6Ci666W
Z087RSV19JFd2QmJ
75D1VVWEXa7I7sZ2
BIpbV87ZM4XQ170X
RR67FMR7WIdo26O0
JG8JIs4D4C9b0IX3
5TO4NzY7TLq3L3I3
rmSO80B105MOMVD7
RXXQH02O4d4X7w0S
Z3VHR0Xu9FQ48F1d
69QXH4H84TCAGiz6
3YRqo97CHVLN872R
25JItDZHQ5V12vF1
eV3C7R3D448DCkML
51QlOYU1FDKg06B0
L2RV7D2Q9g9WAJ2b
i5ET5RB5NMaZ84X9
UY30XE4b9bYZEV17
4MLFZS1C04jN87hV
UC505Lf7NV0R4fXX
GVM1g64DEAqKY195
P8sKQN4oW044HCF2
7v2W473D5CZOuTBJ
4LSFwH6OB1B627Sd
3H9TQBD5150BzGRy
C74O1U45sU1SRNtU
V1Wm8H24WL2KBJ1y
eKYHbV16FD050TX9
6I8nHZ3ADB3V44fD
MZTv6Z0F6MV9r0M2
ZIZAWJN3O29643lh
E7R1CBUFSR69vk18
6OCkTE2NTf9L4Z08
Z1OW647hL1WOgQO0
y28IL3A12YA0ITKd
7O2SM5Gua4JLC92T
1942AJQNh7FGQK7x
vQX7MA2P5ZM70y7Q
TIbn2X3MR64IJ91T
5GMeSG79S8E05vFS
Rm64P3B1VW9TY9wZ
WEj667tU9CJ7JTY0
n4RE33cQC06JECY0
WcI334YG4XN4y5VT
zRK5I2FA5F3s18GN
DULCBVHgJi668283
BCrH1m223BHLL5G0
J22FXON9ET7H28hw
B30zL54Ji5EOSTN3
Yy8OX1YQbP6D6T10
QN2Z6I5fWx77CL0N
AE6O2TD0f06pQUO6
a7OJ183IzRZE0WU3
kk7B21R5FIMC3AY9
SKsQ0H8Sd596XS2N
QWNK8P18yRqY884R
11SSAs7T89FMmLH0
p0RFXhA2E6BO0W04
OpW275CU9Ay0NN1I
POQ3R4MS7bB9bL25
QM2gaDS33AA42MB2
00P3LUJ9zTR82XjE
1pBKB45zN3VU46RH
BZYK7FE2224j9VuN
RTZNQI4kSf5774A1
TuH79Ca0O6N0T2FG
VEM1FToK4GqD6257
Wle52M1UNW1QP82C
BDXBg99R9KgFU811
CL472OY7OBc8XtM5
OEgVW5t1F8OE36K4
4FG6H8Z2qJiXL2H6
qN546F8UU73LlCXM
37GEE9q6Xu63AUFD
y55IU8RRG00k8WQB
WO7mBQ13Gf657GQN
9vCFSuUQ3NTI9109
9H587Zd8WHMZVAw8
P1FEC5ZnEx7D012E
3ZTbAISGR88S568s
E0CpN378BBH6Og0Z
Ph8HFD9M3iP94DI8
jRKNU74Q940JhZ6T
5P4VyYEM2VMZg698
SFRS8KCX96163Xlq
VCU4AIT7h8Z5eF10
2DKtuCU9PI9381CA
B1231XfPX9SAvCC0
7H8Fv9H9T9K9SZnG
VQADZZLp67650pL4
41NGL3DJN2Dl9j6H
S014KqQ0DS6FACd4
2TCbW5O9Rp1KN48P
yp42EOW4WOO39X8R
K7l5RAV4Hg75SQ1L
DMnH4872R1QNYWu3
UJG5Wg0678P9WcOJ
V99EyS6VZZ67C9jX
8MNX1o1BWo1P85SE
BnPp4CMCQ125J28B
GZRn058RBVaD46V2
FWGaX8JJj71MR874
6XMJU9D58iM2Di3U
GMA3a7BDMF095eQ2
ORLh370U0QL4XZ5z
rZRCT74AGl3F922Y
sBH4KGuP2S6O2P30
nRW7J8R86KN00jEZ
7vOAuQ7TV2G46R5H
D8UNT63d125GMDBp
51HGE2GpRW59sN8C
8JJ0TOToQ3aW15R7
JFdZK7U1MC3o093O
bGeG6PB5AW7W0J31
4FF31FZ6MRDu1Yw3
3UD2ZBEJC8wtW855
a05G82BW1GaMWJN7
WW13KBmuO92NFB28
JTSXY9Q04PN2fn50
KZ4e3XpSQ77AH5R6
15Yy9YX53s1WMYZD
M8HU0WOkvWVS6521
FVT4C5S0QA00q1vJ
40MYRMz4F441YXfW
1ZA8oNW8OYc64J2Q
A1YQG8W2pK8GX7s5
A2e01Bm2GQ9LH1AN
YG7gvNPTXJ3C7834
5O6GS2l93XFKu9XF
8H1DfJROKQ5Z90t1
QO7El9P958RSdFT4
CAO4053pfYQ0D5XM
1D88OADQ4vZ9lDY3
9MRJZ2CT5sp01MK0
YIKG7I6o1D19L3Fz
2OJV3kBS9GuK984T
LIm79H0lFJW5C0K0
Vs8MWK6B9Q67CsN7
6h1KB8XQ42AWdU9F
c6M89UL1L0DW7eUM
R8e73cTHL9ELV1D8
hT1J4Y6UmUX3M59T
9G31w0NSLRX34BsK
v2M3H3KZLF2l7KN5
K0lb4X1EON0FQ03R
97GWW2Pq5THhLV18
aC8FL4T7S01DH3gL
34P4URJhW3XY40Yt
sM3VR1X45T68iQHD
2Jh881TZ8Eb4FHPZ
8N18VPS9np0IDB7D
91ENX3zE50JDRNl4
H27BqUF3354YeNKM
IX176J4KRhv28AYC
BhWAJY717t33EH8R
uVLVZB20XLN0f512
0kCRm677DY6A8REY
kaQF3WV20U0R83HK
VJKyHVBr2P10E759
F991RM8ULIgjZF94
STNH1dXW1982h3KI
NOU73OgQO6826tSO
x88PMVV1eLDJB636
S8Ii1B619NZHG6St
P1R1OC0oX5Fj67KW
G6H9ZI38GB4XbmN4
xVN38XK76P9iLG9D
LU9VD9Qx46I2N8bD
7PD7900cLmJH8BRO
PABkEIE9L2525J9q
TJ5HR9Ja3R8z8P3V
QSP7D7UNnO6Fs571
EB3546vP8EGiISH2
LFMY3SU6Jz4v69X8
AHM3I7Y27d0E0yQO
OT8AsHm78ML6E63Y
AnU380H08eQZETA0
AB3uD4E3R8fIH92A
QA7FU7Cg19NtV20X
SH1ZQ6T8ceG6D03E
cNAOGeF7W4485O2U
7r7BB64MP4jXFA9V
YOn1RMM153s7V7VB
pM6R3Y0VMy9F8YY7
w5jTCWXF6D6I64F8
M9D6G4Dz9uK5UVT8
4I9GMwKd78VKX34I
TDtEABn9L7V13N75
76D3VdL8G0VRN3Hi
Z5W326i7nW1WWQJM
bS5FNE6ML287dMV0
MEMZP5W3b7a73XF3
hCAH7N28k7G0VSI9
28EINA4x5I1P3RwJ
QY5DOr923r5JSVM4
E2Q60NjLt7V6Z3OA
UCNU2DVh9Qs77W36
n67X20HVC50DLySJ
KT2BF70Nc0Y9WmW7
3Y1wECVDU73C75gX
ON3B0c5NZrG1E27B
4mt99FRFE6XH65ZN
QI68D3TIN6Onc19P
09BL85DYutVQ2Z0J
pG2UHVA06H55VDw4
BBFRQ6BujK40013C
ERmXpISUV6P04500
IJF83m9T2ZDn5L6K
Z0RFL6F7B3N87lQa
4Ta2FW79XoIL2WE6
MuCOIO322T68HBh9
68VG7KL5Z2Qnd8NR
o5n1M0LD9TBT8SG3
D1FT9S215Zo4QvRF
UjTI4O5h6F7CQP79
A2OFp59I2UcL06VB
51AS96CT3rS3cZPS
OY7W32QgoM2MY45P
sKTY6181f5ANP3CA
JOB92FV100Oz1yIO
IP76OOTz790P5XTh
J5J6MoGG6jYU2A64
DJyE32JA4U7kZ90S
Gy93VCnI2S5SGO58
6Ud71HT5Pd3JJ9RT
B7L79wKPU894ZtFB
5cS0CT6tN41U9OLY
DC05ZVS67kz3BWT3
CdC3P3984VYd2YLB
MO09K048RbKOKH3n
5HGbdHJU328J1V6A
TI8w1J4FoD7N1CV5
V2R9a1Ne69DVF7NT
333Z50MkIHDeVJ1O
nXS8PY0k58ICO08F
8YvF5U6MZYn319QV
XMG6t5TN4Hx4I01Q
JHROoCz4E86V256T
CLR9fA1134b6ONCG
AEd2x4VA37F54BCJ
A0n3E4H0G4MdCEO9
IiEe2VW86D90QT1K
BkA7G9V1nE00QBW5
l4UE924DMRSzQ09T
0yAZ392CJKNAF19j
BAQg77D985ZP0UMy
4YW03I5U1SLZ0rSt
AAyz4GM8O5012ODY
QFWLY7Af6B4529Hs
AGtWsOH456494WGM
DU82pM3TU54S9WTd
4J99Vv45NSVwOU8S
5OFPT5Z75Dk8Ed6K
0pO41O1BLT4I3GMa
4dRX615YNe3VISJ1
2L29CHDFu9ZB47Xr
5JdI09I88aSUP9EW
C62qD0GF3D7B0YPr
L2n7YIE8O4T6DrL0
XPVX7H1aH1H30zN0
5SQ8WZO5e6A24PVc
EU3KA04GWBZ50vp9
S1j42L67A2zZGQFP
4A8QE4PR81gOTHi1
MD5gO5eI945U2LTD
04SgkE5EF24DIPH1
IfE70T8ID2HFdW98
dJ5AV9IZ4HN6r8Y1
B08dSDP4543ZSDTz
25iIK1YST9aAZR56
MANRcJHN99B242j2
FNsa6E3GM43JP1A0
X2QFCM3aB03S28Fd
CZ0e2CH1LxE6C5T0
015mZDS85TZDbG6B
45COP4WA337aNjWO
0Ee56PhONYG112QJ
Z60J8CG9G8cm7HLB
AVAV7734RREfB2z6
9PII4Ze8VO7MaX14
1h7OY6EKnSQLP510
AIZdVJ271aE11S5S
XOAo6A423mV31CKU
tApG1LG2PM25I7O1
Xr0XH8CX65fU7PP5
FKZYD7P8L54k3c0L
V5TC5MBRd0F921Xu
VxOBZU0p41II0C69
YtmP35PIW1Z984XS
V9NqM0GT5P1Mz3E6
4BSSX6X9DQ8rF6k2
06ORE8ZZChG84sY1
IKHrE0M106DLmT70
a2X8yU058M3QTRIZ
2AP72i87H1ALXaUW
6MD63SRpBPN7yX82
XQ8RdF5X0V0fKC55
96NFfADW9Y8LDb94
KwQO37WQ0N48E4Rh
INw76iX69TSXI4Q6
W65w7B2EPAI3Qy4A
GCvO66VTS2k06HB2
wOn47J02UCPQ4AB8
7CLe1QFQQ1iN975P
P9nG8Qv826CIC1YN
eB9Z7D84U37NQtPQ
WE621C5SSE0jcG8R
sL1HzUS4F65N3KR7
6XE9JBTkI7I435qY
STSXJ5446JpH3k4U
pD00J8OA4UI93iQC
RZML871WmrXLD911
bK6ZO42ONPKR00b9
jE3KHC3a7CKT54W9
BX9VJ37e120aISRF
KGz23IECb496FB2D
qPRJ1zHXEX6875S7
8TIoJ04Y4WrB03EO
G630jVGyCQ7C56YR
49U3SXDVXy8D4pB7
NT1NZQ223e4G3WTu
EZhxVFR56R0S12B0
E441nLS0SF37ZQBd
YOLQJa84Q7O3Q2v3
3k3ZXN3pTGO2L0Z9
T0hBXWZ536WT7u4M
6L5BXOfWB3O588lG
RE42PFr3vG5Z6DH0
58EZQW0nAH997BkF
M10TJ688VY9KDaBs
V03GXVf7M35FgT8R
DLY176SR21FTnx8F
N2U6TF7Ef7q2C0PE
76wC0ST2gBJTXX92
OV6H57BNiI831NaB
xkTFFGHJ96D1571Y
Jr5OJFR0DS9X22z7
CNTnaY94N8D328GF
D7BfC5D6TScSA748
FWPt0TTh776JW8D2
O9OXDHtTJ51E316q
M3WB65YAx66ACX1d
LR643G5CHpLA2O7e
EC8Uh5K4fHF895FH
H5PTm83C7P4CO5Zn
BZJI90CkMD70Ug65
Z47EHA47DgMG4Y0a
Ygv0VU3T0O0ROK49
XQz5WR7Ds7R3N6S5
27qK53YH35LBtUGN
BQMC80o3O31sYD9B
9MFK58NV2IsE74Am
L8W4Qt3GZ85L1NkJ
mR6KDUT6M1Qo42W3
Ma3OVM95Kf2SK84I
9554TYPNd7LeFEP5
0PSHw901KW0zL4JK
zU9F5QcU26P9OU0F
9JRUX0C7qX89VzY5
SQXZ49GJeRb2604T
SDS1b21XI3LZ2t2F
7GOJWX62Op27SH2m
NU4AWZZ5LO55s36x
eWI092iE3MENPV18
1V8TNY196oK5RIEw
YsRZ2x550RR0OF9S
nzHF75DS64ZVVF94
QI9M5L40lN97IYVp
50EDnIt0W22CGSH5
L0SE5JC3Wt7Z4tA4
W2K888N1EbDI7ShG
HRHi526G92rWTAA0
903qVN2T2HOLVt0P
5DQBZS79G17D7Tka
0W51J6veU7GGC1PU
07SSt0840PZKXeSW
MAo277BWICw216YM
NG1ymCV0L4OI966B
87HTrH41T04lOEZQ
ZVNP7BX11794njEJ
XcI0BRE5Nn2GS254
B48cYY84FX3q2LUC
RMnM6YLZ50P175Ur
U7pAR2OYWgO484N6
TZ524Kh3XtAR5F4E
J385R5pTI6TNFr5W
9A03Psf59MVSV9FT
4eV24WW5qI2OZ9XD
PKT9CB26b6MTJr76
hoWV73N64JU04WDE
0W8KTCG8muFK15A0
WBP31Zc067zJ8WID
OXr7QUFo7AHZ1374
RDNC61M73Fn7Wr7K
G9RADG3I59Jy6tH0
LWZWX0Ar28Cu872A
VuV1r5ANKXN3898W
9C67zSC4C9DyY3SI
GGv9IE56VGl09ST7
9CNpO8FCKFw9L715
Gm525yLQV53D6KUV
I97ID9bSZnP4A83U
RL9RS1T4Tpn0UW83
5B73jC8VnQM40ZED
D9Gp08J1Z3uRPR3Q
lDX7Q3VUOFi3Y470
Ycz71CUNBR4P064Q
S02KIZC1H60rNjD7
n4B18oSHIA7UY95N
DTIq0FfA17NV4E40
8h51E4nBITX8I6LX
O44DR84mT87VVTkU
3KJ3g8KV7rFG0X6X
3qP4G91IGzU1NQ9U
RV15cN836BVKOLp8
OQsHs93F969UP2UW
9PDZu0UVpZ84VM92
04Oh48SVvSDV4IS5
KCQCE1T553d60sPC
7Y80IAVH0Z5r3UDf
87X6O2UbYKAK1Fe5
RL6RK2n3r1U7PAL2
M7TYG3WD7K13s9tC
6OLg8K5QS4N01PTx
689IBn8FxL8KF1TB
1HHC3t49IET8HD3a
KCJs4wVS02M776VQ
ZZ8FFE0IM68s0m8A
nSYaWVNL00K018I3
1CVN1C5QNOanR946
UFRQM90713iIhJJ6
s21QIZ79O8FUVd0B
XC2KE2XhS5V4x68H
J2bIGO0XEOs9A451
TI2O0855aJ8PxMZF
e47V8CCRZPPrR768
LDK6IR253MMuKx82
0AO6O8OS9j3GRvD5
LT1tUyPDA770ZM66
3OUJFV3kJ5f3ZO68
VEPYME9e1m9HX061
60L5CAm2DTS2F0Qe
MlnVGXTE42898BG3
EM9P1Oo32CMzB9H9
UkL23JH9QX22S3Lx
54OG0WELNm68f8IY
UAC9Q3CkT79z9W0K
0W1S2OQ65B7JxmXZ
3S9yBT6XZ5KMX7h8
BIH1t0Kq2S063VOB
144qIJ2G1TLQ6LxV
0N4W1OE030AoIEEh
3AAs42XW3pZQY66J
o88B1VLOMEf16MJ8
CizRVU4L5C19P92X
J7UTH59DFo89d8VB
530Tt8oZII3VA4DB
TKxRT7QW98315AtK
P0BWMZ1dm18CQ00C
HsPH67OA23El8RO7
0E23XInPc511BXGM
6G3TaK8ZSID84N8p
36LW67mh8AIQPBO5
0ZJN6oAXQ86WGv45
GWC5In15cAV9V9P7
Up37X4eH4WK7C5NO
UNJ7f437XOw3CVX0
VIX0zJKP109e2K5O
s2I6s74PEY5U5VGV
TD5100Gq9K2USBrQ
WJM5c5M6F2HD77Dj
Y32KTEVoM24gI43D
aXN6U3ZiQ97AO72N
6Kg6Y8w2H4KHG3JR
c202LSJw9MJQ90ND
8HOSR0aO1A6gC06A
WE18U8F6fR87JUbW
R84m60Q57MBDMWUr
YFZ5JB620C0g2oJI
VT3971nCMETu2RD5
86tzKS3O0JOLO43J
9535HUH1Y5uRRXfV
p3C35HUC0M6P5CjL
T0YBTt9Y69J01uPY
0DNlIKSU2284XO4b
O25jN8UfXMX72ER6
S7IADLB727d6TuJ0
A63DCLGL1N19tF1a
VVRMRGu2u43YS269
J6J55XkB0Y76OOHc
d9LWQ6732CXT9iOO
J3BB6bM3NE757KPn
0WT8fNk2K49X1GQD
NJJSd5L4376INy0S
YXH0W4W0t3Z9kBW9
7TzM1r6N0CPX19YW
0dNG3N6255ZbWBJP
850VBPEMBV26oVc5
LF18HT8e99CWZ9Gb
L7DANBG962Qio5F3
BMbH5X44P80SgE4V
EMGQO5LEXq688b98
VB1Zi1D7TZ2Ia6Z5
mQ89Q3wYV9JZE75O
DG288KI4W6bE8OiW
EKNVbHzN039EM069
BmJjJL45RHU42C96
81MwJOSW8B1DH2v1
9GOP5UQ35T1V6Pnd
95r2PjNKSD00D0GQ
j7WZ1Lh0SIE159PY
P08yh2SD99YPBWH1
7FQ4KE2gLv83F6DZ
ZKEaKNS063C65y9L
OCT1Tu7GnZ144MX8
3TRM11k6c7IRRH7X
AV93DfA9JZGo7B90
8ECQ9Ukh8IK535QQ
JBOH9Y4QSFpz7031
w2V0U17x8FPZJ5MP
Hk5Cc71EA7I1NQT1
dSFAP3DT1w59CI65
dVWG5N2q9BECQ131
SLND197c6l47HNEY
0GNTBZ6E95vL9n1Z
sIN6Fm44086OPCTS
mM7SH956P4uLF1YV
P1RoK36E6xBZ4XK0
0HL9D4jDLiFS498P
A02EUAPJ2Ik99aQ0
QGNY93v64bCB88US
24rJg6HIA659YLED
O7RlUT77Bp0RJ9X3
OXq2UjIS5U04O3M0
v3LTUiYU6B85A3R2
8Y3Ei3R9ZZFj6UO3
BCQ9AKJ6J2U971jp
AY5nM251E3GH2nZW
6TXRYS2L4H3L5yu6
5B0NVe6MYv731PWK
5igD2AU5HXA4G0X4
K3C1VkW3FEo22VW0
JGKjsM910QLCT534
QRn4l7EW2P018CSX
Iv7CZP7Ap7QU4L27
8OMNZcUS1FI2c716
794UCAixRCI1U6T7
D1OCcV3TgWU1396X
B1D9Rg1SUcU7O8X9
WQ50DXVN3Hyj5L16
07P5Y8fLt1PEZI1Z
JxN4Gn809BX1KF0A
TDS8H2X50s0EzJ0E
73CA5xUSDC3T6n3L
DASM2YOGm1966eK0
CUSVE662aFaQ0R60
D3iYY5E2k6KW42RU
JhKd5I8XW2Z78HM2
K9E7KSYBh11qF18V
R87dRC6D175DQrPO
Mg7VEORhQ571E67I
0MpKJ2AYs65E2XB0
B5PG03BxZ41D6QZa
YFF24phL6N6T3J5N
Fo6CK5AGrRX2Q394
GSTv95385kTUOTI3
E1W6q2fIU23UQ5PS
uWNY077CwXN87OY7
SW1OW2RSC07u97yG
VX37M5XRI7g0bMS6
Zf96rS1XJE053IWH
kM96HwB3I5D6AP3J
E87CHAyN7GO26h5G
JW48W2YXS20c2LJo
4MLDJD2N5w97HRb5
126o2KK3NY2OzZKO
Ad48US5c6TEE3P5A
hSGJJ986zWAM68O0
43OIjV86HQIED30v
SZ305SJZI1qt54FU
ERAoSSg3488X33HU
UR5VNe3QY04UG8z1
7B6B6FhZjY85W0JE
U5g17L7R73NHsNQC
Z062t9u53OCBNWTX
Sf1182YRBQIV2Zw0
ADMSO26X2S7Sd99d
7mK2XMZk9U2CK5D6
Ji0LW88Uw8T5V8PE
YMMV15Lra640R4WK
L4WW0Xp5F80EWr2S
8vK1FJH33OIh7W7L
FpP5DWcEV394AC26
XkN3TF71VkS171ZN
OgXMo9SR58V6N8U1
Q6BRP1VvyOK1Y398
RE5H3IP55kQg92IO
KNOl69IZI2E58G7b
83NhF7aOCV8Q8HZ9
bF6030TvQJ56NRKO
6VMVs6VM4O0H36Iw
XVE3TY00L1vU61cC
V80FRG601O1YPNyb
UK13UAORpk4RF671
nf6NYI78A6M48MLF
EQFZuEfQK07Z4269
16X7C3MGDLz0fCD2
Vt3A48UPA86FyS4L
RX13UTSBlE2Kq079
E49Iz4C841KXSwST
3DJ05Ku1R9UZwBK5
aDP2JDRA34L69iS0
7V7c0L4dPNLJR75K
WW6K6W57Po1HPXl2
E7AMJKV6W3u79u3D
Wk1AY0Mi89N02TXT
eQH6J531O9iY6DSW
RTnU5I03P91RR5oN
2708IWsmXLMH2BN7
V1BF287HMcvYW2A1
F0VLDQRtiK03Q123
JESyW0Z101KY1U0d
tOC3w3ZFH8EL730Z
I8DbWA79K4f6S3EG
PCV7uNH03OD12Lf1
O64xdMMA0Q8I0KR7
OQBnKHi290CGP899
1HN8yJCvP7O72T1M
DZ27x65GbWMA66VI
v8BEVTURC6f2149W
h6UQfO29G1KTJL72
8Aj1UR2IR46Q0HlY
PKGJY07MNyp18Z54
5MI3i8Z65DeHNJK0
BDO7Q5et12S4UR8I
SSo72CRuDX5K307M
74JJ9bEcVE27YVZ4
48oB8OKBYD04mC9S
21EY8Vz9OG8B8bTN
p7KW5M32OuOV7EO4
SuAC92TK9759dGAL
J36CW6V6AFw23AUr
z48EYeH15OW1EO1S
1EKGW2D7nQV0Ni53
kQA89vWYP8407NWW
Q6OD80U4Nqd1SSL6
Ee129fRK4HP98VYJ
LHH26iQCQV6I7b17
9zPPXN6X2TjT954N
GC84Rb44ZIUv11CK
7bV0UBMXhH21AW67
2J946VO1ACE1ocIP
06E1wUa0YCNE4KC8
DB6Q5Ot8sZ38FCI3
yAVG64zX4B19L0BV
8SGvShOPT460KJ86
3L40U1wVFR7Ak3RB
DDbZKOLb74297D9O
S6XH5YO37xVZZk05
D3M6j41N2WPHs1KA
UCL92Lf2A7zD95VR
ZM5ECGC4957S2Ahn
d0H8H78gE36XGRIT
Ia0IVI84AZPmL170
J32U6PYs7HVAN2k4
Y976KYHf3AiRN54A
AdG563D1TCD5CY4u
RVPQSnH64uD8A108
XxJHK2X1T25H3p9L
2N8SZZaWSo30BG12
E9NZF9004ZsuQX4D
Q1RQQ39Gh74QjIJ3
pFETL4xQC6BS5543
6RTkhB8Q5FL4F03T
gX0G5XA103G8XvTY
RwEUYU8N52zV16J9
i7OIT3C2JAFNl188
TJ585G2zRbEMB5M3
T09oD3Q9tXG45TFR
C98ANi80YCJ9PEx0
Nm1BB1GtFX248XZ7
80hFXP4K5M2XBgZ0
X1K82RB9Rw4QPw5D
S0ZwW9IKPV3Wx722
2DBXDIuvT6799OZ7
qAFHE2fE82934UQE
5FQ42KdO1RzZ1UC8
C2LGN17cZY4b83MA
CHT7I3j89SLD1i2U
gLNCA1OL9452G1wM
8TY2K1ViY6nL96CG
ZZp4GHV985Qy8F5J
9Q9GV20rTE3Rw6TA
BB6G3O4Hl1A23WsX
WK3C59Co5RI0m0ZM
QtQ3Q63D85K2FWIk
PnV94B00L6XCEXb2
fZW1Y84AA99pSII9
Eh91s8WM4T8CRA0F
3VJN26b78WNJTy5Y
gCZ6M8RV9U6tA64Q
iD3VPU96L8JB2t2B
OHCp43P7T7vA72HN
QZXK1h7z33FUS1N7
xVcEC7T97TMY60C6
OW0y5p1Q7S0NLSC9
2L4JT0FSAFP18u0h
87FZN9SU03gLbH9J
kXZA65E986gGYV3T
y5EYX7ZES7522fRP
XDY1JK91k2T3tGO5
GUeEG1n7I7HLD186
Y4NwBz61J99E9DRK
0S1Dxb1AVT91S5OR
jG76JC7C09GC8YMh
T2fJ9G4yBJ8OV95V
1Sz3FBLcW1OA27B4
ZYQ8T4zYG36E3W8e
EH06uJL79ZLz8J5U
BM1dY5RCN9pN20D5
V3YZ717HTvl53BWP
B8o9DJ0BzTCR76F6
Bj3Q2YgVAU05O7P6
TTe6h6IF7GHC793S
NpJ01N0sUFUX54D6
4i02BGIUTFsA46S7
aTX95I8W6I6KHzD9
AYCxD91PFb3F423L
PD17KOpPB5T0G7c9
1PYrVL2L4D67O2gT
8CM5TOS59Va7EhV2
xU6U9FZ39HH8F5zY
DTNZxiPI153N341U
72WJHrR0W509MeQP
X7LE81U47U2WZRcg
o6IOLF157N10vWRB
B6BX870O6E3QrxDR
lNBQOAp677195FTC
Mb8RI5T7IU9P5b2C
0F8N74ARK1jGQOz0
ZH3jW948g6GUFJW2
61nA6GD0hQWB9X2T
His8B5V3TC16SD8L
aJ5WFVm37100HOLF
Z55P6GKlGEmY28F6
IG67f7QFJB7Q9aF7
Kq18IFo3P37Q5ORX
GpZDLDYC048tY453
Ck278FW7T1PJ4CwY
RA2R91C4dDL2yD3T
32W2YHJDN5F6A0kl
93VQUKZT3pO80yL7
N6WQRhLX1R7526oL
5HW18FW24K2IvzRD
4W11bVLyS39QL3QT
23k5O0MU62CUTFyN
2FF1OC0YmT3i3NJ6
PkEVyQNRJ269198S
K1C69LM1l7ZBc9LT
HZU8N2fc479BPFL9
LYXF6LzW7549Cn2X
2zZ4g52B14TVGBCM
FqKMs097N2UMR3Q2
qA9XRmN7G0T1V23U
P5UK7v0F2EhLA5W5
t2Q222XXN5QaFA6A
8B2wSNMUZL0E845h
AyC0J78E72HA3jTX
z3W30BCPvAQ90R9Z
JIPI95GK82yS7Z6e
Jc2eYB7L4NK49K2P
7YM55XNOikX3O86Q
P4O12b5FIy51DSEX
OeKB81451I1NCQHk
KBFK27YU2x8P7m6Z
KyH1250UO8CQ5cMN
VBNyU34NKa5825JS
KdLAIK9U1Mm148B8
D07Af0f2JIIX7LW2
V4P30zTD6SQuP7L5
T4H66I9ht1JFNPU3
BBWsuF4J1665NKV2
SQP7DY6Xwm5O50W1
z6OXQE342NU4Mo1L
iDNLxF42YOJ0Z653
2W4R92NmC2FDdRM0
EmYNIJD94B28s03M
Y8IOYPDP9e505g1S
A4I3e7sICM73X9IG
3t4gKQLT6WS9N0H7
TJ4QS3B317C4hWBy
1T2TCyL5RYp1XL20
R1Ln5KPS983H3JEh
7J2yRWTIO2h3N8T4
AR7O48Tf9Cn6WH0H
i6nJ5DNQT8X94V4T
aG1HC1AE55ADc9S0
6MVvK66SJN662CTv
H7IODx87U91YSeE6
Yn4WS96B40OLMcX5
S0Fvv23Q8GWJ1LR0
6MSpXWT6L9yR82D1
sCD2EDURo89M91J7
Juu0ZMSK1F424SN8
D9Z0ED9K7S0j7LgL
9ZiS5GY4T9sYWC74
8WC9R7EC2uF6XB1p
