7V60L3B06I5T6G6DO135
VIHS8H9F114ZN1225892
343856H4SAHQVJ8R130Y
N9Z8P40O9Y4O9736ZP5T
U968K518438FHGOL9N34
90HAXZ6838588ZL9881G
F281Y0N5GW6P014Q5485
05A432Q7RFS8TPRE1372
M84765UY62379W6OL18M
S8SD776A23V2I7DYC4I0
AQ32468310QXMT4PO03P
2Y75V5YJNOQ28N4611Z9
1138BE6B69MMS82UX58S
VGF7Q933855Y4K808R1L
FX58U9ISD9VC6F4A2725
4051HT6462TFUJ46917N
8Q8T88V29W16FX3240AM
15ZUG404E0N0X924M5W6
2C75RW2329I93490I258
SG444YL30O8247023QMM
61X8274SY7ETSU376AOY
N36O02BB29Q6E0A8351Y
496QG0479SCEQEY59R56
I620436B1M48M51786Y1
6C37ELJ563I68377ICZD
G6L601MR9UQA3J26317E
U4427D37I09E9MZU73NN
230806NM23Y1AMR02212
NLKAW3X98936WH73J529
C30290P3G49H3II66AQ9
854R14A2767MJW63QN50
S7767Y0I89ZPJPAF164R
1YB10AE6565WL54252U5
ZN2N1Y2U1O8781L301Z9
4SY23338UQ437P58O0N9
27554YT88G4I41ZU71J2
1894BXFJ665E77D2L19F
J1HC106J3TC4925W44C8
5W79R56K73KI2543Z82U
U8C67P87K31SPHZ8564E
N47EJY0A4T7Z718U30D7
33Z9685I0M50VF50TR06
30VMNX74EF1G4854D210
909240L782WI8NC141KT
8B35F892NIX7NDH5J6I1
9GZ2R3JO6952ZQAR40I3
J67J1A1D2EE4C301E41F
SQ1X62X1JBI657IB4471
827HZE489B00876FRZKC
7IU51H9KB5R19B114Q4F
9T806VDIHKO1L2R23428
J2122U552M0H1F27Z08Z
0XNS67YHV82X76G52084
LE58UB100AWDYL4N0417
12QB038EF036PVA5M56M
096T4OR5Z4M9JT8QU29P
47077QM46BLV8BKPHL16
V292SO784HP75N53Z0NG
M500F1N1LL1FR30X0B6G
9R30O41T7J78DA007N21
X946FBQM72F9W60Y94L4
S9027WINSH82IQO71M22
88682829EBHWXX81AJZ0
A7MI18K9Z47L6YL080K8
0D7KD38IYP9N6H9911R4
6467170942D6O69WIE5P
KOY9892Z1R052ES4B80P
ZHX6312V54M00736X9KF
RF6Q7M2837D3XQ6I7ZN6
Z93738E5G2B1G905TJPP
Q64860Q78UC1N56W9SJ2
LG344X4149F3VY2G233U
6787H50IXOTCK7013W40
0Q7UU36W11573377Y4UY
10GA165QF3P33KZ986L6
I6RZ837JI2FP66C16U36
4L9697AU164QYSQXG6F5
03222USG0CC587Z2358D
5F5246VQ09Q14Y13B2BY
771UZ7U88P3I1B5Z6YN8
6F8800712857BZQMF2NC
X51I50GDZ83O5991IF63
L12E92BF95D534EV2H74
Q1889S15ST6P84WMC1C8
43ZI208F1K8Q77UJMP66
66C6DY77R7WEQ438A119
3F1736NW0849HL2T711I
04M6346Z5GP8Y5E7P2H3
Q7J19V63681JG842IXE5
S70907IH2X12EQ3S6G94
8F4D9PV3XP478S7K41W6
7Y4530RS0SO28K86R7D9
1456SEB30M41J59N3IZ1
X5A67D9S020NT277Z69Z
V563TX8I72G5P73G3990
901BC4X91O202GJ26YQZ
893NV418329WVRH667DW
SB8714DU215YPS7851W8
F594Z35QH4538G7I4O5I
1KXB4647P6377ZC9AIR5
5122S4Y492EC4LFAJ98W
W808R46WN6D37Z10Y2KX
8958A3IS5GI8ZZ5XP2E2
7F1Z2UKRU9MLY1926W12
402828Q7GTK64S52SFTV
99YVQ0S0L6228O98K00Y
01AN9982VG6Q61KUOI66
23FJ12MV3FCLR79X1V66
UI5W830AG7J96MW467UF
6GV23AT94XD766B75817
723Z6854GJ1XC20E96Q4
8010L2D38GNEM07XU11S
0D2871L6HM68M7M5W2C5
NJ6E9Y8W5M3O111T1842
OU80EQ77936LA5KT915R
87S4242I03D3Z9R52V14
85826F130FQ1Z6KE8A0L
G6H2R8S331VPYP4700Y1
5A3NL7468S2220G7J3I2
0UH7254Q4O326W1Y0NGD
9DI4H3LG0534LP5U03A1
92A0FE578I8SWYG75LK9
89RBP685M034V0FL1B2K
RSZ61X6H5N2I954FC129
2TLK3449Y8P2P3212G3X
O9R411P97T90HW04LLG8
9331CPF8W56CJI970P37
0DFF90QP8694WOF0207Z
V6336766A4276AWD3N1B
3M4J9G40W54KJ9K41N45
DAPM2355T9YR19IO4341
52P44ATC21BIP0B4K330
OQTH0832045Q09B7K132
51BU9995X69Z497LM11F
89X4AL30056C2J8J9OB7
PP9V2YHO9U281O71603P
1O164NWX4P7037C413CR
QJY38V38328A00V9M65S
H537P8K51445S5UDV2J1
F77VMMJ3F3218A853231
YOB31R765H4X3W49U663
6540P7H60N8S34TOGA39
94Q7Z4TJ0W23872YEBN9
7G07JK7YJ8JC7C58E514
2904S1X17OH09071LT4T
R18I05AL07EFLUR3O807
F766FQ350TSP3J7A2I74
0C57E194N203LAOV93JW
3398Q0Y0T6HM3S0U1082
97N10U5IXA381JB8N59V
P611LA802YZ0876C51R3
26E75YJ90460A6G3L6P2
ENI0526E855IV0T0XNK6
KC6216953Z276W0NW94M
VE66453USGR8I2TT1466
ZA27OK2390N0L04MJ1S7
09G2F4Q8040FFV143D10
SPE116T0M0Y9425W29MA
2HS35LJ9XO5I3017D527
531QGWFC1456N8LH43B3
6U9O0H1922KFULA5G37B
VW4476I13VSD1WD7D371
8V1929G71C4G7XRRO6N6
G39X2V19VA1RU133MQX4
5I1R8F369A6QL6486W2S
I936P186K33442P0XSJ3
UC1B42JK7GC7T78PX757
2526Z5N50S6AI6W60HI5
3S03K0GZ08PC3N449854
KF43B4P09750623MOX0Q
06JT2N1898501JPKW0I0
306870Y0XZYVP74704AV
L716VU6T7VN5SQB50970
828UQGAMML6Z951C53F9
L91OX5NV917397LBR529
17Q0Q436M33216W3579Y
E40EQ42969O563GQ936X
3B7X9T33Y79B2668EX1U
B084H42LXUAJ3J9RM231
D7262FL12C6B7813Z0I2
JE646J69U751QEIW204X
T4YM2F02338LG9HKS801
8TUA0X298M130A20CR99
39LL902YG7H67586Z5JV
W7850L1W344A15LKQ6BE
AN77I08T58AF591RU088
Y0A4E978452Q1B98E32P
77929946F5GWPO646FW8
C3PQ64JTX6E0267F6G8I
T4M45D9N5WO472Q04K6J
A7294RS594H958PN51D1
XLA17459148G7K45U27Y
60OMBPL366VK83U99409
068ZD0205730KJ0XKKB3
99T33N554721E6YD42L3
92T53EVDR5RY34049M09
QBS6HT1W91QS848593R9
51801473EXX0OUS22RZ3
E2216WLK87C08K5MZ971
K2KP4343W4R6LNW939IO
J9LX5HD0X46L929MR887
5W04K571H9OEE3A2644L
24E7B0M68T4V5BG98Z3Q
5O8E69065SC1SS4882BZ
96AU96T5145X93P3V0QY
M4W2W269M1J80S5J48AZ
MY98G6JC4991SS509641
7ZQW8H7K360HOUC99B62
JY36F16AZ3XS44ZE8860
3F56FEU996IMY08467OM
C62A46MO2P36C5H956TJ
8B77772M7JGZ2M0499L1
E88N05R97RV41ZB98K67
D5SH7548Z9154VJBC3W7
3M6OU4P8440O31N02C0Y
A221TG49X9U14AR0MF96
5959C8VR4QC8G84S03TN
K2678W1G5D73RPV8W72S
7QT3560UWIUY2P57M156
44U20QM95R0KQR6NB97D
5STR69OA60NT3H905561
E51204Q7M51RUC23EJ87
FN8N422SG5A14Q435T5T
O97371ZWZNK57545188R
71I8346Z62C2SZ1LIU06
S3299R7HOQ73G3J4QS96
0W8L2D61CT6T5VEV6375
B0T92725698QQ70LI32C
3D1W9ZY97P084XTV0958
0SH44M3T0412I741FUS8
J59QD279577068DFJN1Q
07Z830N0I9RYHCS84079
V0O107O17G933754JW30
P2E8H79F945TGV9160F6
W01W7GDHL323912ZF80C
Q8QI34O2K15248AM5K25
0047GI26214TW7846D4N
5PJ512OM55659D7I3IB0
64D33D924X3L8505AIR3
23JO165D6265455J89NF
IRI1WC5017Q201H974S4
499515S6W07BGQ63D1SJ
A813776UXEUJ3X53NO6D
PTKE02W64671L55103XM
8B493UK57M826F45ND9O
94K5T7101332B5QDYGL7
543T1Z934NXZ4K5VTC4J
V175GHM07D33WCX983Z4
7I02W519H19848AP16C9
027Q34C5J63XB48VNZ08
V4H1HZ0U609117Q3YM45
ZR0199QLKI4XN387DV13
X97AS579KY35N5DQR01A
4D65O1473Y40SB6BGMS0
9704EK91U9686R2J98JI
S1SO82X8SR769GU18110
BKR1099836ZA92U37MQ2
2VQ34918759THIBQU8P3
10X51DBS98746H7504G3
7JXL2I67M373HOZN8A21
44284023TOBR7T9TX4OC
N8XPB3P75138559V5HLK
D1MTS2I4274Y982S3CC8
I882K20893G164BJ4H1W
891Z3Z4F4L19KJ6P19L2
509C3C49ZQ5QS539J43D
3N244P53OSP9687GI826
Z46751TEWDMB8S3B2P19
N93PLH4V197B1144J0D6
S7309107B442JLQRH6M4
P336CEJ278OA08E15EC2
29JE87P39OP5CB91I069
G5289CBM432Y7E10753C
Q4F9138LP9P406CO15QF
1YM3592T53497TSIA4G5
S791924J0CHKL9S43P00
N794F9D6A5259BBC9X31
055L0F31971W7256DEDA
OYNX9GB6W58VL0441952
6B1Z388594I922KJ7S4P
0UK79GOLA5J24S09L53W
7DQ6G2P466U24G5IPU77
3FEI4W6982ZNH3MZ0232
Q9557DDL2AMO3P2R652W
7K3J0F6Q17YIJLA214O6
59GRCIS18Q293290W8F9
9M533OQ8A12AV414IE8V
V7736L727B08AHW17B12
2R064TYB801E55N872BU
18QAW20KI54L039Y95Q6
132A377CI944CVXXI232
XT068F03U5DE05UI3786
3H16U0764G1M9A9GOCBI
636M3L307R4QH0JU0G93
R72DB94V5CSDV0O41835
2P6C80VUSV721L426551
Y12J4O0D2HZ711AT7547
3J0U3H81F58BO263514C
P782C0H16YG0KO278F04
TG5W61N1303W0J1ZH41Z
94M96J5D854W6L54326G
R5WY33WTP589K7HC62J9
1091S6ZR09HDVR5J716B
4M91IL488NIAK1203531
I77513K6R3MSL7F455X9
341861EP5OG565L54D39
QA997K246C677E3B86M1
4L27SPH99TN227181VN1
V60G18ZD58128WYGJ3EJ
9E945298JKKN2UQLQ626
0I793Z04E2APF1A523BM
8LNM2Q86D574799TBH31
XLFL340248A21795VYZ4
2TM53Q40117QX27W4NIW
9681J91LFBZ5FNNZ75Y9
N81983S9974B9VO8HT26
CD9T5966T61N6DL364IF
08GIFK0RC15C318P85G1
M78P2C35X6Y7KR57KL51
2SOE529UZ9Q04NB5619A
6VL580H1MP69E7S1G9V7
81PMMW07O485Y8O828H6
3034652DTLRX47A1U0B3
0DI50RXG91108980DW1S
80F13404P97FT85UVHX8
12491J2YZV73N3T67FFS
W3U72SR37D534Y2864NH
NY5I869B884L80TJN7K7
BX5NEA284S79A19SO970
MI2LL747Q1UU334L12E2
2D83J291892H2WFO2FYD
N46Z8B3569T92JV5HF8L
G69RF71Q74P73LK739TJ
328J25I563OQ3A68WJ39
62R5K6E27762WWB37GZU
VG698XL8B8137802QM4K
26279QA6TH2Z86P06Y5T
EB745Z990452TUI7P06V
V588QZR7E570PU72248J
52UN0P4Z1QR6QC529A4G
Q59489RY4E2D16KMN7L9
P1482V1526M37VDC5EH7
E62D0687PI8PJS1225GK
0AS83B1V6038OZ352VR5
380Q87ZCP7KX6552SQ25
6OT10P1O0WE009478H9O
0UE1780903D66H4VQ8JJ
N0E7K1879BM5FE768R5O
75PR8H69PNOXAR38G698
G6N24439V508O501K058
4F4693K1308BX7079S96
YY9HR20J19F974F42F51
0Q8C6TX0119S5WC2910E
0369LN22QN8366A3FRB5
NH11K842908M9S1C3I7E
UX85V209037H2USB228J
5PYBRO2T3E934PZ15536
157R96V71S16K1210GK7
092D98XUUZB0YX41Q52Q
EY5S787N99P1PG8Q0876
206A8CH0311Z38E9SL0F
76282C8KF589YC0C60JN
E0526Z2SN49F67XN188X
BL4202PR77VT1V81RA97
T8745DA639UC1A2BJF93
G984NGW7R954P699FUT0
4D6V594EB5O77TSZ23W0
04W5JU81C067YF3E4B40
72781T88DT86N8XI2UCG
3U36444689WT6T107V50
128D5H41007M7ZCLW57F
17T36OS5L5Z6P854V18U
5HGKAQCJ2K9757L18777
DK322X8R9AF9K6R7797V
BC40834K42968QD0D02U
47M84O7Q41LZ073LMR94
98KTF242154L9X72BG0K
6U9E12869JHKF1P77F15
66A9PC5G81F34X61HH42
LRO528WS8OD557W3S4U5
6Q67422PA0O35W382BSH
34I662012IK6FEG4W4W3
14559762PXI86H68HPAS
FHD7V9T1H2SO81322065
K44872661UI2K2ES5SDP
S4W039OQO421530S7DFE
6HP044LB4FBIM4V79591
11B16W48ST7940W963U7
X2A97FBN3929JG296HG6
S9303V5H954I16OS5X76
7559370QPNQ9U8K0L5Q8
2X89JDBT7242OG5J3WX6
49F7L04J8PZ1NL54KZ98
5W61E3TS2O05D46H95M5
0C41KT9I3PI3XMU4131F
J4332E8UF1M9L3Y8G270
BAT35Q8F9124N9E4A546
W50A86SQEEU273Z7O6V7
66DP1470QIU74RYU865K
8MPFZ104702Z6W9G2866
0EX4GQL3950681ZT64EA
XW32J529873NN7930P0E
65H6DF274661K1NMHR2L
W310T46P6U2W782R4BAU
3811ZL0S0UIET1672IB4
Y23BC6G57005GL5BC430
0124R9A6X1C3MH8H69ZW
SX262B0MF45I99BPWN74
7T5T7T1749WV94XQW701
H5Z4572VI46RD7YV6VO1
5B361670RQXF39N8RH13
P78I87LF3917F69G95Z4
3V63Y75I8H73Q7T8R78N
JN76T49849BT3U4L1Q46
70N941WB06MM5B2MS62R
U14D74W9X67VR78RR09Q
3K9KU86683S7Z0JAOY63
V803CA7888N78ILR25W2
0PRONPN47045Y3K69C0J
5HI0467454SIOQA0126O
9Y5HZQ2Q508XKF85V3T5
V83H58B2R8NANZS83214
24B3TJE02377VOQ0D0F0
85Q37IZ376TCS1IEFH62
2S9JP9410HN80913X86C
4579A29E3H07DY55332Q
2424X6L4G5D73Z9TC2P9
20K73M316343L40OTFQZ
0V7BI2T2C8YV1QR566I0
1R5PT49A0N163CK5794G
7I5J68OKPUX065I56SD3
X84427MS6T4Z26Y4K63J
2N8K66RG6040W9DLL1RE
7F2X4QIP674CKO4V4637
78VI0TUS01192JYX9376
6T93A34E7775LZ0X702P
7234K795292U8M8SEE79
N7532668N30E8NIN5PLW
J83M356VR2A133D16PTH
5NP97451W52ZB46K6Z7T
7WJ83K9KR2106CZ2966L
302DA33M8C589KY8LRZ7
Y4K24E13RE04KU5X7C50
LU92J021362UQ8R5E6ZY
39V71B12732FQR8UH6I0
1T150068U9OXQ90C0IO5
3YY5O882W05Q39026DCH
I3L6Q8K78V8HT6M06773
IA6697ONP62950364E7E
RBJL0RE982X3556N3165
W44557T66P8TY61U72F5
QT19M708ZJQM0048X18K
6TY2182RNV424CV20ZF7
210I31S5LCPQ93A356U4
B2I3C7S08ME1949SVF96
7731Q9W05QEUH1TO26O1
A418S7L1Q35KX825U97Y
O8V0083P48U4RSL061IW
5C450N9KG2G24P22C71O
XZ3F1E0RR688621X64UR
82T47AIC2IK7N20501FB
JF228644L858F08SA2CP
U017E5616205G5122MPO
F3Q8LZ44G2M27PF38WG2
7Q43I134NQX1763C1Q0Y
6O883QM5N234733VA12J
7UR2S53S6LR0B2182U4W
HN04D4K97324Z4W402N1
U5Z0E394S573WMF23CF0
WI3Q8KQ48076D1P70974
F707T6JNM290F6F0989D
2F4NZE292RG7D3MY007C
ON2QJU44I382YM7R6155
2U2157G031KUM23I6MC9
153E8W85HT2V2QR4YD9O
ESI6HNC2505899661Q87
6O37Q4OOS1P4573Z844F
1UJ16J7M5CFX16508H15
9893OR3N35LD10IQO63I
PY51M0240052RAD450ZP
O40N1QN562E73B6S75I0
12PXJG4DT40RP02984R3
86EE2A1I79P2125TT95I
8851C2V9SH35QY63Z1N3
F84C414P5BE64875K746
07810E56ZE7524F5D47Z
12Z8B3WUM0O793W4GUG2
DU5F1J6E441A1660JB9R
J8NC125D98WAJ81I0167
LGY1492511W0Y60643YH
AOE2330Q932QDLO55816
28V9KNB1K72N41106PM8
7R02E287KG9W366BZM03
56D212S0M672VDGWW9K8
VM0GK7616B3E1FI19118
5I140H03FJ46C8EB4G11
74FVN576103R834MVZ6U
O70H0345T3E1CNW5H296
S1R0Z8N43IB65356760C
C2Q0M87K41D3G1738R3H
U37J7JIA28J250NPTT52
EA61ZIAT310HD59QX341
H2X65096502V6A0BI6IH
BR9782683I06YSCHM5F0
K69W6217497D9FH2B378
7L5U4W536HX9GY383842
NKG2S0C472425Z6KYQ73
3V3T1Z63H201PB2E88ZR
JCG9R22063KW4V9M1K13
7DR394A0JN4D3B4FG990
SIB0EW1F2M9816362HFJ
5V253M05W7HW694VET76
WBO6AA870YR1V5277221
O764A23CH5655W96YJR0
O1FZ17FE1507738CK076
55SYCZ69J25Q21I484Y0
473P993N3ND0T770Q47R
0W5M64WERD8R276BZ31R
A71CPMF2X128WHJ4L868
H4H8CV80QDY930090WLM
E852V20X9UM20E637TD3
4S43OWN3KN966R37B03X
S0R5ZO7IS463O640305U
4RXN129B8Z39D3R62J1B
WB3883M6WM41Z3F07FOC
I56F80G8M890738R7TO0
44V6S7348O58H9XWGLT4
0355L9S9R380Z8O6HIF5
S2190N0JA31B0012KG6G
4T73SSV8743P052W8R4A
4B4EL3U3U1K1658P11M1
86X9T5QL050VMOB7X5U8
73D74W331FB148IM78AV
KY5W5S52665E045Q8RAO
N59373J4ZA3J40K5VC7J
436ZPBE5QG5940059S69
96Z510S84O1ZA6TSS07G
34D8UZ240N20783DDO52
XU1M95J04348OP55IL90
IAOXR276868QO1ZZ698L
V913JE24Y5U8SV0WAT66
M63PI5WSG07O3697T339
EO2Z9A70F4WP881209DA
A2C2W3J799OK395PA274
DA53H4222B32X0GHD6P9
0NA54BO8207H4I311X56
8HXC2K207Q8536T6KA8U
23U593LLIEU73G50935T
0K04S4F1B29950UU0N0I
ZO83A9JG98Q714Q682S6
D2N77H29A6P0S2K97B9A
1K407962Z46C6CG6HU7D
6J1W37F29CM44B3W61GV
Z424I8Y1V6R8CJBZH070
FO451DXR4J21P8JB9592
I6IMF24027043MQS4K36
KTD8A246200VCA9976GM
GWV75C27T99878CSR801
326MJHLK85RO4T33934I
5HI7KM71H6IG876MVV87
X28CL8608LEJ9ON5M561
43RW42716OYZ0SHT2VV3
1P7BO43L011KS0BV4570
806F740N09D6IMU15AZ7
3E92Q2VPG4TLX19633JW
1H516W1T117RDD68F2D9
6O4008Z70OUG565A774S
2SZ294F370AMS2P79U56
KYN62419YDQ190676J6I
5E2EN5LR2810078T8A19
D3810430D2ENFG697ZM2
5C34R4B21O4U32A0E159
78ZKRTQS8W33R67128J5
X9XR3984TNH1511WD295
3163JZ5Y68TC3G3N0W19
91O75DEW9T7Y678I06SN
0Z90D219891QI00G3UOH
K7710705G163TVX2D5WG
51D438PPM0EH74R39V29
2X240GKN8R6DT734R46U
542NPU73LDX99947SJ29
071DM46F1VZP9323E20Y
01SOH0C7Z746LOV8861N
MF1E6V1665F67BQWAF29
94BDU0F0P5S2U067B1N1
0A4W0D8S4TJ12971PLU0
68J4XB30449QN99I1S31
25GJK5326Y92274NBNC5
L7P30898Y81KW8E77D14
30G44IO158M612I86O7X
07P3J0WQ45B77832OBW0
36BR28HI1AAJ0K05H865
19345Q724K6W7FD7MM92
3S50V6TE0M9OZ552133M
90TG34128812O6N9CGK0
N49451EQ0S66M23YQ753
D6964I8RCDLYB98482AT
4H6FZ2732XW939S258JK
X561P5C2J7RT17964228
834B8OPY0DOP342V7ZE0
8M1F8V70PPQU06P42172
NF9G6S7188922T1X5F81
9L93J6293NW84ZBQP8S0
US2KZO23729OD34GB896
A3222JSJEQ7E3167Z71H
G30L6K83QS44NIO90DX8
2S48B23J4OQJ018OAS34
I0620U69OJOT74016DF3
0A1538J31S1BH8J8EGA5
3C44934ATK5112X5Q9RM
E56I55603NO0J12309OM
59HQQ1T65461B6W04BGY
W882510UB0MN072O6T30
0U5E4L2G7I92DS24EP2B
86G5XI9535M3IT3B19IT
32C39R0T08L22ONT5940
1E1P526L9RCSV54QH38P
6Y485719832F2136DKSF
K46TGK6H6S4NI17H1328
48M4L5OF01PW11V3XL86
UDY6783V7FKYQ9776TU2
XVKP2274W0981PG7O219
731T72749346VFL6V8W0
58501K26W59K7L62L8D5
C0IU77SL132B2769W25U
905F8RA9FY0441K72QF4
738U6TSP3G6F2VS6N130
0HIA42M0II5O5085F1D3
094Y8108ZVJPJJ279U8O
6UU57LY4Z5586XT7C3V0
30M7GC26IWNO85D77IH7
5734WLVTG0D322K021W2
XR37NF50Z0A4V70BN648
Z304381E1LL6H19G4M6Z
907M8678607K45ILY7AH
6WJZR64TC6VN2543B220
3961S3M8UR6301P745DA
044HKLIQ74429J2D4H20
KY163774754VP96O00GZ
P7EM6425H89G4XW2C0MN
11EACM17491I1AMJQ357
17PJ9H2LP712733XSR15
23U672YTF99R348Q4C65
E13L6T18ALW91U6562C0
V219737MO78BQR24BMO3
6F4YP281L992HOSUL367
338QV2J0JV7QZ6OJ2196
247B724G344VM2URKIN4
1P2UZ745HZ48PGEA6517
20C085FC83697M98G600
8A05D316B0NERX1K3KV1
0UHF0F162417VJ91304Z
Y180J0M06W6C2E859Q5C
0RA67L0SQL74J5ML80B7
LB3477308ROLYQ5W3601
0R8198SQN75V39TIH2Q2
6MSW3H5X23UN843198CH
Q8887O069343OYNLCR5X
87C18308196K2U3VU8AB
S0J7561783J1QEE918B0
8JU15U4OS4N169PP7BK1
CD15N04936L9AG8QE8KL
FN90J974CSVZ900B2FZ2
1344U735LFQD1W150JAE
QV6U48J4G2C9E5E11P21
S02KC5E2W4407YB8N557
2373GT5772Y6ZTD4I5P7
3900T94I0Z5RVU932AAW
976K0CP11C3D27NZS12S
4G0K9C8186NP595GT7BG
CC7R714O28E38G018E6B
27P4439A35KX16D18QU1
J7A7S6V6L3SY25SI2A51
34UK6RTI9B329H8X6R5O
5016694I1U4LPS0EPI80
433394ET03O44TC0EEDM
89M70IP3V7Y3JUZD9946
2481G62GJ8852ZR76GBK
46C89B6WI2U9M16H4T2E
894O0296C67G2FP2XCBY
H097W6H8AB291XMP2B41
9ZILC251A5X1ZDE70N58
L8HAA66U80787MU58QJC
QB9R66UE5514K1030KV3
PXQJ52047DHO02046Z79
WX8N1IW7J4WS416D8476
57O83HH4L6WH53K0YP92
88593923Y5WS922I3DG5
Z33Z5YBF2QYKZ6H36870
3M8KAG6R6G340471N5PA
MO08S55P26I98N620IU9
91M240QH282250LMX41Q
MG13728I3C8GP030SE8D
